<?xml version="1.0" encoding="UTF-8"?>
<coverage generated="1757713944143" clover="3.2.0">
  <project timestamp="1757713944143" name="All files">
    <metrics statements="358" coveredstatements="199" conditionals="146" coveredconditionals="112" methods="75" coveredmethods="46" elements="579" coveredelements="357" complexity="0" loc="358" ncloc="358" packages="3" files="8" classes="8"/>
    <package name="src">
      <metrics statements="6" coveredstatements="6" conditionals="0" coveredconditionals="0" methods="0" coveredmethods="0"/>
      <file name="index.ts" path="/Users/dami/Documents/licensing-verification-platform/circuits/src/index.ts">
        <metrics statements="6" coveredstatements="6" conditionals="0" coveredconditionals="0" methods="0" coveredmethods="0"/>
        <line num="17" count="1" type="stmt"/>
        <line num="18" count="1" type="stmt"/>
        <line num="21" count="1" type="stmt"/>
        <line num="24" count="1" type="stmt"/>
        <line num="27" count="1" type="stmt"/>
        <line num="30" count="1" type="stmt"/>
      </file>
    </package>
    <package name="src.__tests__.utils">
      <metrics statements="135" coveredstatements="0" conditionals="12" coveredconditionals="0" methods="29" coveredmethods="0"/>
      <file name="circuit-test-utils.ts" path="/Users/dami/Documents/licensing-verification-platform/circuits/src/__tests__/utils/circuit-test-utils.ts">
        <metrics statements="121" coveredstatements="0" conditionals="12" coveredconditionals="0" methods="25" coveredmethods="0"/>
        <line num="6" count="0" type="stmt"/>
        <line num="7" count="0" type="stmt"/>
        <line num="31" count="0" type="stmt"/>
        <line num="36" count="0" type="stmt"/>
        <line num="37" count="0" type="stmt"/>
        <line num="39" count="0" type="stmt"/>
        <line num="45" count="0" type="stmt"/>
        <line num="46" count="0" type="stmt"/>
        <line num="47" count="0" type="stmt"/>
        <line num="49" count="0" type="stmt"/>
        <line num="54" count="0" type="stmt"/>
        <line num="55" count="0" type="stmt"/>
        <line num="59" count="0" type="stmt"/>
        <line num="69" count="0" type="stmt"/>
        <line num="71" count="0" type="stmt"/>
        <line num="76" count="0" type="stmt"/>
        <line num="78" count="0" type="stmt"/>
        <line num="81" count="0" type="stmt"/>
        <line num="85" count="0" type="stmt"/>
        <line num="92" count="0" type="stmt"/>
        <line num="93" count="0" type="stmt"/>
        <line num="95" count="0" type="stmt"/>
        <line num="97" count="0" type="stmt"/>
        <line num="98" count="0" type="stmt"/>
        <line num="99" count="0" type="stmt"/>
        <line num="101" count="0" type="stmt"/>
        <line num="106" count="0" type="stmt"/>
        <line num="107" count="0" type="stmt"/>
        <line num="111" count="0" type="stmt"/>
        <line num="122" count="0" type="stmt"/>
        <line num="123" count="0" type="stmt"/>
        <line num="125" count="0" type="stmt"/>
        <line num="127" count="0" type="stmt"/>
        <line num="128" count="0" type="stmt"/>
        <line num="129" count="0" type="stmt"/>
        <line num="131" count="0" type="stmt"/>
        <line num="136" count="0" type="stmt"/>
        <line num="141" count="0" type="stmt"/>
        <line num="146" count="0" type="stmt"/>
        <line num="156" count="0" type="stmt"/>
        <line num="157" count="0" type="stmt"/>
        <line num="159" count="0" type="stmt"/>
        <line num="161" count="0" type="stmt"/>
        <line num="162" count="0" type="stmt"/>
        <line num="163" count="0" type="stmt"/>
        <line num="164" count="0" type="stmt"/>
        <line num="168" count="0" type="stmt"/>
        <line num="174" count="0" type="stmt"/>
        <line num="175" count="0" type="stmt"/>
        <line num="177" count="0" type="stmt"/>
        <line num="185" count="0" type="stmt"/>
        <line num="190" count="0" type="stmt"/>
        <line num="195" count="0" type="stmt"/>
        <line num="197" count="0" type="stmt"/>
        <line num="198" count="0" type="stmt"/>
        <line num="200" count="0" type="stmt"/>
        <line num="204" count="0" type="stmt"/>
        <line num="213" count="0" type="stmt"/>
        <line num="231" count="0" type="stmt"/>
        <line num="233" count="0" type="stmt"/>
        <line num="235" count="0" type="stmt"/>
        <line num="239" count="0" type="stmt"/>
        <line num="241" count="0" type="stmt"/>
        <line num="242" count="0" type="stmt"/>
        <line num="243" count="0" type="stmt"/>
        <line num="245" count="0" type="stmt"/>
        <line num="246" count="0" type="stmt"/>
        <line num="247" count="0" type="stmt"/>
        <line num="249" count="0" type="stmt"/>
        <line num="264" count="0" type="stmt"/>
        <line num="266" count="0" type="stmt"/>
        <line num="277" count="0" type="stmt"/>
        <line num="279" count="0" type="stmt"/>
        <line num="296" count="0" type="stmt"/>
        <line num="298" count="0" type="stmt"/>
        <line num="299" count="0" type="stmt"/>
        <line num="301" count="0" type="cond" truecount="0" falsecount="4"/>
        <line num="303" count="0" type="stmt"/>
        <line num="304" count="0" type="stmt"/>
        <line num="306" count="0" type="stmt"/>
        <line num="307" count="0" type="stmt"/>
        <line num="309" count="0" type="stmt"/>
        <line num="310" count="0" type="stmt"/>
        <line num="312" count="0" type="stmt"/>
        <line num="313" count="0" type="stmt"/>
        <line num="316" count="0" type="stmt"/>
        <line num="317" count="0" type="stmt"/>
        <line num="320" count="0" type="stmt"/>
        <line num="323" count="0" type="stmt"/>
        <line num="324" count="0" type="stmt"/>
        <line num="338" count="0" type="stmt"/>
        <line num="339" count="0" type="stmt"/>
        <line num="340" count="0" type="stmt"/>
        <line num="342" count="0" type="stmt"/>
        <line num="350" count="0" type="stmt"/>
        <line num="370" count="0" type="stmt"/>
        <line num="377" count="0" type="stmt"/>
        <line num="378" count="0" type="stmt"/>
        <line num="379" count="0" type="stmt"/>
        <line num="380" count="0" type="stmt"/>
        <line num="381" count="0" type="stmt"/>
        <line num="383" count="0" type="stmt"/>
        <line num="384" count="0" type="stmt"/>
        <line num="385" count="0" type="stmt"/>
        <line num="386" count="0" type="stmt"/>
        <line num="387" count="0" type="stmt"/>
        <line num="389" count="0" type="stmt"/>
        <line num="390" count="0" type="stmt"/>
        <line num="392" count="0" type="stmt"/>
        <line num="393" count="0" type="stmt"/>
        <line num="397" count="0" type="stmt"/>
        <line num="398" count="0" type="stmt"/>
        <line num="400" count="0" type="stmt"/>
        <line num="401" count="0" type="stmt"/>
        <line num="405" count="0" type="stmt"/>
        <line num="406" count="0" type="stmt"/>
        <line num="407" count="0" type="stmt"/>
        <line num="410" count="0" type="stmt"/>
        <line num="412" count="0" type="cond" truecount="0" falsecount="2"/>
        <line num="413" count="0" type="stmt"/>
        <line num="417" count="0" type="stmt"/>
      </file>
      <file name="mock-data.ts" path="/Users/dami/Documents/licensing-verification-platform/circuits/src/__tests__/utils/mock-data.ts">
        <metrics statements="14" coveredstatements="0" conditionals="0" coveredconditionals="0" methods="4" coveredmethods="0"/>
        <line num="6" count="0" type="stmt"/>
        <line num="208" count="0" type="stmt"/>
        <line num="221" count="0" type="stmt"/>
        <line num="235" count="0" type="stmt"/>
        <line num="248" count="0" type="stmt"/>
        <line num="256" count="0" type="stmt"/>
        <line num="280" count="0" type="stmt"/>
        <line num="319" count="0" type="stmt"/>
        <line num="327" count="0" type="stmt"/>
        <line num="565" count="0" type="stmt"/>
        <line num="568" count="0" type="stmt"/>
        <line num="576" count="0" type="stmt"/>
        <line num="584" count="0" type="stmt"/>
        <line num="592" count="0" type="stmt"/>
      </file>
    </package>
    <package name="src.lib">
      <metrics statements="217" coveredstatements="193" conditionals="134" coveredconditionals="112" methods="46" coveredmethods="46"/>
      <file name="circuit-utils.ts" path="/Users/dami/Documents/licensing-verification-platform/circuits/src/lib/circuit-utils.ts">
        <metrics statements="51" coveredstatements="51" conditionals="7" coveredconditionals="7" methods="5" coveredmethods="5"/>
        <line num="6" count="2" type="stmt"/>
        <line num="7" count="2" type="stmt"/>
        <line num="8" count="2" type="stmt"/>
        <line num="9" count="2" type="stmt"/>
        <line num="27" count="2" type="stmt"/>
        <line num="30" count="8" type="stmt"/>
        <line num="31" count="8" type="stmt"/>
        <line num="33" count="8" type="stmt"/>
        <line num="36" count="8" type="cond" truecount="2" falsecount="0"/>
        <line num="37" count="6" type="stmt"/>
        <line num="38" count="5" type="stmt"/>
        <line num="41" count="6" type="stmt"/>
        <line num="43" count="6" type="stmt"/>
        <line num="44" count="6" type="stmt"/>
        <line num="46" count="6" type="stmt"/>
        <line num="48" count="5" type="stmt"/>
        <line num="49" count="5" type="stmt"/>
        <line num="51" count="5" type="stmt"/>
        <line num="58" count="5" type="stmt"/>
        <line num="59" count="5" type="stmt"/>
        <line num="64" count="5" type="stmt"/>
        <line num="66" count="1" type="stmt"/>
        <line num="67" count="1" type="stmt"/>
        <line num="69" count="1" type="stmt"/>
        <line num="70" count="1" type="stmt"/>
        <line num="75" count="1" type="stmt"/>
        <line num="82" count="2" type="stmt"/>
        <line num="83" count="1" type="stmt"/>
        <line num="93" count="2" type="stmt"/>
        <line num="94" count="6" type="stmt"/>
        <line num="96" count="6" type="stmt"/>
        <line num="97" count="6" type="stmt"/>
        <line num="98" count="6" type="stmt"/>
        <line num="100" count="6" type="stmt"/>
        <line num="101" count="6" type="stmt"/>
        <line num="102" count="6" type="stmt"/>
        <line num="104" count="6" type="cond" truecount="3" falsecount="0"/>
        <line num="106" count="6" type="stmt"/>
        <line num="114" count="6" type="stmt"/>
        <line num="120" count="2" type="stmt"/>
        <line num="121" count="3" type="stmt"/>
        <line num="123" count="3" type="stmt"/>
        <line num="131" count="3" type="stmt"/>
        <line num="133" count="3" type="stmt"/>
        <line num="134" count="15" type="cond" truecount="2" falsecount="0"/>
        <line num="135" count="10" type="stmt"/>
        <line num="136" count="10" type="stmt"/>
        <line num="137" count="5" type="stmt"/>
        <line num="138" count="5" type="stmt"/>
        <line num="140" count="5" type="stmt"/>
        <line num="145" count="3" type="stmt"/>
      </file>
      <file name="logger.ts" path="/Users/dami/Documents/licensing-verification-platform/circuits/src/lib/logger.ts">
        <metrics statements="38" coveredstatements="37" conditionals="18" coveredconditionals="14" methods="26" coveredmethods="26"/>
        <line num="6" count="12" type="stmt"/>
        <line num="15" count="12" type="stmt"/>
        <line num="70" count="12" type="stmt"/>
        <line num="79" count="234" type="cond" truecount="3" falsecount="1"/>
        <line num="80" count="234" type="stmt"/>
        <line num="83" count="234" type="stmt"/>
        <line num="84" count="219" type="cond" truecount="2" falsecount="0"/>
        <line num="90" count="2" type="stmt"/>
        <line num="94" count="234" type="stmt"/>
        <line num="96" count="0" type="stmt"/>
        <line num="103" count="12" type="stmt"/>
        <line num="110" count="12" type="stmt"/>
        <line num="111" count="150" type="stmt"/>
        <line num="121" count="12" type="stmt"/>
        <line num="125" count="148" type="stmt"/>
        <line num="132" count="194" type="stmt"/>
        <line num="139" count="4" type="stmt"/>
        <line num="146" count="4" type="stmt"/>
        <line num="153" count="3" type="stmt"/>
        <line num="161" count="3" type="stmt"/>
        <line num="170" count="3" type="stmt"/>
        <line num="179" count="1" type="stmt"/>
        <line num="189" count="3" type="stmt"/>
        <line num="196" count="3" type="stmt"/>
        <line num="204" count="1" type="stmt"/>
        <line num="214" count="2" type="stmt"/>
        <line num="225" count="2" type="stmt"/>
        <line num="234" count="1" type="stmt"/>
        <line num="244" count="1" type="stmt"/>
        <line num="255" count="2" type="stmt"/>
        <line num="264" count="1" type="stmt"/>
        <line num="274" count="1" type="stmt"/>
        <line num="281" count="1" type="stmt"/>
        <line num="289" count="1" type="stmt"/>
        <line num="300" count="3" type="stmt"/>
        <line num="308" count="4" type="stmt"/>
        <line num="319" count="4" type="stmt"/>
        <line num="330" count="12" type="stmt"/>
      </file>
      <file name="networks.ts" path="/Users/dami/Documents/licensing-verification-platform/circuits/src/lib/networks.ts">
        <metrics statements="9" coveredstatements="9" conditionals="22" coveredconditionals="22" methods="2" coveredmethods="2"/>
        <line num="16" count="4" type="stmt"/>
        <line num="75" count="4" type="stmt"/>
        <line num="79" count="32" type="stmt"/>
        <line num="80" count="32" type="cond" truecount="2" falsecount="0"/>
        <line num="84" count="14" type="stmt"/>
        <line num="88" count="18" type="stmt"/>
        <line num="91" count="4" type="stmt"/>
        <line num="92" count="15" type="stmt"/>
        <line num="93" count="15" type="cond" truecount="2" falsecount="0"/>
      </file>
      <file name="proof-utils.ts" path="/Users/dami/Documents/licensing-verification-platform/circuits/src/lib/proof-utils.ts">
        <metrics statements="23" coveredstatements="23" conditionals="12" coveredconditionals="10" methods="5" coveredmethods="5"/>
        <line num="6" count="2" type="stmt"/>
        <line num="7" count="2" type="stmt"/>
        <line num="48" count="2" type="stmt"/>
        <line num="49" count="21" type="stmt"/>
        <line num="63" count="19" type="stmt"/>
        <line num="68" count="19" type="stmt"/>
        <line num="70" count="19" type="stmt"/>
        <line num="71" count="18" type="cond" truecount="2" falsecount="0"/>
        <line num="72" count="1" type="stmt"/>
        <line num="82" count="17" type="stmt"/>
        <line num="85" count="17" type="stmt"/>
        <line num="88" count="16" type="stmt"/>
        <line num="90" count="15" type="stmt"/>
        <line num="97" count="15" type="stmt"/>
        <line num="102" count="15" type="stmt"/>
        <line num="104" count="3" type="stmt"/>
        <line num="108" count="3" type="stmt"/>
        <line num="124" count="19" type="stmt"/>
        <line num="146" count="17" type="stmt"/>
        <line num="174" count="20" type="cond" truecount="2" falsecount="0"/>
        <line num="180" count="4" type="stmt"/>
        <line num="182" count="16" type="stmt"/>
        <line num="187" count="2" type="stmt"/>
      </file>
      <file name="verification-utils.ts" path="/Users/dami/Documents/licensing-verification-platform/circuits/src/lib/verification-utils.ts">
        <metrics statements="96" coveredstatements="73" conditionals="75" coveredconditionals="59" methods="8" coveredmethods="8"/>
        <line num="6" count="2" type="stmt"/>
        <line num="27" count="2" type="stmt"/>
        <line num="31" count="29" type="stmt"/>
        <line num="33" count="29" type="stmt"/>
        <line num="35" count="29" type="stmt"/>
        <line num="38" count="29" type="cond" truecount="2" falsecount="0"/>
        <line num="39" count="29" type="cond" truecount="2" falsecount="0"/>
        <line num="40" count="29" type="cond" truecount="2" falsecount="0"/>
        <line num="41" count="29" type="cond" truecount="2" falsecount="0"/>
        <line num="42" count="1" type="stmt"/>
        <line num="43" count="29" type="cond" truecount="2" falsecount="0"/>
        <line num="44" count="29" type="cond" truecount="1" falsecount="1"/>
        <line num="45" count="29" type="cond" truecount="2" falsecount="0"/>
        <line num="46" count="29" type="cond" truecount="1" falsecount="1"/>
        <line num="49" count="29" type="cond" truecount="4" falsecount="0"/>
        <line num="50" count="9" type="stmt"/>
        <line num="52" count="29" type="cond" truecount="3" falsecount="1"/>
        <line num="53" count="0" type="stmt"/>
        <line num="55" count="29" type="cond" truecount="4" falsecount="0"/>
        <line num="56" count="4" type="stmt"/>
        <line num="60" count="29" type="cond" truecount="4" falsecount="0"/>
        <line num="61" count="5" type="stmt"/>
        <line num="65" count="29" type="cond" truecount="2" falsecount="0"/>
        <line num="69" count="8" type="stmt"/>
        <line num="72" count="29" type="stmt"/>
        <line num="74" count="29" type="stmt"/>
        <line num="76" count="29" type="cond" truecount="2" falsecount="0"/>
        <line num="77" count="17" type="stmt"/>
        <line num="84" count="29" type="stmt"/>
        <line num="95" count="86" type="stmt"/>
        <line num="96" count="86" type="cond" truecount="2" falsecount="0"/>
        <line num="97" count="11" type="stmt"/>
        <line num="101" count="75" type="stmt"/>
        <line num="102" count="75" type="stmt"/>
        <line num="103" count="75" type="stmt"/>
        <line num="104" count="75" type="stmt"/>
        <line num="107" count="75" type="cond" truecount="4" falsecount="1"/>
        <line num="108" count="0" type="stmt"/>
        <line num="112" count="75" type="cond" truecount="4" falsecount="0"/>
        <line num="113" count="1" type="stmt"/>
        <line num="117" count="74" type="cond" truecount="3" falsecount="1"/>
        <line num="118" count="0" type="stmt"/>
        <line num="122" count="74" type="stmt"/>
        <line num="125" count="74" type="stmt"/>
        <line num="136" count="29" type="stmt"/>
        <line num="137" count="29" type="stmt"/>
        <line num="138" count="29" type="stmt"/>
        <line num="145" count="28" type="stmt"/>
        <line num="152" count="28" type="stmt"/>
        <line num="156" count="2" type="stmt"/>
        <line num="161" count="2" type="stmt"/>
        <line num="165" count="18" type="stmt"/>
        <line num="167" count="16" type="stmt"/>
        <line num="169" count="16" type="cond" truecount="1" falsecount="1"/>
        <line num="170" count="0" type="stmt"/>
        <line num="175" count="16" type="stmt"/>
        <line num="176" count="16" type="cond" truecount="2" falsecount="0"/>
        <line num="180" count="16" type="stmt"/>
        <line num="186" count="16" type="stmt"/>
        <line num="187" count="16" type="stmt"/>
        <line num="191" count="15" type="stmt"/>
        <line num="196" count="15" type="stmt"/>
        <line num="198" count="1" type="stmt"/>
        <line num="202" count="1" type="stmt"/>
        <line num="209" count="2" type="stmt"/>
        <line num="213" count="11" type="stmt"/>
        <line num="215" count="6" type="stmt"/>
        <line num="217" count="6" type="cond" truecount="1" falsecount="1"/>
        <line num="218" count="0" type="stmt"/>
        <line num="220" count="6" type="cond" truecount="3" falsecount="1"/>
        <line num="221" count="0" type="stmt"/>
        <line num="224" count="6" type="stmt"/>
        <line num="231" count="6" type="stmt"/>
        <line num="233" count="6" type="stmt"/>
        <line num="240" count="6" type="stmt"/>
        <line num="242" count="0" type="stmt"/>
        <line num="246" count="0" type="stmt"/>
        <line num="253" count="2" type="stmt"/>
        <line num="254" count="2" type="stmt"/>
        <line num="257" count="0" type="cond" truecount="0" falsecount="2"/>
        <line num="258" count="0" type="stmt"/>
        <line num="261" count="0" type="stmt"/>
        <line num="262" count="0" type="stmt"/>
        <line num="264" count="0" type="stmt"/>
        <line num="270" count="0" type="stmt"/>
        <line num="276" count="2" type="stmt"/>
        <line num="277" count="2" type="stmt"/>
        <line num="280" count="0" type="cond" truecount="0" falsecount="2"/>
        <line num="281" count="0" type="stmt"/>
        <line num="286" count="0" type="cond" truecount="0" falsecount="2"/>
        <line num="287" count="0" type="stmt"/>
        <line num="288" count="0" type="cond" truecount="0" falsecount="2"/>
        <line num="289" count="0" type="stmt"/>
        <line num="291" count="0" type="stmt"/>
        <line num="294" count="0" type="stmt"/>
        <line num="301" count="0" type="stmt"/>
      </file>
    </package>
  </project>
</coverage>
