<?xml version="1.0" encoding="UTF-8"?>
<coverage generated="1757696086322" clover="3.2.0">
  <project timestamp="1757696086322" name="All files">
    <metrics statements="329" coveredstatements="152" conditionals="114" coveredconditionals="22" methods="75" coveredmethods="41" elements="518" coveredelements="215" complexity="0" loc="329" ncloc="329" packages="3" files="8" classes="8"/>
    <package name="src">
      <metrics statements="4" coveredstatements="0" conditionals="0" coveredconditionals="0" methods="0" coveredmethods="0"/>
      <file name="index.ts" path="/Users/dami/Documents/licensing-verification-platform/circuits/src/index.ts">
        <metrics statements="4" coveredstatements="0" conditionals="0" coveredconditionals="0" methods="0" coveredmethods="0"/>
        <line num="17" count="0" type="stmt"/>
        <line num="18" count="0" type="stmt"/>
        <line num="21" count="0" type="stmt"/>
        <line num="24" count="0" type="stmt"/>
      </file>
    </package>
    <package name="src.__tests__.utils">
      <metrics statements="135" coveredstatements="123" conditionals="12" coveredconditionals="8" methods="29" coveredmethods="24"/>
      <file name="circuit-test-utils.ts" path="/Users/dami/Documents/licensing-verification-platform/circuits/src/__tests__/utils/circuit-test-utils.ts">
        <metrics statements="121" coveredstatements="109" conditionals="12" coveredconditionals="8" methods="25" coveredmethods="20"/>
        <line num="6" count="1" type="stmt"/>
        <line num="7" count="1" type="stmt"/>
        <line num="31" count="1" type="stmt"/>
        <line num="36" count="11" type="stmt"/>
        <line num="37" count="11" type="stmt"/>
        <line num="39" count="11" type="stmt"/>
        <line num="45" count="11" type="stmt"/>
        <line num="46" count="11" type="stmt"/>
        <line num="47" count="11" type="stmt"/>
        <line num="49" count="11" type="stmt"/>
        <line num="54" count="11" type="stmt"/>
        <line num="55" count="11" type="stmt"/>
        <line num="59" count="11" type="stmt"/>
        <line num="69" count="465" type="stmt"/>
        <line num="71" count="465" type="stmt"/>
        <line num="76" count="465" type="stmt"/>
        <line num="78" count="465" type="stmt"/>
        <line num="81" count="7905" type="stmt"/>
        <line num="85" count="465" type="stmt"/>
        <line num="92" count="469" type="stmt"/>
        <line num="93" count="469" type="stmt"/>
        <line num="95" count="469" type="stmt"/>
        <line num="97" count="469" type="stmt"/>
        <line num="98" count="469" type="stmt"/>
        <line num="99" count="469" type="stmt"/>
        <line num="101" count="469" type="stmt"/>
        <line num="106" count="469" type="stmt"/>
        <line num="107" count="469" type="stmt"/>
        <line num="111" count="469" type="stmt"/>
        <line num="122" count="468" type="stmt"/>
        <line num="123" count="468" type="stmt"/>
        <line num="125" count="468" type="stmt"/>
        <line num="127" count="468" type="stmt"/>
        <line num="128" count="468" type="stmt"/>
        <line num="129" count="468" type="stmt"/>
        <line num="131" count="468" type="stmt"/>
        <line num="136" count="468" type="stmt"/>
        <line num="137" count="468" type="stmt"/>
        <line num="142" count="468" type="stmt"/>
        <line num="152" count="457" type="stmt"/>
        <line num="153" count="457" type="stmt"/>
        <line num="155" count="457" type="stmt"/>
        <line num="157" count="457" type="stmt"/>
        <line num="158" count="457" type="stmt"/>
        <line num="159" count="457" type="stmt"/>
        <line num="160" count="457" type="stmt"/>
        <line num="164" count="457" type="stmt"/>
        <line num="170" count="457" type="stmt"/>
        <line num="171" count="457" type="stmt"/>
        <line num="173" count="457" type="stmt"/>
        <line num="181" count="457" type="stmt"/>
        <line num="186" count="457" type="stmt"/>
        <line num="191" count="457" type="stmt"/>
        <line num="193" count="0" type="stmt"/>
        <line num="194" count="0" type="stmt"/>
        <line num="196" count="0" type="stmt"/>
        <line num="197" count="0" type="stmt"/>
        <line num="202" count="0" type="stmt"/>
        <line num="220" count="2" type="stmt"/>
        <line num="222" count="2" type="stmt"/>
        <line num="224" count="10" type="stmt"/>
        <line num="228" count="2" type="stmt"/>
        <line num="230" count="2" type="stmt"/>
        <line num="231" count="10" type="stmt"/>
        <line num="232" count="10" type="stmt"/>
        <line num="234" count="2" type="stmt"/>
        <line num="235" count="10" type="stmt"/>
        <line num="236" count="0" type="stmt"/>
        <line num="238" count="2" type="stmt"/>
        <line num="253" count="0" type="stmt"/>
        <line num="255" count="0" type="stmt"/>
        <line num="266" count="0" type="stmt"/>
        <line num="268" count="0" type="stmt"/>
        <line num="285" count="4" type="stmt"/>
        <line num="287" count="4" type="stmt"/>
        <line num="288" count="40" type="stmt"/>
        <line num="290" count="40" type="cond" truecount="4" falsecount="0"/>
        <line num="292" count="10" type="stmt"/>
        <line num="293" count="10" type="stmt"/>
        <line num="295" count="10" type="stmt"/>
        <line num="296" count="10" type="stmt"/>
        <line num="298" count="10" type="stmt"/>
        <line num="299" count="10" type="stmt"/>
        <line num="301" count="10" type="stmt"/>
        <line num="302" count="10" type="stmt"/>
        <line num="305" count="40" type="stmt"/>
        <line num="306" count="40" type="stmt"/>
        <line num="309" count="4" type="stmt"/>
        <line num="312" count="40" type="stmt"/>
        <line num="313" count="40" type="stmt"/>
        <line num="327" count="2" type="stmt"/>
        <line num="328" count="2" type="stmt"/>
        <line num="329" count="2" type="stmt"/>
        <line num="331" count="2" type="stmt"/>
        <line num="339" count="2" type="stmt"/>
        <line num="359" count="3" type="stmt"/>
        <line num="366" count="3" type="stmt"/>
        <line num="367" count="3" type="stmt"/>
        <line num="368" count="3" type="stmt"/>
        <line num="369" count="3" type="stmt"/>
        <line num="370" count="3" type="stmt"/>
        <line num="372" count="3" type="stmt"/>
        <line num="373" count="435" type="stmt"/>
        <line num="374" count="435" type="stmt"/>
        <line num="375" count="435" type="stmt"/>
        <line num="376" count="435" type="stmt"/>
        <line num="378" count="435" type="stmt"/>
        <line num="379" count="435" type="stmt"/>
        <line num="381" count="0" type="stmt"/>
        <line num="382" count="0" type="stmt"/>
        <line num="386" count="3" type="stmt"/>
        <line num="387" count="53" type="stmt"/>
        <line num="389" count="435" type="stmt"/>
        <line num="390" count="53" type="stmt"/>
        <line num="394" count="3" type="stmt"/>
        <line num="395" count="53" type="stmt"/>
        <line num="396" count="53" type="stmt"/>
        <line num="399" count="3" type="stmt"/>
        <line num="401" count="3" type="cond" truecount="1" falsecount="1"/>
        <line num="402" count="435" type="stmt"/>
        <line num="406" count="3" type="stmt"/>
      </file>
      <file name="mock-data.ts" path="/Users/dami/Documents/licensing-verification-platform/circuits/src/__tests__/utils/mock-data.ts">
        <metrics statements="14" coveredstatements="14" conditionals="0" coveredconditionals="0" methods="4" coveredmethods="4"/>
        <line num="6" count="1" type="stmt"/>
        <line num="208" count="1" type="stmt"/>
        <line num="221" count="1" type="stmt"/>
        <line num="235" count="1" type="stmt"/>
        <line num="248" count="1" type="stmt"/>
        <line num="256" count="1" type="stmt"/>
        <line num="280" count="1" type="stmt"/>
        <line num="319" count="1" type="stmt"/>
        <line num="327" count="1" type="stmt"/>
        <line num="565" count="1" type="stmt"/>
        <line num="568" count="10" type="stmt"/>
        <line num="576" count="100" type="stmt"/>
        <line num="584" count="1000" type="stmt"/>
        <line num="592" count="10000" type="stmt"/>
      </file>
    </package>
    <package name="src.lib">
      <metrics statements="190" coveredstatements="29" conditionals="102" coveredconditionals="14" methods="46" coveredmethods="17"/>
      <file name="circuit-utils.ts" path="/Users/dami/Documents/licensing-verification-platform/circuits/src/lib/circuit-utils.ts">
        <metrics statements="51" coveredstatements="0" conditionals="7" coveredconditionals="0" methods="5" coveredmethods="0"/>
        <line num="6" count="0" type="stmt"/>
        <line num="7" count="0" type="stmt"/>
        <line num="8" count="0" type="stmt"/>
        <line num="9" count="0" type="stmt"/>
        <line num="27" count="0" type="stmt"/>
        <line num="30" count="0" type="stmt"/>
        <line num="31" count="0" type="stmt"/>
        <line num="33" count="0" type="stmt"/>
        <line num="36" count="0" type="cond" truecount="0" falsecount="2"/>
        <line num="37" count="0" type="stmt"/>
        <line num="38" count="0" type="stmt"/>
        <line num="41" count="0" type="stmt"/>
        <line num="43" count="0" type="stmt"/>
        <line num="44" count="0" type="stmt"/>
        <line num="46" count="0" type="stmt"/>
        <line num="48" count="0" type="stmt"/>
        <line num="49" count="0" type="stmt"/>
        <line num="51" count="0" type="stmt"/>
        <line num="58" count="0" type="stmt"/>
        <line num="59" count="0" type="stmt"/>
        <line num="64" count="0" type="stmt"/>
        <line num="66" count="0" type="stmt"/>
        <line num="67" count="0" type="stmt"/>
        <line num="69" count="0" type="stmt"/>
        <line num="70" count="0" type="stmt"/>
        <line num="75" count="0" type="stmt"/>
        <line num="82" count="0" type="stmt"/>
        <line num="83" count="0" type="stmt"/>
        <line num="93" count="0" type="stmt"/>
        <line num="94" count="0" type="stmt"/>
        <line num="96" count="0" type="stmt"/>
        <line num="97" count="0" type="stmt"/>
        <line num="98" count="0" type="stmt"/>
        <line num="100" count="0" type="stmt"/>
        <line num="101" count="0" type="stmt"/>
        <line num="102" count="0" type="stmt"/>
        <line num="104" count="0" type="cond" truecount="0" falsecount="3"/>
        <line num="106" count="0" type="stmt"/>
        <line num="114" count="0" type="stmt"/>
        <line num="120" count="0" type="stmt"/>
        <line num="121" count="0" type="stmt"/>
        <line num="123" count="0" type="stmt"/>
        <line num="131" count="0" type="stmt"/>
        <line num="133" count="0" type="stmt"/>
        <line num="134" count="0" type="cond" truecount="0" falsecount="2"/>
        <line num="135" count="0" type="stmt"/>
        <line num="136" count="0" type="stmt"/>
        <line num="137" count="0" type="stmt"/>
        <line num="138" count="0" type="stmt"/>
        <line num="140" count="0" type="stmt"/>
        <line num="145" count="0" type="stmt"/>
      </file>
      <file name="logger.ts" path="/Users/dami/Documents/licensing-verification-platform/circuits/src/lib/logger.ts">
        <metrics statements="39" coveredstatements="29" conditionals="18" coveredconditionals="14" methods="26" coveredmethods="17"/>
        <line num="6" count="8" type="stmt"/>
        <line num="15" count="8" type="stmt"/>
        <line num="70" count="8" type="stmt"/>
        <line num="79" count="4344" type="cond" truecount="3" falsecount="1"/>
        <line num="80" count="4344" type="stmt"/>
        <line num="83" count="4344" type="stmt"/>
        <line num="84" count="14678" type="cond" truecount="2" falsecount="0"/>
        <line num="90" count="471" type="stmt"/>
        <line num="94" count="4344" type="stmt"/>
        <line num="96" count="0" type="stmt"/>
        <line num="103" count="8" type="stmt"/>
        <line num="110" count="8" type="stmt"/>
        <line num="111" count="1975" type="stmt"/>
        <line num="121" count="8" type="stmt"/>
        <line num="125" count="1975" type="stmt"/>
        <line num="132" count="115" type="stmt"/>
        <line num="139" count="930" type="stmt"/>
        <line num="146" count="0" type="stmt"/>
        <line num="153" count="0" type="stmt"/>
        <line num="161" count="13" type="stmt"/>
        <line num="170" count="13" type="stmt"/>
        <line num="179" count="0" type="stmt"/>
        <line num="189" count="471" type="stmt"/>
        <line num="196" count="471" type="stmt"/>
        <line num="204" count="0" type="stmt"/>
        <line num="214" count="469" type="stmt"/>
        <line num="225" count="469" type="stmt"/>
        <line num="234" count="0" type="stmt"/>
        <line num="244" count="457" type="stmt"/>
        <line num="255" count="457" type="stmt"/>
        <line num="264" count="0" type="stmt"/>
        <line num="274" count="0" type="stmt"/>
        <line num="281" count="0" type="stmt"/>
        <line num="289" count="0" type="stmt"/>
        <line num="300" count="1406" type="stmt"/>
        <line num="308" count="2" type="stmt"/>
        <line num="319" count="2" type="stmt"/>
        <line num="330" count="8" type="stmt"/>
        <line num="335" count="8" type="stmt"/>
      </file>
      <file name="networks.ts" path="/Users/dami/Documents/licensing-verification-platform/circuits/src/lib/networks.ts">
        <metrics statements="9" coveredstatements="0" conditionals="22" coveredconditionals="0" methods="2" coveredmethods="0"/>
        <line num="16" count="0" type="stmt"/>
        <line num="75" count="0" type="stmt"/>
        <line num="79" count="0" type="stmt"/>
        <line num="80" count="0" type="cond" truecount="0" falsecount="2"/>
        <line num="84" count="0" type="stmt"/>
        <line num="88" count="0" type="stmt"/>
        <line num="91" count="0" type="stmt"/>
        <line num="92" count="0" type="stmt"/>
        <line num="93" count="0" type="cond" truecount="0" falsecount="2"/>
      </file>
      <file name="proof-utils.ts" path="/Users/dami/Documents/licensing-verification-platform/circuits/src/lib/proof-utils.ts">
        <metrics statements="21" coveredstatements="0" conditionals="10" coveredconditionals="0" methods="5" coveredmethods="0"/>
        <line num="6" count="0" type="stmt"/>
        <line num="7" count="0" type="stmt"/>
        <line num="48" count="0" type="stmt"/>
        <line num="49" count="0" type="stmt"/>
        <line num="63" count="0" type="stmt"/>
        <line num="68" count="0" type="stmt"/>
        <line num="70" count="0" type="stmt"/>
        <line num="71" count="0" type="cond" truecount="0" falsecount="2"/>
        <line num="72" count="0" type="stmt"/>
        <line num="82" count="0" type="stmt"/>
        <line num="85" count="0" type="stmt"/>
        <line num="88" count="0" type="stmt"/>
        <line num="90" count="0" type="stmt"/>
        <line num="97" count="0" type="stmt"/>
        <line num="102" count="0" type="stmt"/>
        <line num="104" count="0" type="stmt"/>
        <line num="108" count="0" type="stmt"/>
        <line num="124" count="0" type="stmt"/>
        <line num="146" count="0" type="stmt"/>
        <line num="174" count="0" type="stmt"/>
        <line num="184" count="0" type="stmt"/>
      </file>
      <file name="verification-utils.ts" path="/Users/dami/Documents/licensing-verification-platform/circuits/src/lib/verification-utils.ts">
        <metrics statements="70" coveredstatements="0" conditionals="45" coveredconditionals="0" methods="8" coveredmethods="0"/>
        <line num="6" count="0" type="stmt"/>
        <line num="34" count="0" type="stmt"/>
        <line num="38" count="0" type="stmt"/>
        <line num="40" count="0" type="stmt"/>
        <line num="42" count="0" type="stmt"/>
        <line num="45" count="0" type="cond" truecount="0" falsecount="2"/>
        <line num="46" count="0" type="cond" truecount="0" falsecount="2"/>
        <line num="47" count="0" type="cond" truecount="0" falsecount="2"/>
        <line num="48" count="0" type="cond" truecount="0" falsecount="2"/>
        <line num="49" count="0" type="stmt"/>
        <line num="50" count="0" type="cond" truecount="0" falsecount="2"/>
        <line num="51" count="0" type="cond" truecount="0" falsecount="2"/>
        <line num="52" count="0" type="cond" truecount="0" falsecount="2"/>
        <line num="53" count="0" type="cond" truecount="0" falsecount="2"/>
        <line num="56" count="0" type="cond" truecount="0" falsecount="4"/>
        <line num="57" count="0" type="stmt"/>
        <line num="59" count="0" type="cond" truecount="0" falsecount="4"/>
        <line num="60" count="0" type="stmt"/>
        <line num="62" count="0" type="cond" truecount="0" falsecount="4"/>
        <line num="63" count="0" type="stmt"/>
        <line num="67" count="0" type="cond" truecount="0" falsecount="4"/>
        <line num="68" count="0" type="stmt"/>
        <line num="72" count="0" type="cond" truecount="0" falsecount="2"/>
        <line num="76" count="0" type="stmt"/>
        <line num="79" count="0" type="stmt"/>
        <line num="81" count="0" type="stmt"/>
        <line num="83" count="0" type="cond" truecount="0" falsecount="2"/>
        <line num="84" count="0" type="stmt"/>
        <line num="91" count="0" type="stmt"/>
        <line num="101" count="0" type="stmt"/>
        <line num="102" count="0" type="cond" truecount="0" falsecount="2"/>
        <line num="109" count="0" type="stmt"/>
        <line num="110" count="0" type="stmt"/>
        <line num="111" count="0" type="stmt"/>
        <line num="118" count="0" type="stmt"/>
        <line num="125" count="0" type="stmt"/>
        <line num="131" count="0" type="stmt"/>
        <line num="135" count="0" type="stmt"/>
        <line num="137" count="0" type="stmt"/>
        <line num="138" count="0" type="stmt"/>
        <line num="145" count="0" type="stmt"/>
        <line num="146" count="0" type="stmt"/>
        <line num="150" count="0" type="stmt"/>
        <line num="155" count="0" type="stmt"/>
        <line num="157" count="0" type="stmt"/>
        <line num="161" count="0" type="stmt"/>
        <line num="168" count="0" type="stmt"/>
        <line num="172" count="0" type="stmt"/>
        <line num="174" count="0" type="stmt"/>
        <line num="175" count="0" type="stmt"/>
        <line num="182" count="0" type="stmt"/>
        <line num="184" count="0" type="stmt"/>
        <line num="191" count="0" type="stmt"/>
        <line num="193" count="0" type="stmt"/>
        <line num="197" count="0" type="stmt"/>
        <line num="204" count="0" type="stmt"/>
        <line num="205" count="0" type="stmt"/>
        <line num="207" count="0" type="stmt"/>
        <line num="208" count="0" type="stmt"/>
        <line num="210" count="0" type="stmt"/>
        <line num="216" count="0" type="stmt"/>
        <line num="222" count="0" type="stmt"/>
        <line num="223" count="0" type="stmt"/>
        <line num="227" count="0" type="cond" truecount="0" falsecount="2"/>
        <line num="228" count="0" type="stmt"/>
        <line num="229" count="0" type="cond" truecount="0" falsecount="2"/>
        <line num="230" count="0" type="stmt"/>
        <line num="232" count="0" type="stmt"/>
        <line num="235" count="0" type="stmt"/>
        <line num="242" count="0" type="stmt"/>
      </file>
    </package>
  </project>
</coverage>
