{"/Users/dami/Documents/licensing-verification-platform/circuits/src/index.ts": {"path":"/Users/dami/Documents/licensing-verification-platform/circuits/src/index.ts","statementMap":{"0":{"start":{"line":17,"column":0},"end":{"line":17,"column":36}},"1":{"start":{"line":18,"column":0},"end":{"line":18,"column":34}},"2":{"start":{"line":21,"column":0},"end":{"line":21,"column":29}},"3":{"start":{"line":24,"column":0},"end":{"line":24,"column":28}}},"fnMap":{},"branchMap":{},"s":{"0":0,"1":0,"2":0,"3":0},"f":{},"b":{}}
,"/Users/dami/Documents/licensing-verification-platform/circuits/src/__tests__/utils/circuit-test-utils.ts": {"path":"/Users/dami/Documents/licensing-verification-platform/circuits/src/__tests__/utils/circuit-test-utils.ts","statementMap":{"0":{"start":{"line":6,"column":0},"end":{"line":6,"column":53}},"1":{"start":{"line":7,"column":0},"end":{"line":7,"column":57}},"2":{"start":{"line":36,"column":19},"end":{"line":36,"column":64}},"3":{"start":{"line":37,"column":22},"end":{"line":37,"column":39}},"4":{"start":{"line":39,"column":4},"end":{"line":43,"column":7}},"5":{"start":{"line":45,"column":19},"end":{"line":45,"column":48}},"6":{"start":{"line":46,"column":20},"end":{"line":46,"column":37}},"7":{"start":{"line":47,"column":28},"end":{"line":47,"column":47}},"8":{"start":{"line":49,"column":30},"end":{"line":52,"column":6}},"9":{"start":{"line":54,"column":4},"end":{"line":54,"column":50}},"10":{"start":{"line":55,"column":4},"end":{"line":57,"column":7}},"11":{"start":{"line":59,"column":4},"end":{"line":59,"column":29}},"12":{"start":{"line":69,"column":19},"end":{"line":69,"column":63}},"13":{"start":{"line":71,"column":4},"end":{"line":74,"column":7}},"14":{"start":{"line":76,"column":20},"end":{"line":76,"column":68}},"15":{"start":{"line":78,"column":4},"end":{"line":83,"column":7}},"16":{"start":{"line":81,"column":17},"end":{"line":81,"column":41}},"17":{"start":{"line":85,"column":4},"end":{"line":85,"column":19}},"18":{"start":{"line":92,"column":19},"end":{"line":92,"column":61}},"19":{"start":{"line":93,"column":22},"end":{"line":93,"column":39}},"20":{"start":{"line":95,"column":4},"end":{"line":95,"column":46}},"21":{"start":{"line":97,"column":18},"end":{"line":97,"column":53}},"22":{"start":{"line":98,"column":20},"end":{"line":98,"column":37}},"23":{"start":{"line":99,"column":27},"end":{"line":99,"column":46}},"24":{"start":{"line":101,"column":24},"end":{"line":104,"column":6}},"25":{"start":{"line":106,"column":4},"end":{"line":106,"column":65}},"26":{"start":{"line":107,"column":4},"end":{"line":109,"column":7}},"27":{"start":{"line":111,"column":4},"end":{"line":111,"column":23}},"28":{"start":{"line":122,"column":19},"end":{"line":122,"column":63}},"29":{"start":{"line":123,"column":22},"end":{"line":123,"column":39}},"30":{"start":{"line":125,"column":4},"end":{"line":125,"column":48}},"31":{"start":{"line":127,"column":20},"end":{"line":127,"column":63}},"32":{"start":{"line":128,"column":20},"end":{"line":128,"column":37}},"33":{"start":{"line":129,"column":29},"end":{"line":129,"column":48}},"34":{"start":{"line":131,"column":31},"end":{"line":134,"column":6}},"35":{"start":{"line":136,"column":4},"end":{"line":136,"column":78}},"36":{"start":{"line":137,"column":4},"end":{"line":140,"column":7}},"37":{"start":{"line":142,"column":4},"end":{"line":142,"column":30}},"38":{"start":{"line":152,"column":19},"end":{"line":152,"column":68}},"39":{"start":{"line":153,"column":22},"end":{"line":153,"column":39}},"40":{"start":{"line":155,"column":4},"end":{"line":155,"column":62}},"41":{"start":{"line":157,"column":4},"end":{"line":210,"column":5}},"42":{"start":{"line":158,"column":22},"end":{"line":158,"column":65}},"43":{"start":{"line":159,"column":20},"end":{"line":159,"column":53}},"44":{"start":{"line":160,"column":28},"end":{"line":162,"column":null}},"45":{"start":{"line":164,"column":33},"end":{"line":167,"column":null}},"46":{"start":{"line":170,"column":22},"end":{"line":170,"column":39}},"47":{"start":{"line":171,"column":23},"end":{"line":171,"column":42}},"48":{"start":{"line":173,"column":21},"end":{"line":179,"column":8}},"49":{"start":{"line":181,"column":6},"end":{"line":185,"column":8}},"50":{"start":{"line":186,"column":6},"end":{"line":189,"column":9}},"51":{"start":{"line":191,"column":6},"end":{"line":191,"column":20}},"52":{"start":{"line":193,"column":22},"end":{"line":193,"column":39}},"53":{"start":{"line":194,"column":23},"end":{"line":194,"column":42}},"54":{"start":{"line":196,"column":6},"end":{"line":196,"column":80}},"55":{"start":{"line":197,"column":6},"end":{"line":200,"column":9}},"56":{"start":{"line":202,"column":6},"end":{"line":209,"column":8}},"57":{"start":{"line":220,"column":22},"end":{"line":220,"column":39}},"58":{"start":{"line":222,"column":20},"end":{"line":225,"column":null}},"59":{"start":{"line":224,"column":8},"end":{"line":224,"column":52}},"60":{"start":{"line":228,"column":20},"end":{"line":228,"column":37}},"61":{"start":{"line":230,"column":30},"end":{"line":232,"column":73}},"62":{"start":{"line":231,"column":21},"end":{"line":231,"column":45}},"63":{"start":{"line":232,"column":19},"end":{"line":232,"column":72}},"64":{"start":{"line":234,"column":26},"end":{"line":236,"column":54}},"65":{"start":{"line":235,"column":21},"end":{"line":235,"column":44}},"66":{"start":{"line":236,"column":19},"end":{"line":236,"column":53}},"67":{"start":{"line":238,"column":4},"end":{"line":243,"column":6}},"68":{"start":{"line":253,"column":4},"end":{"line":259,"column":10}},"69":{"start":{"line":255,"column":26},"end":{"line":259,"column":8}},"70":{"start":{"line":266,"column":4},"end":{"line":268,"column":70}},"71":{"start":{"line":268,"column":25},"end":{"line":268,"column":68}},"72":{"start":{"line":285,"column":28},"end":{"line":285,"column":30}},"73":{"start":{"line":287,"column":4},"end":{"line":307,"column":5}},"74":{"start":{"line":287,"column":17},"end":{"line":287,"column":18}},"75":{"start":{"line":288,"column":24},"end":{"line":288,"column":41}},"76":{"start":{"line":290,"column":6},"end":{"line":303,"column":7}},"77":{"start":{"line":292,"column":10},"end":{"line":292,"column":38}},"78":{"start":{"line":293,"column":10},"end":{"line":293,"column":16}},"79":{"start":{"line":295,"column":10},"end":{"line":295,"column":55}},"80":{"start":{"line":296,"column":10},"end":{"line":296,"column":16}},"81":{"start":{"line":298,"column":10},"end":{"line":298,"column":54}},"82":{"start":{"line":299,"column":10},"end":{"line":299,"column":16}},"83":{"start":{"line":301,"column":10},"end":{"line":301,"column":71}},"84":{"start":{"line":302,"column":10},"end":{"line":302,"column":16}},"85":{"start":{"line":305,"column":22},"end":{"line":305,"column":39}},"86":{"start":{"line":306,"column":6},"end":{"line":306,"column":38}},"87":{"start":{"line":309,"column":4},"end":{"line":316,"column":6}},"88":{"start":{"line":312,"column":45},"end":{"line":312,"column":55}},"89":{"start":{"line":313,"column":47},"end":{"line":313,"column":57}},"90":{"start":{"line":327,"column":26},"end":{"line":327,"column":47}},"91":{"start":{"line":328,"column":19},"end":{"line":328,"column":30}},"92":{"start":{"line":329,"column":24},"end":{"line":329,"column":45}},"93":{"start":{"line":331,"column":24},"end":{"line":337,"column":6}},"94":{"start":{"line":339,"column":4},"end":{"line":343,"column":6}},"95":{"start":{"line":359,"column":23},"end":{"line":364,"column":6}},"96":{"start":{"line":366,"column":19},"end":{"line":366,"column":35}},"97":{"start":{"line":367,"column":22},"end":{"line":367,"column":39}},"98":{"start":{"line":368,"column":30},"end":{"line":368,"column":31}},"99":{"start":{"line":369,"column":17},"end":{"line":369,"column":18}},"100":{"start":{"line":370,"column":37},"end":{"line":370,"column":39}},"101":{"start":{"line":372,"column":25},"end":{"line":384,"column":5}},"102":{"start":{"line":373,"column":6},"end":{"line":383,"column":7}},"103":{"start":{"line":374,"column":28},"end":{"line":374,"column":45}},"104":{"start":{"line":375,"column":8},"end":{"line":375,"column":69}},"105":{"start":{"line":376,"column":26},"end":{"line":376,"column":43}},"106":{"start":{"line":378,"column":8},"end":{"line":378,"column":53}},"107":{"start":{"line":379,"column":8},"end":{"line":379,"column":30}},"108":{"start":{"line":381,"column":8},"end":{"line":381,"column":66}},"109":{"start":{"line":382,"column":8},"end":{"line":382,"column":17}},"110":{"start":{"line":386,"column":36},"end":{"line":391,"column":5}},"111":{"start":{"line":387,"column":23},"end":{"line":389,"column":34}},"112":{"start":{"line":389,"column":19},"end":{"line":389,"column":33}},"113":{"start":{"line":390,"column":6},"end":{"line":390,"column":41}},"114":{"start":{"line":394,"column":4},"end":{"line":397,"column":5}},"115":{"start":{"line":395,"column":6},"end":{"line":395,"column":38}},"116":{"start":{"line":396,"column":6},"end":{"line":396,"column":72}},"117":{"start":{"line":396,"column":37},"end":{"line":396,"column":70}},"118":{"start":{"line":399,"column":26},"end":{"line":399,"column":55}},"119":{"start":{"line":401,"column":6},"end":{"line":404,"column":11}},"120":{"start":{"line":402,"column":47},"end":{"line":402,"column":57}},"121":{"start":{"line":406,"column":4},"end":{"line":412,"column":6}},"122":{"start":{"line":31,"column":0},"end":{"line":31,"column":13}}},"fnMap":{"0":{"name":"(anonymous_0)","decl":{"start":{"line":35,"column":2},"end":{"line":35,"column":8}},"loc":{"start":{"line":35,"column":29},"end":{"line":60,"column":3}}},"1":{"name":"(anonymous_1)","decl":{"start":{"line":65,"column":2},"end":{"line":65,"column":8}},"loc":{"start":{"line":67,"column":48},"end":{"line":86,"column":3}}},"2":{"name":"(anonymous_2)","decl":{"start":{"line":81,"column":8},"end":{"line":81,"column":9}},"loc":{"start":{"line":81,"column":17},"end":{"line":81,"column":41}}},"3":{"name":"(anonymous_3)","decl":{"start":{"line":91,"column":2},"end":{"line":91,"column":8}},"loc":{"start":{"line":91,"column":50},"end":{"line":112,"column":3}}},"4":{"name":"(anonymous_4)","decl":{"start":{"line":117,"column":2},"end":{"line":117,"column":8}},"loc":{"start":{"line":120,"column":37},"end":{"line":143,"column":3}}},"5":{"name":"(anonymous_5)","decl":{"start":{"line":148,"column":2},"end":{"line":148,"column":8}},"loc":{"start":{"line":150,"column":48},"end":{"line":211,"column":3}}},"6":{"name":"(anonymous_6)","decl":{"start":{"line":216,"column":2},"end":{"line":216,"column":8}},"loc":{"start":{"line":218,"column":48},"end":{"line":244,"column":3}}},"7":{"name":"(anonymous_7)","decl":{"start":{"line":223,"column":22},"end":{"line":223,"column":23}},"loc":{"start":{"line":224,"column":8},"end":{"line":224,"column":52}}},"8":{"name":"(anonymous_8)","decl":{"start":{"line":231,"column":14},"end":{"line":231,"column":15}},"loc":{"start":{"line":231,"column":21},"end":{"line":231,"column":45}}},"9":{"name":"(anonymous_9)","decl":{"start":{"line":232,"column":11},"end":{"line":232,"column":12}},"loc":{"start":{"line":232,"column":19},"end":{"line":232,"column":72}}},"10":{"name":"(anonymous_10)","decl":{"start":{"line":235,"column":14},"end":{"line":235,"column":15}},"loc":{"start":{"line":235,"column":21},"end":{"line":235,"column":44}}},"11":{"name":"(anonymous_11)","decl":{"start":{"line":236,"column":11},"end":{"line":236,"column":12}},"loc":{"start":{"line":236,"column":19},"end":{"line":236,"column":53}}},"12":{"name":"(anonymous_12)","decl":{"start":{"line":249,"column":2},"end":{"line":249,"column":8}},"loc":{"start":{"line":251,"column":74},"end":{"line":260,"column":3}}},"13":{"name":"(anonymous_13)","decl":{"start":{"line":255,"column":11},"end":{"line":255,"column":12}},"loc":{"start":{"line":255,"column":26},"end":{"line":259,"column":8}}},"14":{"name":"(anonymous_14)","decl":{"start":{"line":265,"column":2},"end":{"line":265,"column":8}},"loc":{"start":{"line":265,"column":45},"end":{"line":269,"column":3}}},"15":{"name":"(anonymous_15)","decl":{"start":{"line":268,"column":11},"end":{"line":268,"column":12}},"loc":{"start":{"line":268,"column":25},"end":{"line":268,"column":68}}},"16":{"name":"(anonymous_16)","decl":{"start":{"line":274,"column":2},"end":{"line":274,"column":8}},"loc":{"start":{"line":276,"column":20},"end":{"line":317,"column":3}}},"17":{"name":"(anonymous_17)","decl":{"start":{"line":312,"column":30},"end":{"line":312,"column":31}},"loc":{"start":{"line":312,"column":45},"end":{"line":312,"column":55}}},"18":{"name":"(anonymous_18)","decl":{"start":{"line":313,"column":32},"end":{"line":313,"column":33}},"loc":{"start":{"line":313,"column":47},"end":{"line":313,"column":57}}},"19":{"name":"(anonymous_19)","decl":{"start":{"line":322,"column":2},"end":{"line":322,"column":8}},"loc":{"start":{"line":322,"column":49},"end":{"line":344,"column":3}}},"20":{"name":"(anonymous_21)","decl":{"start":{"line":372,"column":25},"end":{"line":372,"column":30}},"loc":{"start":{"line":372,"column":36},"end":{"line":384,"column":5}}},"21":{"name":"(anonymous_22)","decl":{"start":{"line":386,"column":36},"end":{"line":386,"column":41}},"loc":{"start":{"line":386,"column":47},"end":{"line":391,"column":5}}},"22":{"name":"(anonymous_23)","decl":{"start":{"line":389,"column":13},"end":{"line":389,"column":16}},"loc":{"start":{"line":389,"column":19},"end":{"line":389,"column":33}}},"23":{"name":"(anonymous_24)","decl":{"start":{"line":396,"column":24},"end":{"line":396,"column":25}},"loc":{"start":{"line":396,"column":37},"end":{"line":396,"column":70}}},"24":{"name":"(anonymous_25)","decl":{"start":{"line":402,"column":32},"end":{"line":402,"column":33}},"loc":{"start":{"line":402,"column":47},"end":{"line":402,"column":57}}}},"branchMap":{"0":{"loc":{"start":{"line":67,"column":4},"end":{"line":67,"column":48}},"type":"default-arg","locations":[{"start":{"line":67,"column":24},"end":{"line":67,"column":48}}]},"1":{"loc":{"start":{"line":150,"column":4},"end":{"line":150,"column":48}},"type":"default-arg","locations":[{"start":{"line":150,"column":24},"end":{"line":150,"column":48}}]},"2":{"loc":{"start":{"line":218,"column":4},"end":{"line":218,"column":48}},"type":"default-arg","locations":[{"start":{"line":218,"column":24},"end":{"line":218,"column":48}}]},"3":{"loc":{"start":{"line":251,"column":4},"end":{"line":251,"column":74}},"type":"default-arg","locations":[{"start":{"line":251,"column":43},"end":{"line":251,"column":74}}]},"4":{"loc":{"start":{"line":276,"column":4},"end":{"line":276,"column":20}},"type":"default-arg","locations":[{"start":{"line":276,"column":17},"end":{"line":276,"column":20}}]},"5":{"loc":{"start":{"line":290,"column":6},"end":{"line":303,"column":7}},"type":"switch","locations":[{"start":{"line":291,"column":8},"end":{"line":293,"column":16}},{"start":{"line":294,"column":8},"end":{"line":296,"column":16}},{"start":{"line":297,"column":8},"end":{"line":299,"column":16}},{"start":{"line":300,"column":8},"end":{"line":302,"column":16}}]},"6":{"loc":{"start":{"line":351,"column":4},"end":{"line":351,"column":20}},"type":"default-arg","locations":[{"start":{"line":351,"column":15},"end":{"line":351,"column":20}}]},"7":{"loc":{"start":{"line":401,"column":6},"end":{"line":404,"column":11}},"type":"cond-expr","locations":[{"start":{"line":402,"column":10},"end":{"line":403,"column":31}},{"start":{"line":404,"column":10},"end":{"line":404,"column":11}}]}},"s":{"0":1,"1":1,"2":11,"3":11,"4":11,"5":11,"6":11,"7":11,"8":11,"9":11,"10":11,"11":11,"12":465,"13":465,"14":465,"15":465,"16":7905,"17":465,"18":469,"19":469,"20":469,"21":469,"22":469,"23":469,"24":469,"25":469,"26":469,"27":469,"28":468,"29":468,"30":468,"31":468,"32":468,"33":468,"34":468,"35":468,"36":468,"37":468,"38":457,"39":457,"40":457,"41":457,"42":457,"43":457,"44":457,"45":457,"46":457,"47":457,"48":457,"49":457,"50":457,"51":457,"52":0,"53":0,"54":0,"55":0,"56":0,"57":2,"58":2,"59":10,"60":2,"61":2,"62":10,"63":10,"64":2,"65":10,"66":0,"67":2,"68":0,"69":0,"70":0,"71":0,"72":4,"73":4,"74":4,"75":40,"76":40,"77":10,"78":10,"79":10,"80":10,"81":10,"82":10,"83":10,"84":10,"85":40,"86":40,"87":4,"88":40,"89":40,"90":2,"91":2,"92":2,"93":2,"94":2,"95":3,"96":3,"97":3,"98":3,"99":3,"100":3,"101":3,"102":435,"103":435,"104":435,"105":435,"106":435,"107":435,"108":0,"109":0,"110":3,"111":53,"112":435,"113":53,"114":3,"115":53,"116":53,"117":53,"118":3,"119":3,"120":435,"121":3,"122":1},"f":{"0":11,"1":465,"2":7905,"3":469,"4":468,"5":457,"6":2,"7":10,"8":10,"9":10,"10":10,"11":0,"12":0,"13":0,"14":0,"15":0,"16":4,"17":40,"18":40,"19":2,"20":435,"21":53,"22":435,"23":53,"24":435},"b":{"0":[8],"1":[447],"2":[2],"3":[0],"4":[0],"5":[10,10,10,10],"6":[0],"7":[3,0]}}
,"/Users/dami/Documents/licensing-verification-platform/circuits/src/__tests__/utils/mock-data.ts": {"path":"/Users/dami/Documents/licensing-verification-platform/circuits/src/__tests__/utils/mock-data.ts","statementMap":{"0":{"start":{"line":6,"column":13},"end":{"line":206,"column":2}},"1":{"start":{"line":208,"column":13},"end":{"line":219,"column":2}},"2":{"start":{"line":221,"column":13},"end":{"line":233,"column":2}},"3":{"start":{"line":235,"column":13},"end":{"line":246,"column":2}},"4":{"start":{"line":248,"column":13},"end":{"line":254,"column":2}},"5":{"start":{"line":256,"column":13},"end":{"line":278,"column":2}},"6":{"start":{"line":280,"column":13},"end":{"line":317,"column":2}},"7":{"start":{"line":319,"column":13},"end":{"line":325,"column":2}},"8":{"start":{"line":327,"column":13},"end":{"line":563,"column":2}},"9":{"start":{"line":565,"column":13},"end":{"line":598,"column":2}},"10":{"start":{"line":568,"column":24},"end":{"line":573,"column":6}},"11":{"start":{"line":576,"column":24},"end":{"line":581,"column":6}},"12":{"start":{"line":584,"column":24},"end":{"line":589,"column":6}},"13":{"start":{"line":592,"column":24},"end":{"line":597,"column":6}}},"fnMap":{"0":{"name":"(anonymous_0)","decl":{"start":{"line":568,"column":9},"end":{"line":568,"column":10}},"loc":{"start":{"line":568,"column":24},"end":{"line":573,"column":6}}},"1":{"name":"(anonymous_1)","decl":{"start":{"line":576,"column":9},"end":{"line":576,"column":10}},"loc":{"start":{"line":576,"column":24},"end":{"line":581,"column":6}}},"2":{"name":"(anonymous_2)","decl":{"start":{"line":584,"column":9},"end":{"line":584,"column":10}},"loc":{"start":{"line":584,"column":24},"end":{"line":589,"column":6}}},"3":{"name":"(anonymous_3)","decl":{"start":{"line":592,"column":9},"end":{"line":592,"column":10}},"loc":{"start":{"line":592,"column":24},"end":{"line":597,"column":6}}}},"branchMap":{},"s":{"0":1,"1":1,"2":1,"3":1,"4":1,"5":1,"6":1,"7":1,"8":1,"9":1,"10":10,"11":100,"12":1000,"13":10000},"f":{"0":10,"1":100,"2":1000,"3":10000},"b":{}}
,"/Users/dami/Documents/licensing-verification-platform/circuits/src/lib/circuit-utils.ts": {"path":"/Users/dami/Documents/licensing-verification-platform/circuits/src/lib/circuit-utils.ts","statementMap":{"0":{"start":{"line":27,"column":0},"end":{"line":27,"column":7}},"1":{"start":{"line":82,"column":0},"end":{"line":82,"column":16}},"2":{"start":{"line":93,"column":0},"end":{"line":93,"column":16}},"3":{"start":{"line":120,"column":0},"end":{"line":120,"column":16}},"4":{"start":{"line":6,"column":0},"end":{"line":6,"column":41}},"5":{"start":{"line":7,"column":0},"end":{"line":7,"column":43}},"6":{"start":{"line":8,"column":0},"end":{"line":8,"column":28}},"7":{"start":{"line":9,"column":0},"end":{"line":9,"column":41}},"8":{"start":{"line":30,"column":17},"end":{"line":30,"column":57}},"9":{"start":{"line":31,"column":20},"end":{"line":31,"column":30}},"10":{"start":{"line":33,"column":2},"end":{"line":33,"column":34}},"11":{"start":{"line":36,"column":2},"end":{"line":39,"column":3}},"12":{"start":{"line":37,"column":4},"end":{"line":37,"column":54}},"13":{"start":{"line":38,"column":4},"end":{"line":38,"column":79}},"14":{"start":{"line":41,"column":2},"end":{"line":76,"column":3}},"15":{"start":{"line":43,"column":20},"end":{"line":43,"column":96}},"16":{"start":{"line":44,"column":4},"end":{"line":44,"column":63}},"17":{"start":{"line":46,"column":4},"end":{"line":46,"column":41}},"18":{"start":{"line":48,"column":20},"end":{"line":48,"column":30}},"19":{"start":{"line":49,"column":28},"end":{"line":49,"column":47}},"20":{"start":{"line":51,"column":19},"end":{"line":56,"column":6}},"21":{"start":{"line":58,"column":4},"end":{"line":58,"column":39}},"22":{"start":{"line":59,"column":4},"end":{"line":62,"column":7}},"23":{"start":{"line":64,"column":4},"end":{"line":64,"column":18}},"24":{"start":{"line":66,"column":20},"end":{"line":66,"column":30}},"25":{"start":{"line":67,"column":28},"end":{"line":67,"column":47}},"26":{"start":{"line":69,"column":4},"end":{"line":69,"column":52}},"27":{"start":{"line":70,"column":4},"end":{"line":73,"column":7}},"28":{"start":{"line":75,"column":4},"end":{"line":75,"column":60}},"29":{"start":{"line":83,"column":2},"end":{"line":87,"column":4}},"30":{"start":{"line":94,"column":17},"end":{"line":94,"column":57}},"31":{"start":{"line":96,"column":19},"end":{"line":96,"column":72}},"32":{"start":{"line":97,"column":19},"end":{"line":97,"column":72}},"33":{"start":{"line":98,"column":18},"end":{"line":98,"column":70}},"34":{"start":{"line":100,"column":21},"end":{"line":100,"column":41}},"35":{"start":{"line":101,"column":21},"end":{"line":101,"column":41}},"36":{"start":{"line":102,"column":20},"end":{"line":102,"column":39}},"37":{"start":{"line":104,"column":19},"end":{"line":104,"column":56}},"38":{"start":{"line":106,"column":2},"end":{"line":112,"column":5}},"39":{"start":{"line":114,"column":2},"end":{"line":114,"column":18}},"40":{"start":{"line":121,"column":17},"end":{"line":121,"column":53}},"41":{"start":{"line":123,"column":16},"end":{"line":129,"column":4}},"42":{"start":{"line":131,"column":21},"end":{"line":131,"column":22}},"43":{"start":{"line":133,"column":2},"end":{"line":143,"column":5}},"44":{"start":{"line":134,"column":4},"end":{"line":142,"column":5}},"45":{"start":{"line":135,"column":6},"end":{"line":141,"column":7}},"46":{"start":{"line":136,"column":8},"end":{"line":136,"column":34}},"47":{"start":{"line":137,"column":8},"end":{"line":137,"column":23}},"48":{"start":{"line":138,"column":8},"end":{"line":138,"column":55}},"49":{"start":{"line":140,"column":8},"end":{"line":140,"column":79}},"50":{"start":{"line":145,"column":2},"end":{"line":149,"column":5}}},"fnMap":{"0":{"name":"compileCircuit","decl":{"start":{"line":27,"column":22},"end":{"line":27,"column":36}},"loc":{"start":{"line":28,"column":23},"end":{"line":77,"column":1}}},"1":{"name":"getDefaultCircuitConfig","decl":{"start":{"line":82,"column":16},"end":{"line":82,"column":39}},"loc":{"start":{"line":82,"column":39},"end":{"line":88,"column":1}}},"2":{"name":"circuitFilesExist","decl":{"start":{"line":93,"column":16},"end":{"line":93,"column":33}},"loc":{"start":{"line":93,"column":55},"end":{"line":115,"column":1}}},"3":{"name":"cleanCircuitFiles","decl":{"start":{"line":120,"column":16},"end":{"line":120,"column":33}},"loc":{"start":{"line":120,"column":55},"end":{"line":150,"column":1}}},"4":{"name":"(anonymous_4)","decl":{"start":{"line":133,"column":16},"end":{"line":133,"column":17}},"loc":{"start":{"line":133,"column":25},"end":{"line":143,"column":3}}}},"branchMap":{"0":{"loc":{"start":{"line":36,"column":2},"end":{"line":39,"column":3}},"type":"if","locations":[{"start":{"line":36,"column":2},"end":{"line":39,"column":3}},{"start":{},"end":{}}]},"1":{"loc":{"start":{"line":104,"column":19},"end":{"line":104,"column":56}},"type":"binary-expr","locations":[{"start":{"line":104,"column":19},"end":{"line":104,"column":29}},{"start":{"line":104,"column":33},"end":{"line":104,"column":43}},{"start":{"line":104,"column":47},"end":{"line":104,"column":56}}]},"2":{"loc":{"start":{"line":134,"column":4},"end":{"line":142,"column":5}},"type":"if","locations":[{"start":{"line":134,"column":4},"end":{"line":142,"column":5}},{"start":{},"end":{}}]}},"s":{"0":0,"1":0,"2":0,"3":0,"4":0,"5":0,"6":0,"7":0,"8":0,"9":0,"10":0,"11":0,"12":0,"13":0,"14":0,"15":0,"16":0,"17":0,"18":0,"19":0,"20":0,"21":0,"22":0,"23":0,"24":0,"25":0,"26":0,"27":0,"28":0,"29":0,"30":0,"31":0,"32":0,"33":0,"34":0,"35":0,"36":0,"37":0,"38":0,"39":0,"40":0,"41":0,"42":0,"43":0,"44":0,"45":0,"46":0,"47":0,"48":0,"49":0,"50":0},"f":{"0":0,"1":0,"2":0,"3":0,"4":0},"b":{"0":[0,0],"1":[0,0,0],"2":[0,0]}}
,"/Users/dami/Documents/licensing-verification-platform/circuits/src/lib/logger.ts": {"path":"/Users/dami/Documents/licensing-verification-platform/circuits/src/lib/logger.ts","statementMap":{"0":{"start":{"line":110,"column":0},"end":{"line":110,"column":16}},"1":{"start":{"line":6,"column":0},"end":{"line":6,"column":null}},"2":{"start":{"line":15,"column":32},"end":{"line":65,"column":2}},"3":{"start":{"line":70,"column":60},"end":{"line":98,"column":2}},"4":{"start":{"line":79,"column":4},"end":{"line":95,"column":5}},"5":{"start":{"line":80,"column":23},"end":{"line":80,"column":36}},"6":{"start":{"line":83,"column":6},"end":{"line":92,"column":9}},"7":{"start":{"line":84,"column":8},"end":{"line":91,"column":9}},"8":{"start":{"line":90,"column":10},"end":{"line":90,"column":47}},"9":{"start":{"line":94,"column":6},"end":{"line":94,"column":22}},"10":{"start":{"line":96,"column":4},"end":{"line":96,"column":18}},"11":{"start":{"line":103,"column":13},"end":{"line":105,"column":2}},"12":{"start":{"line":335,"column":26},"end":{"line":103,"column":44}},"13":{"start":{"line":111,"column":2},"end":{"line":115,"column":5}},"14":{"start":{"line":125,"column":4},"end":{"line":125,"column":49}},"15":{"start":{"line":132,"column":4},"end":{"line":132,"column":36}},"16":{"start":{"line":139,"column":4},"end":{"line":139,"column":37}},"17":{"start":{"line":146,"column":4},"end":{"line":146,"column":44}},"18":{"start":{"line":153,"column":4},"end":{"line":153,"column":36}},"19":{"start":{"line":161,"column":4},"end":{"line":165,"column":7}},"20":{"start":{"line":170,"column":4},"end":{"line":174,"column":7}},"21":{"start":{"line":179,"column":4},"end":{"line":182,"column":7}},"22":{"start":{"line":189,"column":4},"end":{"line":192,"column":7}},"23":{"start":{"line":196,"column":4},"end":{"line":200,"column":7}},"24":{"start":{"line":204,"column":4},"end":{"line":207,"column":7}},"25":{"start":{"line":214,"column":4},"end":{"line":217,"column":7}},"26":{"start":{"line":225,"column":4},"end":{"line":230,"column":7}},"27":{"start":{"line":234,"column":4},"end":{"line":237,"column":7}},"28":{"start":{"line":244,"column":4},"end":{"line":247,"column":7}},"29":{"start":{"line":255,"column":4},"end":{"line":260,"column":7}},"30":{"start":{"line":264,"column":4},"end":{"line":267,"column":7}},"31":{"start":{"line":274,"column":4},"end":{"line":277,"column":7}},"32":{"start":{"line":281,"column":4},"end":{"line":285,"column":7}},"33":{"start":{"line":289,"column":4},"end":{"line":292,"column":7}},"34":{"start":{"line":300,"column":4},"end":{"line":300,"column":59}},"35":{"start":{"line":308,"column":4},"end":{"line":311,"column":7}},"36":{"start":{"line":319,"column":4},"end":{"line":323,"column":7}},"37":{"start":{"line":121,"column":0},"end":{"line":121,"column":13}},"38":{"start":{"line":330,"column":13},"end":{"line":330,"column":76}}},"fnMap":{"0":{"name":"(anonymous_0)","decl":{"start":{"line":77,"column":18},"end":{"line":77,"column":19}},"loc":{"start":{"line":77,"column":34},"end":{"line":97,"column":3}}},"1":{"name":"(anonymous_1)","decl":{"start":{"line":83,"column":36},"end":{"line":83,"column":37}},"loc":{"start":{"line":83,"column":44},"end":{"line":92,"column":7}}},"2":{"name":"createCircuitLogger","decl":{"start":{"line":110,"column":16},"end":{"line":110,"column":35}},"loc":{"start":{"line":110,"column":53},"end":{"line":116,"column":1}}},"3":{"name":"(anonymous_3)","decl":{"start":{"line":124,"column":2},"end":{"line":124,"column":14}},"loc":{"start":{"line":124,"column":31},"end":{"line":126,"column":3}}},"4":{"name":"(anonymous_4)","decl":{"start":{"line":131,"column":2},"end":{"line":131,"column":6}},"loc":{"start":{"line":131,"column":38},"end":{"line":133,"column":3}}},"5":{"name":"(anonymous_5)","decl":{"start":{"line":138,"column":2},"end":{"line":138,"column":7}},"loc":{"start":{"line":138,"column":39},"end":{"line":140,"column":3}}},"6":{"name":"(anonymous_6)","decl":{"start":{"line":145,"column":2},"end":{"line":145,"column":7}},"loc":{"start":{"line":145,"column":64},"end":{"line":147,"column":3}}},"7":{"name":"(anonymous_7)","decl":{"start":{"line":152,"column":2},"end":{"line":152,"column":6}},"loc":{"start":{"line":152,"column":38},"end":{"line":154,"column":3}}},"8":{"name":"(anonymous_8)","decl":{"start":{"line":160,"column":2},"end":{"line":160,"column":18}},"loc":{"start":{"line":160,"column":30},"end":{"line":166,"column":3}}},"9":{"name":"(anonymous_9)","decl":{"start":{"line":169,"column":2},"end":{"line":169,"column":21}},"loc":{"start":{"line":169,"column":33},"end":{"line":175,"column":3}}},"10":{"name":"(anonymous_10)","decl":{"start":{"line":178,"column":2},"end":{"line":178,"column":18}},"loc":{"start":{"line":178,"column":44},"end":{"line":183,"column":3}}},"11":{"name":"(anonymous_11)","decl":{"start":{"line":188,"column":2},"end":{"line":188,"column":22}},"loc":{"start":{"line":188,"column":43},"end":{"line":193,"column":3}}},"12":{"name":"(anonymous_12)","decl":{"start":{"line":195,"column":2},"end":{"line":195,"column":25}},"loc":{"start":{"line":195,"column":64},"end":{"line":201,"column":3}}},"13":{"name":"(anonymous_13)","decl":{"start":{"line":203,"column":2},"end":{"line":203,"column":22}},"loc":{"start":{"line":203,"column":57},"end":{"line":208,"column":3}}},"14":{"name":"(anonymous_14)","decl":{"start":{"line":213,"column":2},"end":{"line":213,"column":24}},"loc":{"start":{"line":213,"column":45},"end":{"line":218,"column":3}}},"15":{"name":"(anonymous_15)","decl":{"start":{"line":220,"column":2},"end":{"line":220,"column":27}},"loc":{"start":{"line":223,"column":20},"end":{"line":231,"column":3}}},"16":{"name":"(anonymous_16)","decl":{"start":{"line":233,"column":2},"end":{"line":233,"column":24}},"loc":{"start":{"line":233,"column":59},"end":{"line":238,"column":3}}},"17":{"name":"(anonymous_17)","decl":{"start":{"line":243,"column":2},"end":{"line":243,"column":27}},"loc":{"start":{"line":243,"column":48},"end":{"line":248,"column":3}}},"18":{"name":"(anonymous_18)","decl":{"start":{"line":250,"column":2},"end":{"line":250,"column":30}},"loc":{"start":{"line":253,"column":20},"end":{"line":261,"column":3}}},"19":{"name":"(anonymous_19)","decl":{"start":{"line":263,"column":2},"end":{"line":263,"column":27}},"loc":{"start":{"line":263,"column":62},"end":{"line":268,"column":3}}},"20":{"name":"(anonymous_20)","decl":{"start":{"line":273,"column":2},"end":{"line":273,"column":12}},"loc":{"start":{"line":273,"column":30},"end":{"line":278,"column":3}}},"21":{"name":"(anonymous_21)","decl":{"start":{"line":280,"column":2},"end":{"line":280,"column":15}},"loc":{"start":{"line":280,"column":51},"end":{"line":286,"column":3}}},"22":{"name":"(anonymous_22)","decl":{"start":{"line":288,"column":2},"end":{"line":288,"column":12}},"loc":{"start":{"line":288,"column":44},"end":{"line":293,"column":3}}},"23":{"name":"(anonymous_23)","decl":{"start":{"line":299,"column":2},"end":{"line":299,"column":13}},"loc":{"start":{"line":299,"column":65},"end":{"line":301,"column":3}}},"24":{"name":"(anonymous_24)","decl":{"start":{"line":307,"column":2},"end":{"line":307,"column":10}},"loc":{"start":{"line":307,"column":35},"end":{"line":312,"column":3}}},"25":{"name":"(anonymous_25)","decl":{"start":{"line":318,"column":2},"end":{"line":318,"column":7}},"loc":{"start":{"line":318,"column":32},"end":{"line":324,"column":3}}}},"branchMap":{"0":{"loc":{"start":{"line":72,"column":9},"end":{"line":72,"column":51}},"type":"binary-expr","locations":[{"start":{"line":72,"column":9},"end":{"line":72,"column":41}},{"start":{"line":72,"column":45},"end":{"line":72,"column":51}}]},"1":{"loc":{"start":{"line":75,"column":15},"end":{"line":75,"column":55}},"type":"binary-expr","locations":[{"start":{"line":75,"column":15},"end":{"line":75,"column":38}},{"start":{"line":75,"column":42},"end":{"line":75,"column":55}}]},"2":{"loc":{"start":{"line":79,"column":4},"end":{"line":95,"column":5}},"type":"if","locations":[{"start":{"line":79,"column":4},"end":{"line":95,"column":5}},{"start":{},"end":{}}]},"3":{"loc":{"start":{"line":79,"column":8},"end":{"line":79,"column":44}},"type":"binary-expr","locations":[{"start":{"line":79,"column":8},"end":{"line":79,"column":14}},{"start":{"line":79,"column":18},"end":{"line":79,"column":44}}]},"4":{"loc":{"start":{"line":84,"column":8},"end":{"line":91,"column":9}},"type":"if","locations":[{"start":{"line":84,"column":8},"end":{"line":91,"column":9}},{"start":{},"end":{}}]},"5":{"loc":{"start":{"line":85,"column":10},"end":{"line":88,"column":45}},"type":"binary-expr","locations":[{"start":{"line":85,"column":10},"end":{"line":85,"column":47}},{"start":{"line":86,"column":10},"end":{"line":86,"column":46}},{"start":{"line":87,"column":10},"end":{"line":87,"column":47}},{"start":{"line":88,"column":10},"end":{"line":88,"column":45}}]},"6":{"loc":{"start":{"line":172,"column":16},"end":{"line":172,"column":52}},"type":"cond-expr","locations":[{"start":{"line":172,"column":30},"end":{"line":172,"column":41}},{"start":{"line":172,"column":44},"end":{"line":172,"column":52}}]},"7":{"loc":{"start":{"line":173,"column":16},"end":{"line":173,"column":52}},"type":"cond-expr","locations":[{"start":{"line":173,"column":30},"end":{"line":173,"column":41}},{"start":{"line":173,"column":44},"end":{"line":173,"column":52}}]}},"s":{"0":8,"1":8,"2":8,"3":8,"4":4344,"5":4344,"6":4344,"7":14678,"8":471,"9":4344,"10":0,"11":8,"12":8,"13":1975,"14":1975,"15":115,"16":930,"17":0,"18":0,"19":13,"20":13,"21":0,"22":471,"23":471,"24":0,"25":469,"26":469,"27":0,"28":457,"29":457,"30":0,"31":0,"32":0,"33":0,"34":1406,"35":2,"36":2,"37":8,"38":8},"f":{"0":4344,"1":14678,"2":1975,"3":1975,"4":115,"5":930,"6":0,"7":0,"8":13,"9":13,"10":0,"11":471,"12":471,"13":0,"14":469,"15":469,"16":0,"17":457,"18":457,"19":0,"20":0,"21":0,"22":0,"23":1406,"24":2,"25":2},"b":{"0":[8,8],"1":[8,0],"2":[4344,0],"3":[4344,4344],"4":[471,14207],"5":[14678,14678,14678,14208],"6":[13,0],"7":[13,0]}}
,"/Users/dami/Documents/licensing-verification-platform/circuits/src/lib/networks.ts": {"path":"/Users/dami/Documents/licensing-verification-platform/circuits/src/lib/networks.ts","statementMap":{"0":{"start":{"line":75,"column":0},"end":{"line":75,"column":16}},"1":{"start":{"line":91,"column":0},"end":{"line":91,"column":16}},"2":{"start":{"line":16,"column":13},"end":{"line":73,"column":11}},"3":{"start":{"line":79,"column":28},"end":{"line":79,"column":74}},"4":{"start":{"line":80,"column":2},"end":{"line":87,"column":3}},"5":{"start":{"line":84,"column":4},"end":{"line":86,"column":6}},"6":{"start":{"line":88,"column":2},"end":{"line":88,"column":74}},"7":{"start":{"line":92,"column":28},"end":{"line":92,"column":74}},"8":{"start":{"line":93,"column":2},"end":{"line":93,"column":65}}},"fnMap":{"0":{"name":"getNetwork","decl":{"start":{"line":75,"column":16},"end":{"line":75,"column":26}},"loc":{"start":{"line":77,"column":21},"end":{"line":89,"column":1}}},"1":{"name":"getAvailableNetworks","decl":{"start":{"line":91,"column":16},"end":{"line":91,"column":36}},"loc":{"start":{"line":91,"column":56},"end":{"line":94,"column":1}}}},"branchMap":{"0":{"loc":{"start":{"line":22,"column":8},"end":{"line":23,"column":54}},"type":"binary-expr","locations":[{"start":{"line":22,"column":8},"end":{"line":22,"column":38}},{"start":{"line":23,"column":8},"end":{"line":23,"column":54}}]},"1":{"loc":{"start":{"line":29,"column":8},"end":{"line":30,"column":59}},"type":"binary-expr","locations":[{"start":{"line":29,"column":8},"end":{"line":29,"column":35}},{"start":{"line":30,"column":8},"end":{"line":30,"column":59}}]},"2":{"loc":{"start":{"line":36,"column":8},"end":{"line":37,"column":48}},"type":"binary-expr","locations":[{"start":{"line":36,"column":8},"end":{"line":36,"column":47}},{"start":{"line":37,"column":8},"end":{"line":37,"column":48}}]},"3":{"loc":{"start":{"line":43,"column":8},"end":{"line":44,"column":37}},"type":"binary-expr","locations":[{"start":{"line":43,"column":8},"end":{"line":43,"column":47}},{"start":{"line":44,"column":8},"end":{"line":44,"column":37}}]},"4":{"loc":{"start":{"line":52,"column":8},"end":{"line":53,"column":54}},"type":"binary-expr","locations":[{"start":{"line":52,"column":8},"end":{"line":52,"column":39}},{"start":{"line":53,"column":8},"end":{"line":53,"column":54}}]},"5":{"loc":{"start":{"line":59,"column":8},"end":{"line":60,"column":62}},"type":"binary-expr","locations":[{"start":{"line":59,"column":8},"end":{"line":59,"column":38}},{"start":{"line":60,"column":8},"end":{"line":60,"column":62}}]},"6":{"loc":{"start":{"line":65,"column":14},"end":{"line":65,"column":79}},"type":"binary-expr","locations":[{"start":{"line":65,"column":14},"end":{"line":65,"column":45}},{"start":{"line":65,"column":49},"end":{"line":65,"column":79}}]},"7":{"loc":{"start":{"line":70,"column":14},"end":{"line":70,"column":78}},"type":"binary-expr","locations":[{"start":{"line":70,"column":14},"end":{"line":70,"column":45}},{"start":{"line":70,"column":49},"end":{"line":70,"column":78}}]},"8":{"loc":{"start":{"line":80,"column":2},"end":{"line":87,"column":3}},"type":"if","locations":[{"start":{"line":80,"column":2},"end":{"line":87,"column":3}},{"start":{},"end":{}}]},"9":{"loc":{"start":{"line":81,"column":4},"end":{"line":82,"column":69}},"type":"binary-expr","locations":[{"start":{"line":81,"column":4},"end":{"line":81,"column":22}},{"start":{"line":82,"column":4},"end":{"line":82,"column":69}}]},"10":{"loc":{"start":{"line":93,"column":9},"end":{"line":93,"column":64}},"type":"cond-expr","locations":[{"start":{"line":93,"column":29},"end":{"line":93,"column":59}},{"start":{"line":93,"column":62},"end":{"line":93,"column":64}}]}},"s":{"0":0,"1":0,"2":0,"3":0,"4":0,"5":0,"6":0,"7":0,"8":0},"f":{"0":0,"1":0},"b":{"0":[0,0],"1":[0,0],"2":[0,0],"3":[0,0],"4":[0,0],"5":[0,0],"6":[0,0],"7":[0,0],"8":[0,0],"9":[0,0],"10":[0,0]}}
,"/Users/dami/Documents/licensing-verification-platform/circuits/src/lib/proof-utils.ts": {"path":"/Users/dami/Documents/licensing-verification-platform/circuits/src/lib/proof-utils.ts","statementMap":{"0":{"start":{"line":6,"column":0},"end":{"line":6,"column":41}},"1":{"start":{"line":7,"column":0},"end":{"line":7,"column":58}},"2":{"start":{"line":49,"column":10},"end":{"line":49,"column":59}},"3":{"start":{"line":63,"column":4},"end":{"line":66,"column":7}},"4":{"start":{"line":68,"column":4},"end":{"line":113,"column":5}},"5":{"start":{"line":70,"column":25},"end":{"line":70,"column":55}},"6":{"start":{"line":71,"column":6},"end":{"line":79,"column":7}},"7":{"start":{"line":72,"column":8},"end":{"line":78,"column":10}},"8":{"start":{"line":82,"column":22},"end":{"line":82,"column":77}},"9":{"start":{"line":85,"column":20},"end":{"line":85,"column":53}},"10":{"start":{"line":88,"column":22},"end":{"line":88,"column":51}},"11":{"start":{"line":90,"column":21},"end":{"line":95,"column":8}},"12":{"start":{"line":97,"column":6},"end":{"line":100,"column":9}},"13":{"start":{"line":102,"column":6},"end":{"line":102,"column":20}},"14":{"start":{"line":104,"column":6},"end":{"line":106,"column":9}},"15":{"start":{"line":108,"column":6},"end":{"line":112,"column":8}},"16":{"start":{"line":124,"column":4},"end":{"line":138,"column":6}},"17":{"start":{"line":146,"column":4},"end":{"line":166,"column":6}},"18":{"start":{"line":174,"column":4},"end":{"line":179,"column":6}},"19":{"start":{"line":48,"column":0},"end":{"line":48,"column":13}},"20":{"start":{"line":184,"column":13},"end":{"line":184,"column":55}}},"fnMap":{"0":{"name":"(anonymous_0)","decl":{"start":{"line":48,"column":0},"end":{"line":48,"column":13}},"loc":{"start":{"line":48,"column":0},"end":{"line":181,"column":1}}},"1":{"name":"(anonymous_1)","decl":{"start":{"line":58,"column":2},"end":{"line":58,"column":7}},"loc":{"start":{"line":61,"column":22},"end":{"line":114,"column":3}}},"2":{"name":"(anonymous_2)","decl":{"start":{"line":119,"column":10},"end":{"line":119,"column":25}},"loc":{"start":{"line":122,"column":22},"end":{"line":139,"column":3}}},"3":{"name":"(anonymous_3)","decl":{"start":{"line":144,"column":10},"end":{"line":144,"column":15}},"loc":{"start":{"line":144,"column":46},"end":{"line":167,"column":3}}},"4":{"name":"(anonymous_4)","decl":{"start":{"line":172,"column":10},"end":{"line":172,"column":15}},"loc":{"start":{"line":172,"column":46},"end":{"line":180,"column":3}}}},"branchMap":{"0":{"loc":{"start":{"line":71,"column":6},"end":{"line":79,"column":7}},"type":"if","locations":[{"start":{"line":71,"column":6},"end":{"line":79,"column":7}},{"start":{},"end":{}}]},"1":{"loc":{"start":{"line":92,"column":20},"end":{"line":92,"column":52}},"type":"cond-expr","locations":[{"start":{"line":92,"column":30},"end":{"line":92,"column":40}},{"start":{"line":92,"column":43},"end":{"line":92,"column":52}}]},"2":{"loc":{"start":{"line":93,"column":15},"end":{"line":93,"column":64}},"type":"cond-expr","locations":[{"start":{"line":93,"column":25},"end":{"line":93,"column":34}},{"start":{"line":93,"column":37},"end":{"line":93,"column":64}}]},"3":{"loc":{"start":{"line":175,"column":6},"end":{"line":178,"column":36}},"type":"binary-expr","locations":[{"start":{"line":175,"column":6},"end":{"line":175,"column":11}},{"start":{"line":176,"column":6},"end":{"line":176,"column":17}},{"start":{"line":177,"column":6},"end":{"line":177,"column":25}},{"start":{"line":178,"column":6},"end":{"line":178,"column":36}}]}},"s":{"0":0,"1":0,"2":0,"3":0,"4":0,"5":0,"6":0,"7":0,"8":0,"9":0,"10":0,"11":0,"12":0,"13":0,"14":0,"15":0,"16":0,"17":0,"18":0,"19":0,"20":0},"f":{"0":0,"1":0,"2":0,"3":0,"4":0},"b":{"0":[0,0],"1":[0,0],"2":[0,0],"3":[0,0,0,0]}}
,"/Users/dami/Documents/licensing-verification-platform/circuits/src/lib/verification-utils.ts": {"path":"/Users/dami/Documents/licensing-verification-platform/circuits/src/lib/verification-utils.ts","statementMap":{"0":{"start":{"line":34,"column":0},"end":{"line":34,"column":16}},"1":{"start":{"line":131,"column":0},"end":{"line":131,"column":16}},"2":{"start":{"line":168,"column":0},"end":{"line":168,"column":16}},"3":{"start":{"line":204,"column":0},"end":{"line":204,"column":16}},"4":{"start":{"line":222,"column":0},"end":{"line":222,"column":16}},"5":{"start":{"line":6,"column":0},"end":{"line":6,"column":41}},"6":{"start":{"line":38,"column":17},"end":{"line":38,"column":59}},"7":{"start":{"line":40,"column":2},"end":{"line":40,"column":60}},"8":{"start":{"line":42,"column":27},"end":{"line":42,"column":29}},"9":{"start":{"line":45,"column":2},"end":{"line":45,"column":69}},"10":{"start":{"line":45,"column":30},"end":{"line":45,"column":69}},"11":{"start":{"line":46,"column":2},"end":{"line":46,"column":75}},"12":{"start":{"line":46,"column":33},"end":{"line":46,"column":75}},"13":{"start":{"line":47,"column":2},"end":{"line":47,"column":61}},"14":{"start":{"line":47,"column":26},"end":{"line":47,"column":61}},"15":{"start":{"line":48,"column":2},"end":{"line":49,"column":49}},"16":{"start":{"line":49,"column":4},"end":{"line":49,"column":49}},"17":{"start":{"line":50,"column":2},"end":{"line":50,"column":69}},"18":{"start":{"line":50,"column":30},"end":{"line":50,"column":69}},"19":{"start":{"line":51,"column":2},"end":{"line":51,"column":69}},"20":{"start":{"line":51,"column":30},"end":{"line":51,"column":69}},"21":{"start":{"line":52,"column":2},"end":{"line":52,"column":60}},"22":{"start":{"line":52,"column":26},"end":{"line":52,"column":60}},"23":{"start":{"line":53,"column":2},"end":{"line":53,"column":77}},"24":{"start":{"line":53,"column":29},"end":{"line":53,"column":77}},"25":{"start":{"line":56,"column":2},"end":{"line":58,"column":3}},"26":{"start":{"line":57,"column":4},"end":{"line":57,"column":46}},"27":{"start":{"line":59,"column":2},"end":{"line":61,"column":3}},"28":{"start":{"line":60,"column":4},"end":{"line":60,"column":46}},"29":{"start":{"line":62,"column":2},"end":{"line":64,"column":3}},"30":{"start":{"line":63,"column":4},"end":{"line":63,"column":55}},"31":{"start":{"line":67,"column":2},"end":{"line":69,"column":3}},"32":{"start":{"line":68,"column":4},"end":{"line":68,"column":42}},"33":{"start":{"line":72,"column":2},"end":{"line":77,"column":3}},"34":{"start":{"line":76,"column":4},"end":{"line":76,"column":45}},"35":{"start":{"line":79,"column":18},"end":{"line":79,"column":37}},"36":{"start":{"line":81,"column":2},"end":{"line":81,"column":80}},"37":{"start":{"line":83,"column":2},"end":{"line":89,"column":3}},"38":{"start":{"line":84,"column":4},"end":{"line":88,"column":7}},"39":{"start":{"line":91,"column":2},"end":{"line":94,"column":4}},"40":{"start":{"line":101,"column":15},"end":{"line":101,"column":35}},"41":{"start":{"line":102,"column":2},"end":{"line":102,"column":56}},"42":{"start":{"line":109,"column":17},"end":{"line":109,"column":37}},"43":{"start":{"line":110,"column":14},"end":{"line":110,"column":24}},"44":{"start":{"line":111,"column":2},"end":{"line":111,"column":23}},"45":{"start":{"line":118,"column":22},"end":{"line":124,"column":4}},"46":{"start":{"line":125,"column":2},"end":{"line":125,"column":37}},"47":{"start":{"line":135,"column":17},"end":{"line":135,"column":58}},"48":{"start":{"line":137,"column":2},"end":{"line":162,"column":3}},"49":{"start":{"line":138,"column":4},"end":{"line":141,"column":7}},"50":{"start":{"line":145,"column":17},"end":{"line":145,"column":86}},"51":{"start":{"line":146,"column":22},"end":{"line":148,"column":26}},"52":{"start":{"line":150,"column":4},"end":{"line":153,"column":7}},"53":{"start":{"line":155,"column":4},"end":{"line":155,"column":21}},"54":{"start":{"line":157,"column":4},"end":{"line":160,"column":7}},"55":{"start":{"line":161,"column":4},"end":{"line":161,"column":16}},"56":{"start":{"line":172,"column":17},"end":{"line":172,"column":61}},"57":{"start":{"line":174,"column":2},"end":{"line":198,"column":3}},"58":{"start":{"line":175,"column":4},"end":{"line":179,"column":7}},"59":{"start":{"line":182,"column":24},"end":{"line":182,"column":60}},"60":{"start":{"line":184,"column":4},"end":{"line":189,"column":7}},"61":{"start":{"line":191,"column":4},"end":{"line":191,"column":23}},"62":{"start":{"line":193,"column":4},"end":{"line":196,"column":7}},"63":{"start":{"line":197,"column":4},"end":{"line":197,"column":16}},"64":{"start":{"line":205,"column":17},"end":{"line":205,"column":61}},"65":{"start":{"line":207,"column":23},"end":{"line":207,"column":44}},"66":{"start":{"line":208,"column":19},"end":{"line":208,"column":69}},"67":{"start":{"line":210,"column":2},"end":{"line":214,"column":5}},"68":{"start":{"line":216,"column":2},"end":{"line":216,"column":18}},"69":{"start":{"line":223,"column":17},"end":{"line":223,"column":69}},"70":{"start":{"line":227,"column":2},"end":{"line":233,"column":3}},"71":{"start":{"line":228,"column":4},"end":{"line":228,"column":23}},"72":{"start":{"line":229,"column":9},"end":{"line":233,"column":3}},"73":{"start":{"line":230,"column":4},"end":{"line":230,"column":41}},"74":{"start":{"line":232,"column":4},"end":{"line":232,"column":22}},"75":{"start":{"line":235,"column":2},"end":{"line":240,"column":5}},"76":{"start":{"line":242,"column":2},"end":{"line":242,"column":16}}},"fnMap":{"0":{"name":"validateCredential","decl":{"start":{"line":34,"column":16},"end":{"line":34,"column":34}},"loc":{"start":{"line":34,"column":57},"end":{"line":95,"column":1}}},"1":{"name":"isValidDate","decl":{"start":{"line":100,"column":9},"end":{"line":100,"column":20}},"loc":{"start":{"line":100,"column":39},"end":{"line":103,"column":1}}},"2":{"name":"isExpired","decl":{"start":{"line":108,"column":9},"end":{"line":108,"column":18}},"loc":{"start":{"line":108,"column":37},"end":{"line":112,"column":1}}},"3":{"name":"isValidAchievementLevel","decl":{"start":{"line":117,"column":9},"end":{"line":117,"column":32}},"loc":{"start":{"line":117,"column":46},"end":{"line":126,"column":1}}},"4":{"name":"generateNullifier","decl":{"start":{"line":131,"column":16},"end":{"line":131,"column":33}},"loc":{"start":{"line":133,"column":32},"end":{"line":163,"column":1}}},"5":{"name":"verifyCredentialAuthenticity","decl":{"start":{"line":168,"column":16},"end":{"line":168,"column":44}},"loc":{"start":{"line":170,"column":24},"end":{"line":199,"column":1}}},"6":{"name":"isCredentialActive","decl":{"start":{"line":204,"column":16},"end":{"line":204,"column":34}},"loc":{"start":{"line":204,"column":57},"end":{"line":217,"column":1}}},"7":{"name":"getCredentialStatus","decl":{"start":{"line":222,"column":16},"end":{"line":222,"column":35}},"loc":{"start":{"line":222,"column":58},"end":{"line":243,"column":1}}}},"branchMap":{"0":{"loc":{"start":{"line":45,"column":2},"end":{"line":45,"column":69}},"type":"if","locations":[{"start":{"line":45,"column":2},"end":{"line":45,"column":69}},{"start":{},"end":{}}]},"1":{"loc":{"start":{"line":46,"column":2},"end":{"line":46,"column":75}},"type":"if","locations":[{"start":{"line":46,"column":2},"end":{"line":46,"column":75}},{"start":{},"end":{}}]},"2":{"loc":{"start":{"line":47,"column":2},"end":{"line":47,"column":61}},"type":"if","locations":[{"start":{"line":47,"column":2},"end":{"line":47,"column":61}},{"start":{},"end":{}}]},"3":{"loc":{"start":{"line":48,"column":2},"end":{"line":49,"column":49}},"type":"if","locations":[{"start":{"line":48,"column":2},"end":{"line":49,"column":49}},{"start":{},"end":{}}]},"4":{"loc":{"start":{"line":50,"column":2},"end":{"line":50,"column":69}},"type":"if","locations":[{"start":{"line":50,"column":2},"end":{"line":50,"column":69}},{"start":{},"end":{}}]},"5":{"loc":{"start":{"line":51,"column":2},"end":{"line":51,"column":69}},"type":"if","locations":[{"start":{"line":51,"column":2},"end":{"line":51,"column":69}},{"start":{},"end":{}}]},"6":{"loc":{"start":{"line":52,"column":2},"end":{"line":52,"column":60}},"type":"if","locations":[{"start":{"line":52,"column":2},"end":{"line":52,"column":60}},{"start":{},"end":{}}]},"7":{"loc":{"start":{"line":53,"column":2},"end":{"line":53,"column":77}},"type":"if","locations":[{"start":{"line":53,"column":2},"end":{"line":53,"column":77}},{"start":{},"end":{}}]},"8":{"loc":{"start":{"line":56,"column":2},"end":{"line":58,"column":3}},"type":"if","locations":[{"start":{"line":56,"column":2},"end":{"line":58,"column":3}},{"start":{},"end":{}}]},"9":{"loc":{"start":{"line":56,"column":6},"end":{"line":56,"column":66}},"type":"binary-expr","locations":[{"start":{"line":56,"column":6},"end":{"line":56,"column":27}},{"start":{"line":56,"column":31},"end":{"line":56,"column":66}}]},"10":{"loc":{"start":{"line":59,"column":2},"end":{"line":61,"column":3}},"type":"if","locations":[{"start":{"line":59,"column":2},"end":{"line":61,"column":3}},{"start":{},"end":{}}]},"11":{"loc":{"start":{"line":59,"column":6},"end":{"line":59,"column":66}},"type":"binary-expr","locations":[{"start":{"line":59,"column":6},"end":{"line":59,"column":27}},{"start":{"line":59,"column":31},"end":{"line":59,"column":66}}]},"12":{"loc":{"start":{"line":62,"column":2},"end":{"line":64,"column":3}},"type":"if","locations":[{"start":{"line":62,"column":2},"end":{"line":64,"column":3}},{"start":{},"end":{}}]},"13":{"loc":{"start":{"line":62,"column":6},"end":{"line":62,"column":64}},"type":"binary-expr","locations":[{"start":{"line":62,"column":6},"end":{"line":62,"column":26}},{"start":{"line":62,"column":30},"end":{"line":62,"column":64}}]},"14":{"loc":{"start":{"line":67,"column":2},"end":{"line":69,"column":3}},"type":"if","locations":[{"start":{"line":67,"column":2},"end":{"line":69,"column":3}},{"start":{},"end":{}}]},"15":{"loc":{"start":{"line":67,"column":6},"end":{"line":67,"column":63}},"type":"binary-expr","locations":[{"start":{"line":67,"column":6},"end":{"line":67,"column":27}},{"start":{"line":67,"column":31},"end":{"line":67,"column":63}}]},"16":{"loc":{"start":{"line":72,"column":2},"end":{"line":77,"column":3}},"type":"if","locations":[{"start":{"line":72,"column":2},"end":{"line":77,"column":3}},{"start":{},"end":{}}]},"17":{"loc":{"start":{"line":73,"column":4},"end":{"line":74,"column":57}},"type":"binary-expr","locations":[{"start":{"line":73,"column":4},"end":{"line":73,"column":31}},{"start":{"line":74,"column":4},"end":{"line":74,"column":57}}]},"18":{"loc":{"start":{"line":83,"column":2},"end":{"line":89,"column":3}},"type":"if","locations":[{"start":{"line":83,"column":2},"end":{"line":89,"column":3}},{"start":{},"end":{}}]},"19":{"loc":{"start":{"line":102,"column":9},"end":{"line":102,"column":55}},"type":"binary-expr","locations":[{"start":{"line":102,"column":9},"end":{"line":102,"column":29}},{"start":{"line":102,"column":33},"end":{"line":102,"column":55}}]},"20":{"loc":{"start":{"line":133,"column":2},"end":{"line":133,"column":32}},"type":"default-arg","locations":[{"start":{"line":133,"column":22},"end":{"line":133,"column":32}}]},"21":{"loc":{"start":{"line":227,"column":2},"end":{"line":233,"column":3}},"type":"if","locations":[{"start":{"line":227,"column":2},"end":{"line":233,"column":3}},{"start":{"line":229,"column":9},"end":{"line":233,"column":3}}]},"22":{"loc":{"start":{"line":229,"column":9},"end":{"line":233,"column":3}},"type":"if","locations":[{"start":{"line":229,"column":9},"end":{"line":233,"column":3}},{"start":{"line":231,"column":9},"end":{"line":233,"column":3}}]}},"s":{"0":0,"1":0,"2":0,"3":0,"4":0,"5":0,"6":0,"7":0,"8":0,"9":0,"10":0,"11":0,"12":0,"13":0,"14":0,"15":0,"16":0,"17":0,"18":0,"19":0,"20":0,"21":0,"22":0,"23":0,"24":0,"25":0,"26":0,"27":0,"28":0,"29":0,"30":0,"31":0,"32":0,"33":0,"34":0,"35":0,"36":0,"37":0,"38":0,"39":0,"40":0,"41":0,"42":0,"43":0,"44":0,"45":0,"46":0,"47":0,"48":0,"49":0,"50":0,"51":0,"52":0,"53":0,"54":0,"55":0,"56":0,"57":0,"58":0,"59":0,"60":0,"61":0,"62":0,"63":0,"64":0,"65":0,"66":0,"67":0,"68":0,"69":0,"70":0,"71":0,"72":0,"73":0,"74":0,"75":0,"76":0},"f":{"0":0,"1":0,"2":0,"3":0,"4":0,"5":0,"6":0,"7":0},"b":{"0":[0,0],"1":[0,0],"2":[0,0],"3":[0,0],"4":[0,0],"5":[0,0],"6":[0,0],"7":[0,0],"8":[0,0],"9":[0,0],"10":[0,0],"11":[0,0],"12":[0,0],"13":[0,0],"14":[0,0],"15":[0,0],"16":[0,0],"17":[0,0],"18":[0,0],"19":[0,0],"20":[0],"21":[0,0],"22":[0,0]}}
}
