{
  "/Users/dami/Documents/licensing-verification-platform/circuits/src/index.ts": {
    "path": "/Users/dami/Documents/licensing-verification-platform/circuits/src/index.ts",
    "statementMap": {
      "0": {
        "start": { "line": 17, "column": 0 },
        "end": { "line": 17, "column": 36 }
      },
      "1": {
        "start": { "line": 18, "column": 0 },
        "end": { "line": 18, "column": 34 }
      },
      "2": {
        "start": { "line": 21, "column": 0 },
        "end": { "line": 21, "column": 41 }
      },
      "3": {
        "start": { "line": 24, "column": 0 },
        "end": { "line": 24, "column": 31 }
      },
      "4": {
        "start": { "line": 27, "column": 0 },
        "end": { "line": 27, "column": 29 }
      },
      "5": {
        "start": { "line": 30, "column": 0 },
        "end": { "line": 30, "column": 28 }
      }
    },
    "fnMap": {},
    "branchMap": {},
    "s": { "0": 1, "1": 1, "2": 1, "3": 1, "4": 1, "5": 1 },
    "f": {},
    "b": {}
  },
  "/Users/dami/Documents/licensing-verification-platform/circuits/src/__tests__/utils/circuit-test-utils.ts": {
    "path": "/Users/dami/Documents/licensing-verification-platform/circuits/src/__tests__/utils/circuit-test-utils.ts",
    "statementMap": {
      "0": {
        "start": { "line": 6, "column": 0 },
        "end": { "line": 6, "column": 53 }
      },
      "1": {
        "start": { "line": 7, "column": 0 },
        "end": { "line": 7, "column": 64 }
      },
      "2": {
        "start": { "line": 36, "column": 26 },
        "end": { "line": 36, "column": 71 }
      },
      "3": {
        "start": { "line": 37, "column": 22 },
        "end": { "line": 37, "column": 39 }
      },
      "4": {
        "start": { "line": 39, "column": 4 },
        "end": { "line": 43, "column": 7 }
      },
      "5": {
        "start": { "line": 45, "column": 19 },
        "end": { "line": 45, "column": 48 }
      },
      "6": {
        "start": { "line": 46, "column": 20 },
        "end": { "line": 46, "column": 37 }
      },
      "7": {
        "start": { "line": 47, "column": 28 },
        "end": { "line": 47, "column": 47 }
      },
      "8": {
        "start": { "line": 49, "column": 30 },
        "end": { "line": 52, "column": 6 }
      },
      "9": {
        "start": { "line": 54, "column": 4 },
        "end": { "line": 54, "column": 57 }
      },
      "10": {
        "start": { "line": 55, "column": 4 },
        "end": { "line": 57, "column": 7 }
      },
      "11": {
        "start": { "line": 59, "column": 4 },
        "end": { "line": 59, "column": 29 }
      },
      "12": {
        "start": { "line": 69, "column": 26 },
        "end": { "line": 69, "column": 70 }
      },
      "13": {
        "start": { "line": 71, "column": 4 },
        "end": { "line": 74, "column": 7 }
      },
      "14": {
        "start": { "line": 76, "column": 20 },
        "end": { "line": 76, "column": 68 }
      },
      "15": {
        "start": { "line": 78, "column": 4 },
        "end": { "line": 83, "column": 7 }
      },
      "16": {
        "start": { "line": 81, "column": 17 },
        "end": { "line": 81, "column": 41 }
      },
      "17": {
        "start": { "line": 85, "column": 4 },
        "end": { "line": 85, "column": 19 }
      },
      "18": {
        "start": { "line": 92, "column": 26 },
        "end": { "line": 92, "column": 68 }
      },
      "19": {
        "start": { "line": 93, "column": 22 },
        "end": { "line": 93, "column": 39 }
      },
      "20": {
        "start": { "line": 95, "column": 4 },
        "end": { "line": 95, "column": 53 }
      },
      "21": {
        "start": { "line": 97, "column": 18 },
        "end": { "line": 97, "column": 53 }
      },
      "22": {
        "start": { "line": 98, "column": 20 },
        "end": { "line": 98, "column": 37 }
      },
      "23": {
        "start": { "line": 99, "column": 27 },
        "end": { "line": 99, "column": 46 }
      },
      "24": {
        "start": { "line": 101, "column": 24 },
        "end": { "line": 104, "column": 6 }
      },
      "25": {
        "start": { "line": 106, "column": 4 },
        "end": { "line": 106, "column": 72 }
      },
      "26": {
        "start": { "line": 107, "column": 4 },
        "end": { "line": 109, "column": 7 }
      },
      "27": {
        "start": { "line": 111, "column": 4 },
        "end": { "line": 111, "column": 23 }
      },
      "28": {
        "start": { "line": 122, "column": 26 },
        "end": { "line": 122, "column": 70 }
      },
      "29": {
        "start": { "line": 123, "column": 22 },
        "end": { "line": 123, "column": 39 }
      },
      "30": {
        "start": { "line": 125, "column": 4 },
        "end": { "line": 125, "column": 55 }
      },
      "31": {
        "start": { "line": 127, "column": 20 },
        "end": { "line": 127, "column": 63 }
      },
      "32": {
        "start": { "line": 128, "column": 20 },
        "end": { "line": 128, "column": 37 }
      },
      "33": {
        "start": { "line": 129, "column": 29 },
        "end": { "line": 129, "column": 48 }
      },
      "34": {
        "start": { "line": 131, "column": 31 },
        "end": { "line": 134, "column": 6 }
      },
      "35": {
        "start": { "line": 136, "column": 4 },
        "end": { "line": 140, "column": 6 }
      },
      "36": {
        "start": { "line": 141, "column": 4 },
        "end": { "line": 144, "column": 7 }
      },
      "37": {
        "start": { "line": 146, "column": 4 },
        "end": { "line": 146, "column": 30 }
      },
      "38": {
        "start": { "line": 156, "column": 26 },
        "end": { "line": 156, "column": 75 }
      },
      "39": {
        "start": { "line": 157, "column": 22 },
        "end": { "line": 157, "column": 39 }
      },
      "40": {
        "start": { "line": 159, "column": 4 },
        "end": { "line": 159, "column": 69 }
      },
      "41": {
        "start": { "line": 161, "column": 4 },
        "end": { "line": 221, "column": 5 }
      },
      "42": {
        "start": { "line": 162, "column": 22 },
        "end": { "line": 162, "column": 65 }
      },
      "43": {
        "start": { "line": 163, "column": 20 },
        "end": { "line": 163, "column": 53 }
      },
      "44": {
        "start": { "line": 164, "column": 28 },
        "end": { "line": 166, "column": null }
      },
      "45": {
        "start": { "line": 168, "column": 33 },
        "end": { "line": 171, "column": null }
      },
      "46": {
        "start": { "line": 174, "column": 22 },
        "end": { "line": 174, "column": 39 }
      },
      "47": {
        "start": { "line": 175, "column": 23 },
        "end": { "line": 175, "column": 42 }
      },
      "48": {
        "start": { "line": 177, "column": 21 },
        "end": { "line": 183, "column": 8 }
      },
      "49": {
        "start": { "line": 185, "column": 6 },
        "end": { "line": 189, "column": 8 }
      },
      "50": {
        "start": { "line": 190, "column": 6 },
        "end": { "line": 193, "column": 9 }
      },
      "51": {
        "start": { "line": 195, "column": 6 },
        "end": { "line": 195, "column": 20 }
      },
      "52": {
        "start": { "line": 197, "column": 22 },
        "end": { "line": 197, "column": 39 }
      },
      "53": {
        "start": { "line": 198, "column": 23 },
        "end": { "line": 198, "column": 42 }
      },
      "54": {
        "start": { "line": 200, "column": 6 },
        "end": { "line": 203, "column": 8 }
      },
      "55": {
        "start": { "line": 204, "column": 6 },
        "end": { "line": 211, "column": 8 }
      },
      "56": {
        "start": { "line": 213, "column": 6 },
        "end": { "line": 220, "column": 8 }
      },
      "57": {
        "start": { "line": 231, "column": 22 },
        "end": { "line": 231, "column": 39 }
      },
      "58": {
        "start": { "line": 233, "column": 20 },
        "end": { "line": 236, "column": null }
      },
      "59": {
        "start": { "line": 235, "column": 8 },
        "end": { "line": 235, "column": 52 }
      },
      "60": {
        "start": { "line": 239, "column": 20 },
        "end": { "line": 239, "column": 37 }
      },
      "61": {
        "start": { "line": 241, "column": 30 },
        "end": { "line": 243, "column": 73 }
      },
      "62": {
        "start": { "line": 242, "column": 21 },
        "end": { "line": 242, "column": 45 }
      },
      "63": {
        "start": { "line": 243, "column": 19 },
        "end": { "line": 243, "column": 72 }
      },
      "64": {
        "start": { "line": 245, "column": 26 },
        "end": { "line": 247, "column": 54 }
      },
      "65": {
        "start": { "line": 246, "column": 21 },
        "end": { "line": 246, "column": 44 }
      },
      "66": {
        "start": { "line": 247, "column": 19 },
        "end": { "line": 247, "column": 53 }
      },
      "67": {
        "start": { "line": 249, "column": 4 },
        "end": { "line": 254, "column": 6 }
      },
      "68": {
        "start": { "line": 264, "column": 4 },
        "end": { "line": 270, "column": 10 }
      },
      "69": {
        "start": { "line": 266, "column": 26 },
        "end": { "line": 270, "column": 8 }
      },
      "70": {
        "start": { "line": 277, "column": 4 },
        "end": { "line": 279, "column": 70 }
      },
      "71": {
        "start": { "line": 279, "column": 25 },
        "end": { "line": 279, "column": 68 }
      },
      "72": {
        "start": { "line": 296, "column": 28 },
        "end": { "line": 296, "column": 30 }
      },
      "73": {
        "start": { "line": 298, "column": 4 },
        "end": { "line": 318, "column": 5 }
      },
      "74": {
        "start": { "line": 298, "column": 17 },
        "end": { "line": 298, "column": 18 }
      },
      "75": {
        "start": { "line": 299, "column": 24 },
        "end": { "line": 299, "column": 41 }
      },
      "76": {
        "start": { "line": 301, "column": 6 },
        "end": { "line": 314, "column": 7 }
      },
      "77": {
        "start": { "line": 303, "column": 10 },
        "end": { "line": 303, "column": 38 }
      },
      "78": {
        "start": { "line": 304, "column": 10 },
        "end": { "line": 304, "column": 16 }
      },
      "79": {
        "start": { "line": 306, "column": 10 },
        "end": { "line": 306, "column": 55 }
      },
      "80": {
        "start": { "line": 307, "column": 10 },
        "end": { "line": 307, "column": 16 }
      },
      "81": {
        "start": { "line": 309, "column": 10 },
        "end": { "line": 309, "column": 54 }
      },
      "82": {
        "start": { "line": 310, "column": 10 },
        "end": { "line": 310, "column": 16 }
      },
      "83": {
        "start": { "line": 312, "column": 10 },
        "end": { "line": 312, "column": 71 }
      },
      "84": {
        "start": { "line": 313, "column": 10 },
        "end": { "line": 313, "column": 16 }
      },
      "85": {
        "start": { "line": 316, "column": 22 },
        "end": { "line": 316, "column": 39 }
      },
      "86": {
        "start": { "line": 317, "column": 6 },
        "end": { "line": 317, "column": 38 }
      },
      "87": {
        "start": { "line": 320, "column": 4 },
        "end": { "line": 327, "column": 6 }
      },
      "88": {
        "start": { "line": 323, "column": 45 },
        "end": { "line": 323, "column": 55 }
      },
      "89": {
        "start": { "line": 324, "column": 47 },
        "end": { "line": 324, "column": 57 }
      },
      "90": {
        "start": { "line": 338, "column": 26 },
        "end": { "line": 338, "column": 47 }
      },
      "91": {
        "start": { "line": 339, "column": 19 },
        "end": { "line": 339, "column": 30 }
      },
      "92": {
        "start": { "line": 340, "column": 24 },
        "end": { "line": 340, "column": 45 }
      },
      "93": {
        "start": { "line": 342, "column": 24 },
        "end": { "line": 348, "column": 6 }
      },
      "94": {
        "start": { "line": 350, "column": 4 },
        "end": { "line": 354, "column": 6 }
      },
      "95": {
        "start": { "line": 370, "column": 23 },
        "end": { "line": 375, "column": 6 }
      },
      "96": {
        "start": { "line": 377, "column": 19 },
        "end": { "line": 377, "column": 35 }
      },
      "97": {
        "start": { "line": 378, "column": 22 },
        "end": { "line": 378, "column": 39 }
      },
      "98": {
        "start": { "line": 379, "column": 30 },
        "end": { "line": 379, "column": 31 }
      },
      "99": {
        "start": { "line": 380, "column": 17 },
        "end": { "line": 380, "column": 18 }
      },
      "100": {
        "start": { "line": 381, "column": 37 },
        "end": { "line": 381, "column": 39 }
      },
      "101": {
        "start": { "line": 383, "column": 25 },
        "end": { "line": 395, "column": 5 }
      },
      "102": {
        "start": { "line": 384, "column": 6 },
        "end": { "line": 394, "column": 7 }
      },
      "103": {
        "start": { "line": 385, "column": 28 },
        "end": { "line": 385, "column": 45 }
      },
      "104": {
        "start": { "line": 386, "column": 8 },
        "end": { "line": 386, "column": 69 }
      },
      "105": {
        "start": { "line": 387, "column": 26 },
        "end": { "line": 387, "column": 43 }
      },
      "106": {
        "start": { "line": 389, "column": 8 },
        "end": { "line": 389, "column": 53 }
      },
      "107": {
        "start": { "line": 390, "column": 8 },
        "end": { "line": 390, "column": 30 }
      },
      "108": {
        "start": { "line": 392, "column": 8 },
        "end": { "line": 392, "column": 73 }
      },
      "109": {
        "start": { "line": 393, "column": 8 },
        "end": { "line": 393, "column": 17 }
      },
      "110": {
        "start": { "line": 397, "column": 36 },
        "end": { "line": 402, "column": 5 }
      },
      "111": {
        "start": { "line": 398, "column": 23 },
        "end": { "line": 400, "column": 34 }
      },
      "112": {
        "start": { "line": 400, "column": 19 },
        "end": { "line": 400, "column": 33 }
      },
      "113": {
        "start": { "line": 401, "column": 6 },
        "end": { "line": 401, "column": 41 }
      },
      "114": {
        "start": { "line": 405, "column": 4 },
        "end": { "line": 408, "column": 5 }
      },
      "115": {
        "start": { "line": 406, "column": 6 },
        "end": { "line": 406, "column": 38 }
      },
      "116": {
        "start": { "line": 407, "column": 6 },
        "end": { "line": 407, "column": 72 }
      },
      "117": {
        "start": { "line": 407, "column": 37 },
        "end": { "line": 407, "column": 70 }
      },
      "118": {
        "start": { "line": 410, "column": 26 },
        "end": { "line": 410, "column": 55 }
      },
      "119": {
        "start": { "line": 412, "column": 6 },
        "end": { "line": 415, "column": 11 }
      },
      "120": {
        "start": { "line": 413, "column": 47 },
        "end": { "line": 413, "column": 57 }
      },
      "121": {
        "start": { "line": 417, "column": 4 },
        "end": { "line": 423, "column": 6 }
      },
      "122": {
        "start": { "line": 31, "column": 0 },
        "end": { "line": 31, "column": 13 }
      }
    },
    "fnMap": {
      "0": {
        "name": "(anonymous_0)",
        "decl": {
          "start": { "line": 35, "column": 2 },
          "end": { "line": 35, "column": 8 }
        },
        "loc": {
          "start": { "line": 35, "column": 29 },
          "end": { "line": 60, "column": 3 }
        }
      },
      "1": {
        "name": "(anonymous_1)",
        "decl": {
          "start": { "line": 65, "column": 2 },
          "end": { "line": 65, "column": 8 }
        },
        "loc": {
          "start": { "line": 67, "column": 48 },
          "end": { "line": 86, "column": 3 }
        }
      },
      "2": {
        "name": "(anonymous_2)",
        "decl": {
          "start": { "line": 81, "column": 8 },
          "end": { "line": 81, "column": 9 }
        },
        "loc": {
          "start": { "line": 81, "column": 17 },
          "end": { "line": 81, "column": 41 }
        }
      },
      "3": {
        "name": "(anonymous_3)",
        "decl": {
          "start": { "line": 91, "column": 2 },
          "end": { "line": 91, "column": 8 }
        },
        "loc": {
          "start": { "line": 91, "column": 50 },
          "end": { "line": 112, "column": 3 }
        }
      },
      "4": {
        "name": "(anonymous_4)",
        "decl": {
          "start": { "line": 117, "column": 2 },
          "end": { "line": 117, "column": 8 }
        },
        "loc": {
          "start": { "line": 120, "column": 37 },
          "end": { "line": 147, "column": 3 }
        }
      },
      "5": {
        "name": "(anonymous_5)",
        "decl": {
          "start": { "line": 152, "column": 2 },
          "end": { "line": 152, "column": 8 }
        },
        "loc": {
          "start": { "line": 154, "column": 48 },
          "end": { "line": 222, "column": 3 }
        }
      },
      "6": {
        "name": "(anonymous_6)",
        "decl": {
          "start": { "line": 227, "column": 2 },
          "end": { "line": 227, "column": 8 }
        },
        "loc": {
          "start": { "line": 229, "column": 48 },
          "end": { "line": 255, "column": 3 }
        }
      },
      "7": {
        "name": "(anonymous_7)",
        "decl": {
          "start": { "line": 234, "column": 22 },
          "end": { "line": 234, "column": 23 }
        },
        "loc": {
          "start": { "line": 235, "column": 8 },
          "end": { "line": 235, "column": 52 }
        }
      },
      "8": {
        "name": "(anonymous_8)",
        "decl": {
          "start": { "line": 242, "column": 14 },
          "end": { "line": 242, "column": 15 }
        },
        "loc": {
          "start": { "line": 242, "column": 21 },
          "end": { "line": 242, "column": 45 }
        }
      },
      "9": {
        "name": "(anonymous_9)",
        "decl": {
          "start": { "line": 243, "column": 11 },
          "end": { "line": 243, "column": 12 }
        },
        "loc": {
          "start": { "line": 243, "column": 19 },
          "end": { "line": 243, "column": 72 }
        }
      },
      "10": {
        "name": "(anonymous_10)",
        "decl": {
          "start": { "line": 246, "column": 14 },
          "end": { "line": 246, "column": 15 }
        },
        "loc": {
          "start": { "line": 246, "column": 21 },
          "end": { "line": 246, "column": 44 }
        }
      },
      "11": {
        "name": "(anonymous_11)",
        "decl": {
          "start": { "line": 247, "column": 11 },
          "end": { "line": 247, "column": 12 }
        },
        "loc": {
          "start": { "line": 247, "column": 19 },
          "end": { "line": 247, "column": 53 }
        }
      },
      "12": {
        "name": "(anonymous_12)",
        "decl": {
          "start": { "line": 260, "column": 2 },
          "end": { "line": 260, "column": 8 }
        },
        "loc": {
          "start": { "line": 262, "column": 74 },
          "end": { "line": 271, "column": 3 }
        }
      },
      "13": {
        "name": "(anonymous_13)",
        "decl": {
          "start": { "line": 266, "column": 11 },
          "end": { "line": 266, "column": 12 }
        },
        "loc": {
          "start": { "line": 266, "column": 26 },
          "end": { "line": 270, "column": 8 }
        }
      },
      "14": {
        "name": "(anonymous_14)",
        "decl": {
          "start": { "line": 276, "column": 2 },
          "end": { "line": 276, "column": 8 }
        },
        "loc": {
          "start": { "line": 276, "column": 45 },
          "end": { "line": 280, "column": 3 }
        }
      },
      "15": {
        "name": "(anonymous_15)",
        "decl": {
          "start": { "line": 279, "column": 11 },
          "end": { "line": 279, "column": 12 }
        },
        "loc": {
          "start": { "line": 279, "column": 25 },
          "end": { "line": 279, "column": 68 }
        }
      },
      "16": {
        "name": "(anonymous_16)",
        "decl": {
          "start": { "line": 285, "column": 2 },
          "end": { "line": 285, "column": 8 }
        },
        "loc": {
          "start": { "line": 287, "column": 20 },
          "end": { "line": 328, "column": 3 }
        }
      },
      "17": {
        "name": "(anonymous_17)",
        "decl": {
          "start": { "line": 323, "column": 30 },
          "end": { "line": 323, "column": 31 }
        },
        "loc": {
          "start": { "line": 323, "column": 45 },
          "end": { "line": 323, "column": 55 }
        }
      },
      "18": {
        "name": "(anonymous_18)",
        "decl": {
          "start": { "line": 324, "column": 32 },
          "end": { "line": 324, "column": 33 }
        },
        "loc": {
          "start": { "line": 324, "column": 47 },
          "end": { "line": 324, "column": 57 }
        }
      },
      "19": {
        "name": "(anonymous_19)",
        "decl": {
          "start": { "line": 333, "column": 2 },
          "end": { "line": 333, "column": 8 }
        },
        "loc": {
          "start": { "line": 333, "column": 49 },
          "end": { "line": 355, "column": 3 }
        }
      },
      "20": {
        "name": "(anonymous_21)",
        "decl": {
          "start": { "line": 383, "column": 25 },
          "end": { "line": 383, "column": 30 }
        },
        "loc": {
          "start": { "line": 383, "column": 36 },
          "end": { "line": 395, "column": 5 }
        }
      },
      "21": {
        "name": "(anonymous_22)",
        "decl": {
          "start": { "line": 397, "column": 36 },
          "end": { "line": 397, "column": 41 }
        },
        "loc": {
          "start": { "line": 397, "column": 47 },
          "end": { "line": 402, "column": 5 }
        }
      },
      "22": {
        "name": "(anonymous_23)",
        "decl": {
          "start": { "line": 400, "column": 13 },
          "end": { "line": 400, "column": 16 }
        },
        "loc": {
          "start": { "line": 400, "column": 19 },
          "end": { "line": 400, "column": 33 }
        }
      },
      "23": {
        "name": "(anonymous_24)",
        "decl": {
          "start": { "line": 407, "column": 24 },
          "end": { "line": 407, "column": 25 }
        },
        "loc": {
          "start": { "line": 407, "column": 37 },
          "end": { "line": 407, "column": 70 }
        }
      },
      "24": {
        "name": "(anonymous_25)",
        "decl": {
          "start": { "line": 413, "column": 32 },
          "end": { "line": 413, "column": 33 }
        },
        "loc": {
          "start": { "line": 413, "column": 47 },
          "end": { "line": 413, "column": 57 }
        }
      }
    },
    "branchMap": {
      "0": {
        "loc": {
          "start": { "line": 67, "column": 4 },
          "end": { "line": 67, "column": 48 }
        },
        "type": "default-arg",
        "locations": [
          {
            "start": { "line": 67, "column": 24 },
            "end": { "line": 67, "column": 48 }
          }
        ]
      },
      "1": {
        "loc": {
          "start": { "line": 154, "column": 4 },
          "end": { "line": 154, "column": 48 }
        },
        "type": "default-arg",
        "locations": [
          {
            "start": { "line": 154, "column": 24 },
            "end": { "line": 154, "column": 48 }
          }
        ]
      },
      "2": {
        "loc": {
          "start": { "line": 229, "column": 4 },
          "end": { "line": 229, "column": 48 }
        },
        "type": "default-arg",
        "locations": [
          {
            "start": { "line": 229, "column": 24 },
            "end": { "line": 229, "column": 48 }
          }
        ]
      },
      "3": {
        "loc": {
          "start": { "line": 262, "column": 4 },
          "end": { "line": 262, "column": 74 }
        },
        "type": "default-arg",
        "locations": [
          {
            "start": { "line": 262, "column": 43 },
            "end": { "line": 262, "column": 74 }
          }
        ]
      },
      "4": {
        "loc": {
          "start": { "line": 287, "column": 4 },
          "end": { "line": 287, "column": 20 }
        },
        "type": "default-arg",
        "locations": [
          {
            "start": { "line": 287, "column": 17 },
            "end": { "line": 287, "column": 20 }
          }
        ]
      },
      "5": {
        "loc": {
          "start": { "line": 301, "column": 6 },
          "end": { "line": 314, "column": 7 }
        },
        "type": "switch",
        "locations": [
          {
            "start": { "line": 302, "column": 8 },
            "end": { "line": 304, "column": 16 }
          },
          {
            "start": { "line": 305, "column": 8 },
            "end": { "line": 307, "column": 16 }
          },
          {
            "start": { "line": 308, "column": 8 },
            "end": { "line": 310, "column": 16 }
          },
          {
            "start": { "line": 311, "column": 8 },
            "end": { "line": 313, "column": 16 }
          }
        ]
      },
      "6": {
        "loc": {
          "start": { "line": 362, "column": 4 },
          "end": { "line": 362, "column": 20 }
        },
        "type": "default-arg",
        "locations": [
          {
            "start": { "line": 362, "column": 15 },
            "end": { "line": 362, "column": 20 }
          }
        ]
      },
      "7": {
        "loc": {
          "start": { "line": 412, "column": 6 },
          "end": { "line": 415, "column": 11 }
        },
        "type": "cond-expr",
        "locations": [
          {
            "start": { "line": 413, "column": 10 },
            "end": { "line": 414, "column": 31 }
          },
          {
            "start": { "line": 415, "column": 10 },
            "end": { "line": 415, "column": 11 }
          }
        ]
      }
    },
    "s": {
      "0": 0,
      "1": 0,
      "2": 0,
      "3": 0,
      "4": 0,
      "5": 0,
      "6": 0,
      "7": 0,
      "8": 0,
      "9": 0,
      "10": 0,
      "11": 0,
      "12": 0,
      "13": 0,
      "14": 0,
      "15": 0,
      "16": 0,
      "17": 0,
      "18": 0,
      "19": 0,
      "20": 0,
      "21": 0,
      "22": 0,
      "23": 0,
      "24": 0,
      "25": 0,
      "26": 0,
      "27": 0,
      "28": 0,
      "29": 0,
      "30": 0,
      "31": 0,
      "32": 0,
      "33": 0,
      "34": 0,
      "35": 0,
      "36": 0,
      "37": 0,
      "38": 0,
      "39": 0,
      "40": 0,
      "41": 0,
      "42": 0,
      "43": 0,
      "44": 0,
      "45": 0,
      "46": 0,
      "47": 0,
      "48": 0,
      "49": 0,
      "50": 0,
      "51": 0,
      "52": 0,
      "53": 0,
      "54": 0,
      "55": 0,
      "56": 0,
      "57": 0,
      "58": 0,
      "59": 0,
      "60": 0,
      "61": 0,
      "62": 0,
      "63": 0,
      "64": 0,
      "65": 0,
      "66": 0,
      "67": 0,
      "68": 0,
      "69": 0,
      "70": 0,
      "71": 0,
      "72": 0,
      "73": 0,
      "74": 0,
      "75": 0,
      "76": 0,
      "77": 0,
      "78": 0,
      "79": 0,
      "80": 0,
      "81": 0,
      "82": 0,
      "83": 0,
      "84": 0,
      "85": 0,
      "86": 0,
      "87": 0,
      "88": 0,
      "89": 0,
      "90": 0,
      "91": 0,
      "92": 0,
      "93": 0,
      "94": 0,
      "95": 0,
      "96": 0,
      "97": 0,
      "98": 0,
      "99": 0,
      "100": 0,
      "101": 0,
      "102": 0,
      "103": 0,
      "104": 0,
      "105": 0,
      "106": 0,
      "107": 0,
      "108": 0,
      "109": 0,
      "110": 0,
      "111": 0,
      "112": 0,
      "113": 0,
      "114": 0,
      "115": 0,
      "116": 0,
      "117": 0,
      "118": 0,
      "119": 0,
      "120": 0,
      "121": 0,
      "122": 0
    },
    "f": {
      "0": 0,
      "1": 0,
      "2": 0,
      "3": 0,
      "4": 0,
      "5": 0,
      "6": 0,
      "7": 0,
      "8": 0,
      "9": 0,
      "10": 0,
      "11": 0,
      "12": 0,
      "13": 0,
      "14": 0,
      "15": 0,
      "16": 0,
      "17": 0,
      "18": 0,
      "19": 0,
      "20": 0,
      "21": 0,
      "22": 0,
      "23": 0,
      "24": 0
    },
    "b": {
      "0": [0],
      "1": [0],
      "2": [0],
      "3": [0],
      "4": [0],
      "5": [0, 0, 0, 0],
      "6": [0],
      "7": [0, 0]
    }
  },
  "/Users/dami/Documents/licensing-verification-platform/circuits/src/__tests__/utils/mock-data.ts": {
    "path": "/Users/dami/Documents/licensing-verification-platform/circuits/src/__tests__/utils/mock-data.ts",
    "statementMap": {
      "0": {
        "start": { "line": 6, "column": 13 },
        "end": { "line": 206, "column": 2 }
      },
      "1": {
        "start": { "line": 208, "column": 13 },
        "end": { "line": 219, "column": 2 }
      },
      "2": {
        "start": { "line": 221, "column": 13 },
        "end": { "line": 233, "column": 2 }
      },
      "3": {
        "start": { "line": 235, "column": 13 },
        "end": { "line": 246, "column": 2 }
      },
      "4": {
        "start": { "line": 248, "column": 13 },
        "end": { "line": 254, "column": 2 }
      },
      "5": {
        "start": { "line": 256, "column": 13 },
        "end": { "line": 278, "column": 2 }
      },
      "6": {
        "start": { "line": 280, "column": 13 },
        "end": { "line": 317, "column": 2 }
      },
      "7": {
        "start": { "line": 319, "column": 13 },
        "end": { "line": 325, "column": 2 }
      },
      "8": {
        "start": { "line": 327, "column": 13 },
        "end": { "line": 563, "column": 2 }
      },
      "9": {
        "start": { "line": 565, "column": 13 },
        "end": { "line": 598, "column": 2 }
      },
      "10": {
        "start": { "line": 568, "column": 24 },
        "end": { "line": 573, "column": 6 }
      },
      "11": {
        "start": { "line": 576, "column": 24 },
        "end": { "line": 581, "column": 6 }
      },
      "12": {
        "start": { "line": 584, "column": 24 },
        "end": { "line": 589, "column": 6 }
      },
      "13": {
        "start": { "line": 592, "column": 24 },
        "end": { "line": 597, "column": 6 }
      }
    },
    "fnMap": {
      "0": {
        "name": "(anonymous_0)",
        "decl": {
          "start": { "line": 568, "column": 9 },
          "end": { "line": 568, "column": 10 }
        },
        "loc": {
          "start": { "line": 568, "column": 24 },
          "end": { "line": 573, "column": 6 }
        }
      },
      "1": {
        "name": "(anonymous_1)",
        "decl": {
          "start": { "line": 576, "column": 9 },
          "end": { "line": 576, "column": 10 }
        },
        "loc": {
          "start": { "line": 576, "column": 24 },
          "end": { "line": 581, "column": 6 }
        }
      },
      "2": {
        "name": "(anonymous_2)",
        "decl": {
          "start": { "line": 584, "column": 9 },
          "end": { "line": 584, "column": 10 }
        },
        "loc": {
          "start": { "line": 584, "column": 24 },
          "end": { "line": 589, "column": 6 }
        }
      },
      "3": {
        "name": "(anonymous_3)",
        "decl": {
          "start": { "line": 592, "column": 9 },
          "end": { "line": 592, "column": 10 }
        },
        "loc": {
          "start": { "line": 592, "column": 24 },
          "end": { "line": 597, "column": 6 }
        }
      }
    },
    "branchMap": {},
    "s": {
      "0": 0,
      "1": 0,
      "2": 0,
      "3": 0,
      "4": 0,
      "5": 0,
      "6": 0,
      "7": 0,
      "8": 0,
      "9": 0,
      "10": 0,
      "11": 0,
      "12": 0,
      "13": 0
    },
    "f": { "0": 0, "1": 0, "2": 0, "3": 0 },
    "b": {}
  },
  "/Users/dami/Documents/licensing-verification-platform/circuits/src/lib/circuit-utils.ts": {
    "path": "/Users/dami/Documents/licensing-verification-platform/circuits/src/lib/circuit-utils.ts",
    "statementMap": {
      "0": {
        "start": { "line": 27, "column": 0 },
        "end": { "line": 27, "column": 7 }
      },
      "1": {
        "start": { "line": 82, "column": 0 },
        "end": { "line": 82, "column": 16 }
      },
      "2": {
        "start": { "line": 93, "column": 0 },
        "end": { "line": 93, "column": 16 }
      },
      "3": {
        "start": { "line": 120, "column": 0 },
        "end": { "line": 120, "column": 16 }
      },
      "4": {
        "start": { "line": 6, "column": 0 },
        "end": { "line": 6, "column": 41 }
      },
      "5": {
        "start": { "line": 7, "column": 0 },
        "end": { "line": 7, "column": 43 }
      },
      "6": {
        "start": { "line": 8, "column": 0 },
        "end": { "line": 8, "column": 28 }
      },
      "7": {
        "start": { "line": 9, "column": 0 },
        "end": { "line": 9, "column": 41 }
      },
      "8": {
        "start": { "line": 30, "column": 17 },
        "end": { "line": 30, "column": 57 }
      },
      "9": {
        "start": { "line": 31, "column": 20 },
        "end": { "line": 31, "column": 30 }
      },
      "10": {
        "start": { "line": 33, "column": 2 },
        "end": { "line": 33, "column": 34 }
      },
      "11": {
        "start": { "line": 36, "column": 2 },
        "end": { "line": 39, "column": 3 }
      },
      "12": {
        "start": { "line": 37, "column": 4 },
        "end": { "line": 37, "column": 54 }
      },
      "13": {
        "start": { "line": 38, "column": 4 },
        "end": { "line": 38, "column": 79 }
      },
      "14": {
        "start": { "line": 41, "column": 2 },
        "end": { "line": 76, "column": 3 }
      },
      "15": {
        "start": { "line": 43, "column": 20 },
        "end": { "line": 43, "column": 96 }
      },
      "16": {
        "start": { "line": 44, "column": 4 },
        "end": { "line": 44, "column": 63 }
      },
      "17": {
        "start": { "line": 46, "column": 4 },
        "end": { "line": 46, "column": 41 }
      },
      "18": {
        "start": { "line": 48, "column": 20 },
        "end": { "line": 48, "column": 30 }
      },
      "19": {
        "start": { "line": 49, "column": 28 },
        "end": { "line": 49, "column": 47 }
      },
      "20": {
        "start": { "line": 51, "column": 19 },
        "end": { "line": 56, "column": 6 }
      },
      "21": {
        "start": { "line": 58, "column": 4 },
        "end": { "line": 58, "column": 39 }
      },
      "22": {
        "start": { "line": 59, "column": 4 },
        "end": { "line": 62, "column": 7 }
      },
      "23": {
        "start": { "line": 64, "column": 4 },
        "end": { "line": 64, "column": 18 }
      },
      "24": {
        "start": { "line": 66, "column": 20 },
        "end": { "line": 66, "column": 30 }
      },
      "25": {
        "start": { "line": 67, "column": 28 },
        "end": { "line": 67, "column": 47 }
      },
      "26": {
        "start": { "line": 69, "column": 4 },
        "end": { "line": 69, "column": 52 }
      },
      "27": {
        "start": { "line": 70, "column": 4 },
        "end": { "line": 73, "column": 7 }
      },
      "28": {
        "start": { "line": 75, "column": 4 },
        "end": { "line": 75, "column": 60 }
      },
      "29": {
        "start": { "line": 83, "column": 2 },
        "end": { "line": 87, "column": 4 }
      },
      "30": {
        "start": { "line": 94, "column": 17 },
        "end": { "line": 94, "column": 57 }
      },
      "31": {
        "start": { "line": 96, "column": 19 },
        "end": { "line": 96, "column": 72 }
      },
      "32": {
        "start": { "line": 97, "column": 19 },
        "end": { "line": 97, "column": 72 }
      },
      "33": {
        "start": { "line": 98, "column": 18 },
        "end": { "line": 98, "column": 70 }
      },
      "34": {
        "start": { "line": 100, "column": 21 },
        "end": { "line": 100, "column": 41 }
      },
      "35": {
        "start": { "line": 101, "column": 21 },
        "end": { "line": 101, "column": 41 }
      },
      "36": {
        "start": { "line": 102, "column": 20 },
        "end": { "line": 102, "column": 39 }
      },
      "37": {
        "start": { "line": 104, "column": 19 },
        "end": { "line": 104, "column": 56 }
      },
      "38": {
        "start": { "line": 106, "column": 2 },
        "end": { "line": 112, "column": 5 }
      },
      "39": {
        "start": { "line": 114, "column": 2 },
        "end": { "line": 114, "column": 18 }
      },
      "40": {
        "start": { "line": 121, "column": 17 },
        "end": { "line": 121, "column": 53 }
      },
      "41": {
        "start": { "line": 123, "column": 16 },
        "end": { "line": 129, "column": 4 }
      },
      "42": {
        "start": { "line": 131, "column": 21 },
        "end": { "line": 131, "column": 22 }
      },
      "43": {
        "start": { "line": 133, "column": 2 },
        "end": { "line": 143, "column": 5 }
      },
      "44": {
        "start": { "line": 134, "column": 4 },
        "end": { "line": 142, "column": 5 }
      },
      "45": {
        "start": { "line": 135, "column": 6 },
        "end": { "line": 141, "column": 7 }
      },
      "46": {
        "start": { "line": 136, "column": 8 },
        "end": { "line": 136, "column": 34 }
      },
      "47": {
        "start": { "line": 137, "column": 8 },
        "end": { "line": 137, "column": 23 }
      },
      "48": {
        "start": { "line": 138, "column": 8 },
        "end": { "line": 138, "column": 55 }
      },
      "49": {
        "start": { "line": 140, "column": 8 },
        "end": { "line": 140, "column": 79 }
      },
      "50": {
        "start": { "line": 145, "column": 2 },
        "end": { "line": 149, "column": 5 }
      }
    },
    "fnMap": {
      "0": {
        "name": "compileCircuit",
        "decl": {
          "start": { "line": 27, "column": 22 },
          "end": { "line": 27, "column": 36 }
        },
        "loc": {
          "start": { "line": 28, "column": 23 },
          "end": { "line": 77, "column": 1 }
        }
      },
      "1": {
        "name": "getDefaultCircuitConfig",
        "decl": {
          "start": { "line": 82, "column": 16 },
          "end": { "line": 82, "column": 39 }
        },
        "loc": {
          "start": { "line": 82, "column": 39 },
          "end": { "line": 88, "column": 1 }
        }
      },
      "2": {
        "name": "circuitFilesExist",
        "decl": {
          "start": { "line": 93, "column": 16 },
          "end": { "line": 93, "column": 33 }
        },
        "loc": {
          "start": { "line": 93, "column": 55 },
          "end": { "line": 115, "column": 1 }
        }
      },
      "3": {
        "name": "cleanCircuitFiles",
        "decl": {
          "start": { "line": 120, "column": 16 },
          "end": { "line": 120, "column": 33 }
        },
        "loc": {
          "start": { "line": 120, "column": 55 },
          "end": { "line": 150, "column": 1 }
        }
      },
      "4": {
        "name": "(anonymous_4)",
        "decl": {
          "start": { "line": 133, "column": 16 },
          "end": { "line": 133, "column": 17 }
        },
        "loc": {
          "start": { "line": 133, "column": 25 },
          "end": { "line": 143, "column": 3 }
        }
      }
    },
    "branchMap": {
      "0": {
        "loc": {
          "start": { "line": 36, "column": 2 },
          "end": { "line": 39, "column": 3 }
        },
        "type": "if",
        "locations": [
          {
            "start": { "line": 36, "column": 2 },
            "end": { "line": 39, "column": 3 }
          },
          { "start": {}, "end": {} }
        ]
      },
      "1": {
        "loc": {
          "start": { "line": 104, "column": 19 },
          "end": { "line": 104, "column": 56 }
        },
        "type": "binary-expr",
        "locations": [
          {
            "start": { "line": 104, "column": 19 },
            "end": { "line": 104, "column": 29 }
          },
          {
            "start": { "line": 104, "column": 33 },
            "end": { "line": 104, "column": 43 }
          },
          {
            "start": { "line": 104, "column": 47 },
            "end": { "line": 104, "column": 56 }
          }
        ]
      },
      "2": {
        "loc": {
          "start": { "line": 134, "column": 4 },
          "end": { "line": 142, "column": 5 }
        },
        "type": "if",
        "locations": [
          {
            "start": { "line": 134, "column": 4 },
            "end": { "line": 142, "column": 5 }
          },
          { "start": {}, "end": {} }
        ]
      }
    },
    "s": {
      "0": 2,
      "1": 2,
      "2": 2,
      "3": 2,
      "4": 2,
      "5": 2,
      "6": 2,
      "7": 2,
      "8": 8,
      "9": 8,
      "10": 8,
      "11": 8,
      "12": 6,
      "13": 5,
      "14": 6,
      "15": 6,
      "16": 6,
      "17": 6,
      "18": 5,
      "19": 5,
      "20": 5,
      "21": 5,
      "22": 5,
      "23": 5,
      "24": 1,
      "25": 1,
      "26": 1,
      "27": 1,
      "28": 1,
      "29": 1,
      "30": 6,
      "31": 6,
      "32": 6,
      "33": 6,
      "34": 6,
      "35": 6,
      "36": 6,
      "37": 6,
      "38": 6,
      "39": 6,
      "40": 3,
      "41": 3,
      "42": 3,
      "43": 3,
      "44": 15,
      "45": 10,
      "46": 10,
      "47": 5,
      "48": 5,
      "49": 5,
      "50": 3
    },
    "f": { "0": 8, "1": 1, "2": 6, "3": 3, "4": 15 },
    "b": { "0": [6, 1], "1": [6, 5, 5], "2": [10, 5] }
  },
  "/Users/dami/Documents/licensing-verification-platform/circuits/src/lib/logger.ts": {
    "path": "/Users/dami/Documents/licensing-verification-platform/circuits/src/lib/logger.ts",
    "statementMap": {
      "0": {
        "start": { "line": 110, "column": 0 },
        "end": { "line": 110, "column": 16 }
      },
      "1": {
        "start": { "line": 6, "column": 0 },
        "end": { "line": 6, "column": null }
      },
      "2": {
        "start": { "line": 15, "column": 32 },
        "end": { "line": 65, "column": 2 }
      },
      "3": {
        "start": { "line": 70, "column": 60 },
        "end": { "line": 98, "column": 2 }
      },
      "4": {
        "start": { "line": 79, "column": 4 },
        "end": { "line": 95, "column": 5 }
      },
      "5": {
        "start": { "line": 80, "column": 23 },
        "end": { "line": 80, "column": 36 }
      },
      "6": {
        "start": { "line": 83, "column": 6 },
        "end": { "line": 92, "column": 9 }
      },
      "7": {
        "start": { "line": 84, "column": 8 },
        "end": { "line": 91, "column": 9 }
      },
      "8": {
        "start": { "line": 90, "column": 10 },
        "end": { "line": 90, "column": 47 }
      },
      "9": {
        "start": { "line": 94, "column": 6 },
        "end": { "line": 94, "column": 22 }
      },
      "10": {
        "start": { "line": 96, "column": 4 },
        "end": { "line": 96, "column": 18 }
      },
      "11": {
        "start": { "line": 103, "column": 13 },
        "end": { "line": 105, "column": 2 }
      },
      "12": {
        "start": { "line": 111, "column": 2 },
        "end": { "line": 115, "column": 5 }
      },
      "13": {
        "start": { "line": 125, "column": 4 },
        "end": { "line": 125, "column": 49 }
      },
      "14": {
        "start": { "line": 132, "column": 4 },
        "end": { "line": 132, "column": 36 }
      },
      "15": {
        "start": { "line": 139, "column": 4 },
        "end": { "line": 139, "column": 37 }
      },
      "16": {
        "start": { "line": 146, "column": 4 },
        "end": { "line": 146, "column": 44 }
      },
      "17": {
        "start": { "line": 153, "column": 4 },
        "end": { "line": 153, "column": 36 }
      },
      "18": {
        "start": { "line": 161, "column": 4 },
        "end": { "line": 165, "column": 7 }
      },
      "19": {
        "start": { "line": 170, "column": 4 },
        "end": { "line": 174, "column": 7 }
      },
      "20": {
        "start": { "line": 179, "column": 4 },
        "end": { "line": 182, "column": 7 }
      },
      "21": {
        "start": { "line": 189, "column": 4 },
        "end": { "line": 192, "column": 7 }
      },
      "22": {
        "start": { "line": 196, "column": 4 },
        "end": { "line": 200, "column": 7 }
      },
      "23": {
        "start": { "line": 204, "column": 4 },
        "end": { "line": 207, "column": 7 }
      },
      "24": {
        "start": { "line": 214, "column": 4 },
        "end": { "line": 217, "column": 7 }
      },
      "25": {
        "start": { "line": 225, "column": 4 },
        "end": { "line": 230, "column": 7 }
      },
      "26": {
        "start": { "line": 234, "column": 4 },
        "end": { "line": 237, "column": 7 }
      },
      "27": {
        "start": { "line": 244, "column": 4 },
        "end": { "line": 247, "column": 7 }
      },
      "28": {
        "start": { "line": 255, "column": 4 },
        "end": { "line": 260, "column": 7 }
      },
      "29": {
        "start": { "line": 264, "column": 4 },
        "end": { "line": 267, "column": 7 }
      },
      "30": {
        "start": { "line": 274, "column": 4 },
        "end": { "line": 277, "column": 7 }
      },
      "31": {
        "start": { "line": 281, "column": 4 },
        "end": { "line": 285, "column": 7 }
      },
      "32": {
        "start": { "line": 289, "column": 4 },
        "end": { "line": 292, "column": 7 }
      },
      "33": {
        "start": { "line": 300, "column": 4 },
        "end": { "line": 300, "column": 59 }
      },
      "34": {
        "start": { "line": 308, "column": 4 },
        "end": { "line": 311, "column": 7 }
      },
      "35": {
        "start": { "line": 319, "column": 4 },
        "end": { "line": 323, "column": 7 }
      },
      "36": {
        "start": { "line": 121, "column": 0 },
        "end": { "line": 121, "column": 13 }
      },
      "37": {
        "start": { "line": 330, "column": 13 },
        "end": { "line": 330, "column": 76 }
      }
    },
    "fnMap": {
      "0": {
        "name": "(anonymous_0)",
        "decl": {
          "start": { "line": 77, "column": 18 },
          "end": { "line": 77, "column": 19 }
        },
        "loc": {
          "start": { "line": 77, "column": 34 },
          "end": { "line": 97, "column": 3 }
        }
      },
      "1": {
        "name": "(anonymous_1)",
        "decl": {
          "start": { "line": 83, "column": 36 },
          "end": { "line": 83, "column": 37 }
        },
        "loc": {
          "start": { "line": 83, "column": 44 },
          "end": { "line": 92, "column": 7 }
        }
      },
      "2": {
        "name": "createCircuitLogger",
        "decl": {
          "start": { "line": 110, "column": 16 },
          "end": { "line": 110, "column": 35 }
        },
        "loc": {
          "start": { "line": 110, "column": 53 },
          "end": { "line": 116, "column": 1 }
        }
      },
      "3": {
        "name": "(anonymous_3)",
        "decl": {
          "start": { "line": 124, "column": 2 },
          "end": { "line": 124, "column": 14 }
        },
        "loc": {
          "start": { "line": 124, "column": 31 },
          "end": { "line": 126, "column": 3 }
        }
      },
      "4": {
        "name": "(anonymous_4)",
        "decl": {
          "start": { "line": 131, "column": 2 },
          "end": { "line": 131, "column": 6 }
        },
        "loc": {
          "start": { "line": 131, "column": 38 },
          "end": { "line": 133, "column": 3 }
        }
      },
      "5": {
        "name": "(anonymous_5)",
        "decl": {
          "start": { "line": 138, "column": 2 },
          "end": { "line": 138, "column": 7 }
        },
        "loc": {
          "start": { "line": 138, "column": 39 },
          "end": { "line": 140, "column": 3 }
        }
      },
      "6": {
        "name": "(anonymous_6)",
        "decl": {
          "start": { "line": 145, "column": 2 },
          "end": { "line": 145, "column": 7 }
        },
        "loc": {
          "start": { "line": 145, "column": 64 },
          "end": { "line": 147, "column": 3 }
        }
      },
      "7": {
        "name": "(anonymous_7)",
        "decl": {
          "start": { "line": 152, "column": 2 },
          "end": { "line": 152, "column": 6 }
        },
        "loc": {
          "start": { "line": 152, "column": 38 },
          "end": { "line": 154, "column": 3 }
        }
      },
      "8": {
        "name": "(anonymous_8)",
        "decl": {
          "start": { "line": 160, "column": 2 },
          "end": { "line": 160, "column": 18 }
        },
        "loc": {
          "start": { "line": 160, "column": 30 },
          "end": { "line": 166, "column": 3 }
        }
      },
      "9": {
        "name": "(anonymous_9)",
        "decl": {
          "start": { "line": 169, "column": 2 },
          "end": { "line": 169, "column": 21 }
        },
        "loc": {
          "start": { "line": 169, "column": 33 },
          "end": { "line": 175, "column": 3 }
        }
      },
      "10": {
        "name": "(anonymous_10)",
        "decl": {
          "start": { "line": 178, "column": 2 },
          "end": { "line": 178, "column": 18 }
        },
        "loc": {
          "start": { "line": 178, "column": 44 },
          "end": { "line": 183, "column": 3 }
        }
      },
      "11": {
        "name": "(anonymous_11)",
        "decl": {
          "start": { "line": 188, "column": 2 },
          "end": { "line": 188, "column": 22 }
        },
        "loc": {
          "start": { "line": 188, "column": 43 },
          "end": { "line": 193, "column": 3 }
        }
      },
      "12": {
        "name": "(anonymous_12)",
        "decl": {
          "start": { "line": 195, "column": 2 },
          "end": { "line": 195, "column": 25 }
        },
        "loc": {
          "start": { "line": 195, "column": 64 },
          "end": { "line": 201, "column": 3 }
        }
      },
      "13": {
        "name": "(anonymous_13)",
        "decl": {
          "start": { "line": 203, "column": 2 },
          "end": { "line": 203, "column": 22 }
        },
        "loc": {
          "start": { "line": 203, "column": 57 },
          "end": { "line": 208, "column": 3 }
        }
      },
      "14": {
        "name": "(anonymous_14)",
        "decl": {
          "start": { "line": 213, "column": 2 },
          "end": { "line": 213, "column": 24 }
        },
        "loc": {
          "start": { "line": 213, "column": 45 },
          "end": { "line": 218, "column": 3 }
        }
      },
      "15": {
        "name": "(anonymous_15)",
        "decl": {
          "start": { "line": 220, "column": 2 },
          "end": { "line": 220, "column": 27 }
        },
        "loc": {
          "start": { "line": 223, "column": 20 },
          "end": { "line": 231, "column": 3 }
        }
      },
      "16": {
        "name": "(anonymous_16)",
        "decl": {
          "start": { "line": 233, "column": 2 },
          "end": { "line": 233, "column": 24 }
        },
        "loc": {
          "start": { "line": 233, "column": 59 },
          "end": { "line": 238, "column": 3 }
        }
      },
      "17": {
        "name": "(anonymous_17)",
        "decl": {
          "start": { "line": 243, "column": 2 },
          "end": { "line": 243, "column": 27 }
        },
        "loc": {
          "start": { "line": 243, "column": 48 },
          "end": { "line": 248, "column": 3 }
        }
      },
      "18": {
        "name": "(anonymous_18)",
        "decl": {
          "start": { "line": 250, "column": 2 },
          "end": { "line": 250, "column": 30 }
        },
        "loc": {
          "start": { "line": 253, "column": 20 },
          "end": { "line": 261, "column": 3 }
        }
      },
      "19": {
        "name": "(anonymous_19)",
        "decl": {
          "start": { "line": 263, "column": 2 },
          "end": { "line": 263, "column": 27 }
        },
        "loc": {
          "start": { "line": 263, "column": 62 },
          "end": { "line": 268, "column": 3 }
        }
      },
      "20": {
        "name": "(anonymous_20)",
        "decl": {
          "start": { "line": 273, "column": 2 },
          "end": { "line": 273, "column": 12 }
        },
        "loc": {
          "start": { "line": 273, "column": 30 },
          "end": { "line": 278, "column": 3 }
        }
      },
      "21": {
        "name": "(anonymous_21)",
        "decl": {
          "start": { "line": 280, "column": 2 },
          "end": { "line": 280, "column": 15 }
        },
        "loc": {
          "start": { "line": 280, "column": 51 },
          "end": { "line": 286, "column": 3 }
        }
      },
      "22": {
        "name": "(anonymous_22)",
        "decl": {
          "start": { "line": 288, "column": 2 },
          "end": { "line": 288, "column": 12 }
        },
        "loc": {
          "start": { "line": 288, "column": 44 },
          "end": { "line": 293, "column": 3 }
        }
      },
      "23": {
        "name": "(anonymous_23)",
        "decl": {
          "start": { "line": 299, "column": 2 },
          "end": { "line": 299, "column": 13 }
        },
        "loc": {
          "start": { "line": 299, "column": 65 },
          "end": { "line": 301, "column": 3 }
        }
      },
      "24": {
        "name": "(anonymous_24)",
        "decl": {
          "start": { "line": 307, "column": 2 },
          "end": { "line": 307, "column": 10 }
        },
        "loc": {
          "start": { "line": 307, "column": 35 },
          "end": { "line": 312, "column": 3 }
        }
      },
      "25": {
        "name": "(anonymous_25)",
        "decl": {
          "start": { "line": 318, "column": 2 },
          "end": { "line": 318, "column": 7 }
        },
        "loc": {
          "start": { "line": 318, "column": 32 },
          "end": { "line": 324, "column": 3 }
        }
      }
    },
    "branchMap": {
      "0": {
        "loc": {
          "start": { "line": 72, "column": 9 },
          "end": { "line": 72, "column": 51 }
        },
        "type": "binary-expr",
        "locations": [
          {
            "start": { "line": 72, "column": 9 },
            "end": { "line": 72, "column": 41 }
          },
          {
            "start": { "line": 72, "column": 45 },
            "end": { "line": 72, "column": 51 }
          }
        ]
      },
      "1": {
        "loc": {
          "start": { "line": 75, "column": 15 },
          "end": { "line": 75, "column": 55 }
        },
        "type": "binary-expr",
        "locations": [
          {
            "start": { "line": 75, "column": 15 },
            "end": { "line": 75, "column": 38 }
          },
          {
            "start": { "line": 75, "column": 42 },
            "end": { "line": 75, "column": 55 }
          }
        ]
      },
      "2": {
        "loc": {
          "start": { "line": 79, "column": 4 },
          "end": { "line": 95, "column": 5 }
        },
        "type": "if",
        "locations": [
          {
            "start": { "line": 79, "column": 4 },
            "end": { "line": 95, "column": 5 }
          },
          { "start": {}, "end": {} }
        ]
      },
      "3": {
        "loc": {
          "start": { "line": 79, "column": 8 },
          "end": { "line": 79, "column": 44 }
        },
        "type": "binary-expr",
        "locations": [
          {
            "start": { "line": 79, "column": 8 },
            "end": { "line": 79, "column": 14 }
          },
          {
            "start": { "line": 79, "column": 18 },
            "end": { "line": 79, "column": 44 }
          }
        ]
      },
      "4": {
        "loc": {
          "start": { "line": 84, "column": 8 },
          "end": { "line": 91, "column": 9 }
        },
        "type": "if",
        "locations": [
          {
            "start": { "line": 84, "column": 8 },
            "end": { "line": 91, "column": 9 }
          },
          { "start": {}, "end": {} }
        ]
      },
      "5": {
        "loc": {
          "start": { "line": 85, "column": 10 },
          "end": { "line": 88, "column": 45 }
        },
        "type": "binary-expr",
        "locations": [
          {
            "start": { "line": 85, "column": 10 },
            "end": { "line": 85, "column": 47 }
          },
          {
            "start": { "line": 86, "column": 10 },
            "end": { "line": 86, "column": 46 }
          },
          {
            "start": { "line": 87, "column": 10 },
            "end": { "line": 87, "column": 47 }
          },
          {
            "start": { "line": 88, "column": 10 },
            "end": { "line": 88, "column": 45 }
          }
        ]
      },
      "6": {
        "loc": {
          "start": { "line": 172, "column": 16 },
          "end": { "line": 172, "column": 52 }
        },
        "type": "cond-expr",
        "locations": [
          {
            "start": { "line": 172, "column": 30 },
            "end": { "line": 172, "column": 41 }
          },
          {
            "start": { "line": 172, "column": 44 },
            "end": { "line": 172, "column": 52 }
          }
        ]
      },
      "7": {
        "loc": {
          "start": { "line": 173, "column": 16 },
          "end": { "line": 173, "column": 52 }
        },
        "type": "cond-expr",
        "locations": [
          {
            "start": { "line": 173, "column": 30 },
            "end": { "line": 173, "column": 41 }
          },
          {
            "start": { "line": 173, "column": 44 },
            "end": { "line": 173, "column": 52 }
          }
        ]
      }
    },
    "s": {
      "0": 12,
      "1": 12,
      "2": 12,
      "3": 12,
      "4": 234,
      "5": 234,
      "6": 234,
      "7": 219,
      "8": 2,
      "9": 234,
      "10": 0,
      "11": 12,
      "12": 150,
      "13": 148,
      "14": 194,
      "15": 4,
      "16": 4,
      "17": 3,
      "18": 3,
      "19": 3,
      "20": 1,
      "21": 3,
      "22": 3,
      "23": 1,
      "24": 2,
      "25": 2,
      "26": 1,
      "27": 1,
      "28": 2,
      "29": 1,
      "30": 1,
      "31": 1,
      "32": 1,
      "33": 3,
      "34": 4,
      "35": 4,
      "36": 12,
      "37": 12
    },
    "f": {
      "0": 234,
      "1": 219,
      "2": 150,
      "3": 148,
      "4": 194,
      "5": 4,
      "6": 4,
      "7": 3,
      "8": 3,
      "9": 3,
      "10": 1,
      "11": 3,
      "12": 3,
      "13": 1,
      "14": 2,
      "15": 2,
      "16": 1,
      "17": 1,
      "18": 2,
      "19": 1,
      "20": 1,
      "21": 1,
      "22": 1,
      "23": 3,
      "24": 4,
      "25": 4
    },
    "b": {
      "0": [12, 12],
      "1": [12, 0],
      "2": [234, 0],
      "3": [234, 234],
      "4": [2, 217],
      "5": [219, 219, 219, 218],
      "6": [3, 0],
      "7": [3, 0]
    }
  },
  "/Users/dami/Documents/licensing-verification-platform/circuits/src/lib/networks.ts": {
    "path": "/Users/dami/Documents/licensing-verification-platform/circuits/src/lib/networks.ts",
    "statementMap": {
      "0": {
        "start": { "line": 75, "column": 0 },
        "end": { "line": 75, "column": 16 }
      },
      "1": {
        "start": { "line": 91, "column": 0 },
        "end": { "line": 91, "column": 16 }
      },
      "2": {
        "start": { "line": 16, "column": 13 },
        "end": { "line": 73, "column": 11 }
      },
      "3": {
        "start": { "line": 79, "column": 28 },
        "end": { "line": 79, "column": 74 }
      },
      "4": {
        "start": { "line": 80, "column": 2 },
        "end": { "line": 87, "column": 3 }
      },
      "5": {
        "start": { "line": 84, "column": 4 },
        "end": { "line": 86, "column": 6 }
      },
      "6": {
        "start": { "line": 88, "column": 2 },
        "end": { "line": 88, "column": 74 }
      },
      "7": {
        "start": { "line": 92, "column": 28 },
        "end": { "line": 92, "column": 74 }
      },
      "8": {
        "start": { "line": 93, "column": 2 },
        "end": { "line": 93, "column": 65 }
      }
    },
    "fnMap": {
      "0": {
        "name": "getNetwork",
        "decl": {
          "start": { "line": 75, "column": 16 },
          "end": { "line": 75, "column": 26 }
        },
        "loc": {
          "start": { "line": 77, "column": 21 },
          "end": { "line": 89, "column": 1 }
        }
      },
      "1": {
        "name": "getAvailableNetworks",
        "decl": {
          "start": { "line": 91, "column": 16 },
          "end": { "line": 91, "column": 36 }
        },
        "loc": {
          "start": { "line": 91, "column": 56 },
          "end": { "line": 94, "column": 1 }
        }
      }
    },
    "branchMap": {
      "0": {
        "loc": {
          "start": { "line": 22, "column": 8 },
          "end": { "line": 23, "column": 54 }
        },
        "type": "binary-expr",
        "locations": [
          {
            "start": { "line": 22, "column": 8 },
            "end": { "line": 22, "column": 38 }
          },
          {
            "start": { "line": 23, "column": 8 },
            "end": { "line": 23, "column": 54 }
          }
        ]
      },
      "1": {
        "loc": {
          "start": { "line": 29, "column": 8 },
          "end": { "line": 30, "column": 59 }
        },
        "type": "binary-expr",
        "locations": [
          {
            "start": { "line": 29, "column": 8 },
            "end": { "line": 29, "column": 35 }
          },
          {
            "start": { "line": 30, "column": 8 },
            "end": { "line": 30, "column": 59 }
          }
        ]
      },
      "2": {
        "loc": {
          "start": { "line": 36, "column": 8 },
          "end": { "line": 37, "column": 48 }
        },
        "type": "binary-expr",
        "locations": [
          {
            "start": { "line": 36, "column": 8 },
            "end": { "line": 36, "column": 47 }
          },
          {
            "start": { "line": 37, "column": 8 },
            "end": { "line": 37, "column": 48 }
          }
        ]
      },
      "3": {
        "loc": {
          "start": { "line": 43, "column": 8 },
          "end": { "line": 44, "column": 37 }
        },
        "type": "binary-expr",
        "locations": [
          {
            "start": { "line": 43, "column": 8 },
            "end": { "line": 43, "column": 47 }
          },
          {
            "start": { "line": 44, "column": 8 },
            "end": { "line": 44, "column": 37 }
          }
        ]
      },
      "4": {
        "loc": {
          "start": { "line": 52, "column": 8 },
          "end": { "line": 53, "column": 54 }
        },
        "type": "binary-expr",
        "locations": [
          {
            "start": { "line": 52, "column": 8 },
            "end": { "line": 52, "column": 39 }
          },
          {
            "start": { "line": 53, "column": 8 },
            "end": { "line": 53, "column": 54 }
          }
        ]
      },
      "5": {
        "loc": {
          "start": { "line": 59, "column": 8 },
          "end": { "line": 60, "column": 62 }
        },
        "type": "binary-expr",
        "locations": [
          {
            "start": { "line": 59, "column": 8 },
            "end": { "line": 59, "column": 38 }
          },
          {
            "start": { "line": 60, "column": 8 },
            "end": { "line": 60, "column": 62 }
          }
        ]
      },
      "6": {
        "loc": {
          "start": { "line": 65, "column": 14 },
          "end": { "line": 65, "column": 79 }
        },
        "type": "binary-expr",
        "locations": [
          {
            "start": { "line": 65, "column": 14 },
            "end": { "line": 65, "column": 45 }
          },
          {
            "start": { "line": 65, "column": 49 },
            "end": { "line": 65, "column": 79 }
          }
        ]
      },
      "7": {
        "loc": {
          "start": { "line": 70, "column": 14 },
          "end": { "line": 70, "column": 78 }
        },
        "type": "binary-expr",
        "locations": [
          {
            "start": { "line": 70, "column": 14 },
            "end": { "line": 70, "column": 45 }
          },
          {
            "start": { "line": 70, "column": 49 },
            "end": { "line": 70, "column": 78 }
          }
        ]
      },
      "8": {
        "loc": {
          "start": { "line": 80, "column": 2 },
          "end": { "line": 87, "column": 3 }
        },
        "type": "if",
        "locations": [
          {
            "start": { "line": 80, "column": 2 },
            "end": { "line": 87, "column": 3 }
          },
          { "start": {}, "end": {} }
        ]
      },
      "9": {
        "loc": {
          "start": { "line": 81, "column": 4 },
          "end": { "line": 82, "column": 69 }
        },
        "type": "binary-expr",
        "locations": [
          {
            "start": { "line": 81, "column": 4 },
            "end": { "line": 81, "column": 22 }
          },
          {
            "start": { "line": 82, "column": 4 },
            "end": { "line": 82, "column": 69 }
          }
        ]
      },
      "10": {
        "loc": {
          "start": { "line": 93, "column": 9 },
          "end": { "line": 93, "column": 64 }
        },
        "type": "cond-expr",
        "locations": [
          {
            "start": { "line": 93, "column": 29 },
            "end": { "line": 93, "column": 59 }
          },
          {
            "start": { "line": 93, "column": 62 },
            "end": { "line": 93, "column": 64 }
          }
        ]
      }
    },
    "s": {
      "0": 4,
      "1": 4,
      "2": 4,
      "3": 32,
      "4": 32,
      "5": 14,
      "6": 18,
      "7": 15,
      "8": 15
    },
    "f": { "0": 32, "1": 15 },
    "b": {
      "0": [4, 3],
      "1": [4, 4],
      "2": [4, 4],
      "3": [4, 4],
      "4": [4, 4],
      "5": [4, 3],
      "6": [4, 4],
      "7": [4, 4],
      "8": [14, 18],
      "9": [32, 28],
      "10": [8, 7]
    }
  },
  "/Users/dami/Documents/licensing-verification-platform/circuits/src/lib/proof-utils.ts": {
    "path": "/Users/dami/Documents/licensing-verification-platform/circuits/src/lib/proof-utils.ts",
    "statementMap": {
      "0": {
        "start": { "line": 6, "column": 0 },
        "end": { "line": 6, "column": 41 }
      },
      "1": {
        "start": { "line": 7, "column": 0 },
        "end": { "line": 7, "column": 58 }
      },
      "2": {
        "start": { "line": 49, "column": 10 },
        "end": { "line": 49, "column": 59 }
      },
      "3": {
        "start": { "line": 63, "column": 4 },
        "end": { "line": 66, "column": 7 }
      },
      "4": {
        "start": { "line": 68, "column": 4 },
        "end": { "line": 113, "column": 5 }
      },
      "5": {
        "start": { "line": 70, "column": 25 },
        "end": { "line": 70, "column": 55 }
      },
      "6": {
        "start": { "line": 71, "column": 6 },
        "end": { "line": 79, "column": 7 }
      },
      "7": {
        "start": { "line": 72, "column": 8 },
        "end": { "line": 78, "column": 10 }
      },
      "8": {
        "start": { "line": 82, "column": 22 },
        "end": { "line": 82, "column": 77 }
      },
      "9": {
        "start": { "line": 85, "column": 20 },
        "end": { "line": 85, "column": 53 }
      },
      "10": {
        "start": { "line": 88, "column": 22 },
        "end": { "line": 88, "column": 51 }
      },
      "11": {
        "start": { "line": 90, "column": 21 },
        "end": { "line": 95, "column": 8 }
      },
      "12": {
        "start": { "line": 97, "column": 6 },
        "end": { "line": 100, "column": 9 }
      },
      "13": {
        "start": { "line": 102, "column": 6 },
        "end": { "line": 102, "column": 20 }
      },
      "14": {
        "start": { "line": 104, "column": 6 },
        "end": { "line": 106, "column": 9 }
      },
      "15": {
        "start": { "line": 108, "column": 6 },
        "end": { "line": 112, "column": 8 }
      },
      "16": {
        "start": { "line": 124, "column": 4 },
        "end": { "line": 138, "column": 6 }
      },
      "17": {
        "start": { "line": 146, "column": 4 },
        "end": { "line": 166, "column": 6 }
      },
      "18": {
        "start": { "line": 174, "column": 4 },
        "end": { "line": 181, "column": 5 }
      },
      "19": {
        "start": { "line": 180, "column": 6 },
        "end": { "line": 180, "column": 19 }
      },
      "20": {
        "start": { "line": 182, "column": 4 },
        "end": { "line": 182, "column": 16 }
      },
      "21": {
        "start": { "line": 48, "column": 0 },
        "end": { "line": 48, "column": 13 }
      },
      "22": {
        "start": { "line": 187, "column": 13 },
        "end": { "line": 187, "column": 55 }
      }
    },
    "fnMap": {
      "0": {
        "name": "(anonymous_0)",
        "decl": {
          "start": { "line": 48, "column": 0 },
          "end": { "line": 48, "column": 13 }
        },
        "loc": {
          "start": { "line": 48, "column": 0 },
          "end": { "line": 184, "column": 1 }
        }
      },
      "1": {
        "name": "(anonymous_1)",
        "decl": {
          "start": { "line": 58, "column": 2 },
          "end": { "line": 58, "column": 7 }
        },
        "loc": {
          "start": { "line": 61, "column": 22 },
          "end": { "line": 114, "column": 3 }
        }
      },
      "2": {
        "name": "(anonymous_2)",
        "decl": {
          "start": { "line": 119, "column": 10 },
          "end": { "line": 119, "column": 25 }
        },
        "loc": {
          "start": { "line": 122, "column": 22 },
          "end": { "line": 139, "column": 3 }
        }
      },
      "3": {
        "name": "(anonymous_3)",
        "decl": {
          "start": { "line": 144, "column": 10 },
          "end": { "line": 144, "column": 15 }
        },
        "loc": {
          "start": { "line": 144, "column": 46 },
          "end": { "line": 167, "column": 3 }
        }
      },
      "4": {
        "name": "(anonymous_4)",
        "decl": {
          "start": { "line": 172, "column": 10 },
          "end": { "line": 172, "column": 15 }
        },
        "loc": {
          "start": { "line": 172, "column": 46 },
          "end": { "line": 183, "column": 3 }
        }
      }
    },
    "branchMap": {
      "0": {
        "loc": {
          "start": { "line": 71, "column": 6 },
          "end": { "line": 79, "column": 7 }
        },
        "type": "if",
        "locations": [
          {
            "start": { "line": 71, "column": 6 },
            "end": { "line": 79, "column": 7 }
          },
          { "start": {}, "end": {} }
        ]
      },
      "1": {
        "loc": {
          "start": { "line": 92, "column": 20 },
          "end": { "line": 92, "column": 52 }
        },
        "type": "cond-expr",
        "locations": [
          {
            "start": { "line": 92, "column": 30 },
            "end": { "line": 92, "column": 40 }
          },
          {
            "start": { "line": 92, "column": 43 },
            "end": { "line": 92, "column": 52 }
          }
        ]
      },
      "2": {
        "loc": {
          "start": { "line": 93, "column": 15 },
          "end": { "line": 93, "column": 64 }
        },
        "type": "cond-expr",
        "locations": [
          {
            "start": { "line": 93, "column": 25 },
            "end": { "line": 93, "column": 34 }
          },
          {
            "start": { "line": 93, "column": 37 },
            "end": { "line": 93, "column": 64 }
          }
        ]
      },
      "3": {
        "loc": {
          "start": { "line": 174, "column": 4 },
          "end": { "line": 181, "column": 5 }
        },
        "type": "if",
        "locations": [
          {
            "start": { "line": 174, "column": 4 },
            "end": { "line": 181, "column": 5 }
          },
          { "start": {}, "end": {} }
        ]
      },
      "4": {
        "loc": {
          "start": { "line": 175, "column": 6 },
          "end": { "line": 178, "column": 38 }
        },
        "type": "binary-expr",
        "locations": [
          {
            "start": { "line": 175, "column": 6 },
            "end": { "line": 175, "column": 12 }
          },
          {
            "start": { "line": 176, "column": 6 },
            "end": { "line": 176, "column": 18 }
          },
          {
            "start": { "line": 177, "column": 6 },
            "end": { "line": 177, "column": 26 }
          },
          {
            "start": { "line": 178, "column": 6 },
            "end": { "line": 178, "column": 38 }
          }
        ]
      }
    },
    "s": {
      "0": 2,
      "1": 2,
      "2": 21,
      "3": 19,
      "4": 19,
      "5": 19,
      "6": 18,
      "7": 1,
      "8": 17,
      "9": 17,
      "10": 16,
      "11": 15,
      "12": 15,
      "13": 15,
      "14": 3,
      "15": 3,
      "16": 19,
      "17": 17,
      "18": 20,
      "19": 4,
      "20": 16,
      "21": 2,
      "22": 2
    },
    "f": { "0": 21, "1": 19, "2": 19, "3": 17, "4": 20 },
    "b": {
      "0": [1, 17],
      "1": [15, 0],
      "2": [15, 0],
      "3": [4, 16],
      "4": [20, 18, 17, 17]
    }
  },
  "/Users/dami/Documents/licensing-verification-platform/circuits/src/lib/verification-utils.ts": {
    "path": "/Users/dami/Documents/licensing-verification-platform/circuits/src/lib/verification-utils.ts",
    "statementMap": {
      "0": {
        "start": { "line": 27, "column": 0 },
        "end": { "line": 27, "column": 16 }
      },
      "1": {
        "start": { "line": 161, "column": 0 },
        "end": { "line": 161, "column": 16 }
      },
      "2": {
        "start": { "line": 209, "column": 0 },
        "end": { "line": 209, "column": 16 }
      },
      "3": {
        "start": { "line": 253, "column": 0 },
        "end": { "line": 253, "column": 16 }
      },
      "4": {
        "start": { "line": 276, "column": 0 },
        "end": { "line": 276, "column": 16 }
      },
      "5": {
        "start": { "line": 6, "column": 0 },
        "end": { "line": 6, "column": 41 }
      },
      "6": {
        "start": { "line": 31, "column": 17 },
        "end": { "line": 31, "column": 59 }
      },
      "7": {
        "start": { "line": 33, "column": 2 },
        "end": { "line": 33, "column": 60 }
      },
      "8": {
        "start": { "line": 35, "column": 27 },
        "end": { "line": 35, "column": 29 }
      },
      "9": {
        "start": { "line": 38, "column": 2 },
        "end": { "line": 38, "column": 69 }
      },
      "10": {
        "start": { "line": 38, "column": 30 },
        "end": { "line": 38, "column": 69 }
      },
      "11": {
        "start": { "line": 39, "column": 2 },
        "end": { "line": 39, "column": 75 }
      },
      "12": {
        "start": { "line": 39, "column": 33 },
        "end": { "line": 39, "column": 75 }
      },
      "13": {
        "start": { "line": 40, "column": 2 },
        "end": { "line": 40, "column": 61 }
      },
      "14": {
        "start": { "line": 40, "column": 26 },
        "end": { "line": 40, "column": 61 }
      },
      "15": {
        "start": { "line": 41, "column": 2 },
        "end": { "line": 42, "column": 49 }
      },
      "16": {
        "start": { "line": 42, "column": 4 },
        "end": { "line": 42, "column": 49 }
      },
      "17": {
        "start": { "line": 43, "column": 2 },
        "end": { "line": 43, "column": 69 }
      },
      "18": {
        "start": { "line": 43, "column": 30 },
        "end": { "line": 43, "column": 69 }
      },
      "19": {
        "start": { "line": 44, "column": 2 },
        "end": { "line": 44, "column": 69 }
      },
      "20": {
        "start": { "line": 44, "column": 30 },
        "end": { "line": 44, "column": 69 }
      },
      "21": {
        "start": { "line": 45, "column": 2 },
        "end": { "line": 45, "column": 60 }
      },
      "22": {
        "start": { "line": 45, "column": 26 },
        "end": { "line": 45, "column": 60 }
      },
      "23": {
        "start": { "line": 46, "column": 2 },
        "end": { "line": 46, "column": 77 }
      },
      "24": {
        "start": { "line": 46, "column": 29 },
        "end": { "line": 46, "column": 77 }
      },
      "25": {
        "start": { "line": 49, "column": 2 },
        "end": { "line": 51, "column": 3 }
      },
      "26": {
        "start": { "line": 50, "column": 4 },
        "end": { "line": 50, "column": 46 }
      },
      "27": {
        "start": { "line": 52, "column": 2 },
        "end": { "line": 54, "column": 3 }
      },
      "28": {
        "start": { "line": 53, "column": 4 },
        "end": { "line": 53, "column": 46 }
      },
      "29": {
        "start": { "line": 55, "column": 2 },
        "end": { "line": 57, "column": 3 }
      },
      "30": {
        "start": { "line": 56, "column": 4 },
        "end": { "line": 56, "column": 55 }
      },
      "31": {
        "start": { "line": 60, "column": 2 },
        "end": { "line": 62, "column": 3 }
      },
      "32": {
        "start": { "line": 61, "column": 4 },
        "end": { "line": 61, "column": 42 }
      },
      "33": {
        "start": { "line": 65, "column": 2 },
        "end": { "line": 70, "column": 3 }
      },
      "34": {
        "start": { "line": 69, "column": 4 },
        "end": { "line": 69, "column": 45 }
      },
      "35": {
        "start": { "line": 72, "column": 18 },
        "end": { "line": 72, "column": 37 }
      },
      "36": {
        "start": { "line": 74, "column": 2 },
        "end": { "line": 74, "column": 80 }
      },
      "37": {
        "start": { "line": 76, "column": 2 },
        "end": { "line": 82, "column": 3 }
      },
      "38": {
        "start": { "line": 77, "column": 4 },
        "end": { "line": 81, "column": 7 }
      },
      "39": {
        "start": { "line": 84, "column": 2 },
        "end": { "line": 87, "column": 4 }
      },
      "40": {
        "start": { "line": 95, "column": 20 },
        "end": { "line": 95, "column": 41 }
      },
      "41": {
        "start": { "line": 96, "column": 2 },
        "end": { "line": 98, "column": 3 }
      },
      "42": {
        "start": { "line": 97, "column": 4 },
        "end": { "line": 97, "column": 17 }
      },
      "43": {
        "start": { "line": 101, "column": 16 },
        "end": { "line": 101, "column": 37 }
      },
      "44": {
        "start": { "line": 102, "column": 15 },
        "end": { "line": 102, "column": 37 }
      },
      "45": {
        "start": { "line": 103, "column": 16 },
        "end": { "line": 103, "column": 38 }
      },
      "46": {
        "start": { "line": 104, "column": 14 },
        "end": { "line": 104, "column": 36 }
      },
      "47": {
        "start": { "line": 107, "column": 2 },
        "end": { "line": 109, "column": 3 }
      },
      "48": {
        "start": { "line": 108, "column": 4 },
        "end": { "line": 108, "column": 17 }
      },
      "49": {
        "start": { "line": 112, "column": 2 },
        "end": { "line": 114, "column": 3 }
      },
      "50": {
        "start": { "line": 113, "column": 4 },
        "end": { "line": 113, "column": 17 }
      },
      "51": {
        "start": { "line": 117, "column": 2 },
        "end": { "line": 119, "column": 3 }
      },
      "52": {
        "start": { "line": 118, "column": 4 },
        "end": { "line": 118, "column": 17 }
      },
      "53": {
        "start": { "line": 122, "column": 15 },
[...]
      },
      "102": {
        "start": { "line": 301, "column": 2 },
        "end": { "line": 301, "column": 16 }
      }
    },
    "fnMap": {
      "0": {
        "name": "validateCredential",
        "decl": {
          "start": { "line": 27, "column": 16 },
          "end": { "line": 27, "column": 34 }
        },
        "loc": {
          "start": { "line": 27, "column": 57 },
          "end": { "line": 88, "column": 1 }
        }
      },
      "1": {
        "name": "isValidDate",
        "decl": {
          "start": { "line": 93, "column": 9 },
          "end": { "line": 93, "column": 20 }
        },
        "loc": {
          "start": { "line": 93, "column": 39 },
          "end": { "line": 130, "column": 1 }
        }
      },
      "2": {
        "name": "isExpired",
        "decl": {
          "start": { "line": 135, "column": 9 },
          "end": { "line": 135, "column": 18 }
        },
        "loc": {
          "start": { "line": 135, "column": 37 },
          "end": { "line": 139, "column": 1 }
        }
      },
      "3": {
        "name": "isValidAchievementLevel",
        "decl": {
          "start": { "line": 144, "column": 9 },
          "end": { "line": 144, "column": 32 }
        },
        "loc": {
          "start": { "line": 144, "column": 46 },
          "end": { "line": 153, "column": 1 }
        }
      },
      "4": {
        "name": "generateNullifier",
        "decl": {
          "start": { "line": 161, "column": 16 },
          "end": { "line": 161, "column": 33 }
        },
        "loc": {
          "start": { "line": 163, "column": 32 },
          "end": { "line": 204, "column": 1 }
        }
      },
      "5": {
        "name": "verifyCredentialAuthenticity",
        "decl": {
          "start": { "line": 209, "column": 16 },
          "end": { "line": 209, "column": 44 }
        },
        "loc": {
          "start": { "line": 211, "column": 24 },
          "end": { "line": 248, "column": 1 }
        }
      },
      "6": {
        "name": "isCredentialActive",
        "decl": {
          "start": { "line": 253, "column": 16 },
          "end": { "line": 253, "column": 34 }
        },
        "loc": {
          "start": { "line": 253, "column": 57 },
          "end": { "line": 271, "column": 1 }
        }
      },
      "7": {
        "name": "getCredentialStatus",
        "decl": {
          "start": { "line": 276, "column": 16 },
          "end": { "line": 276, "column": 35 }
        },
        "loc": {
          "start": { "line": 276, "column": 58 },
          "end": { "line": 302, "column": 1 }
        }
      }
    },
    "branchMap": {
      "0": {
        "loc": {
          "start": { "line": 38, "column": 2 },
          "end": { "line": 38, "column": 69 }
        },
        "type": "if",
        "locations": [
          {
            "start": { "line": 38, "column": 2 },
            "end": { "line": 38, "column": 69 }
          },
          { "start": {}, "end": {} }
        ]
      },
      "1": {
        "loc": {
          "start": { "line": 39, "column": 2 },
          "end": { "line": 39, "column": 75 }
        },
        "type": "if",
        "locations": [
          {
            "start": { "line": 39, "column": 2 },
            "end": { "line": 39, "column": 75 }
          },
          { "start": {}, "end": {} }
        ]
      },
      "2": {
        "loc": {
          "start": { "line": 40, "column": 2 },
          "end": { "line": 40, "column": 61 }
        },
        "type": "if",
        "locations": [
          {
            "start": { "line": 40, "column": 2 },
            "end": { "line": 40, "column": 61 }
          },
          { "start": {}, "end": {} }
        ]
      },
      "3": {
        "loc": {
          "start": { "line": 41, "column": 2 },
          "end": { "line": 42, "column": 49 }
        },
        "type": "if",
        "locations": [
          {
            "start": { "line": 41, "column": 2 },
            "end": { "line": 42, "column": 49 }
          },
          { "start": {}, "end": {} }
        ]
      },
      "4": {
        "loc": {
          "start": { "line": 43, "column": 2 },
          "end": { "line": 43, "column": 69 }
        },
        "type": "if",
        "locations": [
          {
            "start": { "line": 43, "column": 2 },
            "end": { "line": 43, "column": 69 }
          },
          { "start": {}, "end": {} }
        ]
      },
      "5": {
        "loc": {
          "start": { "line": 44, "column": 2 },
          "end": { "line": 44, "column": 69 }
        },
        "type": "if",
        "locations": [
          {
            "start": { "line": 44, "column": 2 },
            "end": { "line": 44, "column": 69 }
          },
          { "start": {}, "end": {} }
        ]
      },
      "6": {
        "loc": {
          "start": { "line": 45, "column": 2 },
          "end": { "line": 45, "column": 60 }
        },
        "type": "if",
        "locations": [
          {
            "start": { "line": 45, "column": 2 },
            "end": { "line": 45, "column": 60 }
          },
          { "start": {}, "end": {} }
        ]
      },
      "7": {
        "loc": {
          "start": { "line": 46, "column": 2 },
          "end": { "line": 46, "column": 77 }
        },
        "type": "if",
        "locations": [
          {
            "start": { "line": 46, "column": 2 },
            "end": { "line": 46, "column": 77 }
          },
          { "start": {}, "end": {} }
        ]
      },
      "8": {
        "loc": {
          "start": { "line": 49, "column": 2 },
          "end": { "line": 51, "column": 3 }
        },
        "type": "if",
        "locations": [
          {
            "start": { "line": 49, "column": 2 },
            "end": { "line": 51, "column": 3 }
          },
          { "start": {}, "end": {} }
        ]
      },
      "9": {
        "loc": {
          "start": { "line": 49, "column": 6 },
          "end": { "line": 49, "column": 66 }
        },
        "type": "binary-expr",
        "locations": [
          {
            "start": { "line": 49, "column": 6 },
            "end": { "line": 49, "column": 27 }
          },
          {
            "start": { "line": 49, "column": 31 },
            "end": { "line": 49, "column": 66 }
          }
        ]
      },
      "10": {
        "loc": {
          "start": { "line": 52, "column": 2 },
          "end": { "line": 54, "column": 3 }
        },
        "type": "if",
        "locations": [
          {
            "start": { "line": 52, "column": 2 },
            "end": { "line": 54, "column": 3 }
          },
          { "start": {}, "end": {} }
        ]
      },
      "11": {
        "loc": {
          "start": { "line": 52, "column": 6 },
          "end": { "line": 52, "column": 66 }
        },
        "type": "binary-expr",
        "locations": [
          {
            "start": { "line": 52, "column": 6 },
            "end": { "line": 52, "column": 27 }
          },
          {
            "start": { "line": 52, "column": 31 },
            "end": { "line": 52, "column": 66 }
          }
        ]
      },
      "12": {
        "loc": {
          "start": { "line": 55, "column": 2 },
          "end": { "line": 57, "column": 3 }
        },
        "type": "if",
        "locations": [
          {
            "start": { "line": 55, "column": 2 },
            "end": { "line": 57, "column": 3 }
          },
          { "start": {}, "end": {} }
        ]
      },
      "13": {
        "loc": {
          "start": { "line": 55, "column": 6 },
          "end": { "line": 55, "column": 64 }
        },
        "type": "binary-expr",
        "locations": [
          {
            "start": { "line": 55, "column": 6 },
            "end": { "line": 55, "column": 26 }
          },
          {
            "start": { "line": 55, "column": 30 },
            "end": { "line": 55, "column": 64 }
          }
        ]
      },
      "14": {
        "loc": {
          "start": { "line": 60, "column": 2 },
          "end": { "line": 62, "column": 3 }
        },
        "type": "if",
        "locations": [
          {
            "start": { "line": 60, "column": 2 },
            "end": { "line": 62, "column": 3 }
          },
          { "start": {}, "end": {} }
        ]
      },
      "15": {
        "loc": {
          "start": { "line": 60, "column": 6 },
          "end": { "line": 60, "column": 63 }
        },
        "type": "binary-expr",
        "locations": [
          {
            "start": { "line": 60, "column": 6 },
            "end": { "line": 60, "column": 27 }
          },
          {
            "start": { "line": 60, "column": 31 },
            "end": { "line": 60, "column": 63 }
          }
        ]
      },
      "16": {
        "loc": {
          "start": { "line": 65, "column": 2 },
          "end": { "line": 70, "column": 3 }
        },
        "type": "if",
        "locations": [
          {
            "start": { "line": 65, "column": 2 },
            "end": { "line": 70, "column": 3 }
          },
          { "start": {}, "end": {} }
        ]
      },
      "17": {
        "loc": {
          "start": { "line": 66, "column": 4 },
          "end": { "line": 67, "column": 57 }
        },
        "type": "binary-expr",
        "locations": [
          {
            "start": { "line": 66, "column": 4 },
            "end": { "line": 66, "column": 31 }
          },
          {
            "start": { "line": 67, "column": 4 },
            "end": { "line": 67, "column": 57 }
          }
        ]
      },
      "18": {
        "loc": {
          "start": { "line": 76, "column": 2 },
          "end": { "line": 82, "column": 3 }
        },
        "type": "if",
        "locations": [
          {
            "start": { "line": 76, "column": 2 },
            "end": { "line": 82, "column": 3 }
          },
          { "start": {}, "end": {} }
        ]
      },
      "19": {
        "loc": {
          "start": { "line": 96, "column": 2 },
          "end": { "line": 98, "column": 3 }
        },
        "type": "if",
        "locations": [
          {
            "start": { "line": 96, "column": 2 },
            "end": { "line": 98, "column": 3 }
          },
          { "start": {}, "end": {} }
        ]
      },
      "20": {
        "loc": {
          "start": { "line": 107, "column": 2 },
          "end": { "line": 109, "column": 3 }
        },
        "type": "if",
        "locations": [
          {
            "start": { "line": 107, "column": 2 },
            "end": { "line": 109, "column": 3 }
          },
          { "start": {}, "end": {} }
        ]
      },
      "21": {
        "loc": {
          "start": { "line": 107, "column": 6 },
          "end": { "line": 107, "column": 47 }
        },
        "type": "binary-expr",
        "locations": [
          {
            "start": { "line": 107, "column": 6 },
            "end": { "line": 107, "column": 17 }
          },
          {
            "start": { "line": 107, "column": 21 },
            "end": { "line": 107, "column": 33 }
          },
          {
            "start": { "line": 107, "column": 37 },
            "end": { "line": 107, "column": 47 }
          }
        ]
      },
      "22": {
        "loc": {
          "start": { "line": 112, "column": 2 },
          "end": { "line": 114, "column": 3 }
        },
        "type": "if",
        "locations": [
          {
            "start": { "line": 112, "column": 2 },
            "end": { "line": 114, "column": 3 }
          },
          { "start": {}, "end": {} }
        ]
      },
      "23": {
        "loc": {
          "start": { "line": 112, "column": 6 },
          "end": { "line": 112, "column": 29 }
        },
        "type": "binary-expr",
        "locations": [
          {
            "start": { "line": 112, "column": 6 },
            "end": { "line": 112, "column": 15 }
          },
          {
            "start": { "line": 112, "column": 19 },
            "end": { "line": 112, "column": 29 }
          }
        ]
      },
      "24": {
        "loc": {
          "start": { "line": 117, "column": 2 },
          "end": { "line": 119, "column": 3 }
        },
        "type": "if",
        "locations": [
          {
            "start": { "line": 117, "column": 2 },
            "end": { "line": 119, "column": 3 }
          },
          { "start": {}, "end": {} }
        ]
      },
      "25": {
        "loc": {
          "start": { "line": 117, "column": 6 },
          "end": { "line": 117, "column": 25 }
        },
        "type": "binary-expr",
        "locations": [
          {
            "start": { "line": 117, "column": 6 },
            "end": { "line": 117, "column": 13 }
          },
          {
            "start": { "line": 117, "column": 17 },
            "end": { "line": 117, "column": 25 }
          }
        ]
      },
      "26": {
        "loc": {
          "start": { "line": 126, "column": 4 },
          "end": { "line": 128, "column": 26 }
        },
        "type": "binary-expr",
        "locations": [
          {
            "start": { "line": 126, "column": 4 },
            "end": { "line": 126, "column": 31 }
          },
          {
            "start": { "line": 127, "column": 4 },
            "end": { "line": 127, "column": 33 }
          },
          {
            "start": { "line": 128, "column": 4 },
            "end": { "line": 128, "column": 26 }
          }
        ]
      },
      "27": {
        "loc": {
          "start": { "line": 163, "column": 2 },
          "end": { "line": 163, "column": 32 }
        },
        "type": "default-arg",
        "locations": [
          {
            "start": { "line": 163, "column": 22 },
            "end": { "line": 163, "column": 32 }
          }
        ]
      },
      "28": {
        "loc": {
          "start": { "line": 169, "column": 4 },
          "end": { "line": 171, "column": 5 }
        },
        "type": "if",
        "locations": [
          {
            "start": { "line": 169, "column": 4 },
            "end": { "line": 171, "column": 5 }
          },
          { "start": {}, "end": {} }
        ]
      },
      "29": {
        "loc": {
          "start": { "line": 176, "column": 28 },
          "end": { "line": 178, "column": 28 }
        },
        "type": "cond-expr",
        "locations": [
          {
            "start": { "line": 177, "column": 8 },
            "end": { "line": 177, "column": 44 }
          },
          {
            "start": { "line": 178, "column": 8 },
            "end": { "line": 178, "column": 28 }
          }
        ]
      },
      "30": {
        "loc": {
          "start": { "line": 217, "column": 4 },
          "end": { "line": 219, "column": 5 }
        },
        "type": "if",
        "locations": [
          {
            "start": { "line": 217, "column": 4 },
            "end": { "line": 219, "column": 5 }
          },
          { "start": {}, "end": {} }
        ]
      },
      "31": {
        "loc": {
          "start": { "line": 220, "column": 4 },
          "end": { "line": 222, "column": 5 }
        },
        "type": "if",
        "locations": [
          {
            "start": { "line": 220, "column": 4 },
            "end": { "line": 222, "column": 5 }
          },
          { "start": {}, "end": {} }
        ]
      },
      "32": {
        "loc": {
          "start": { "line": 220, "column": 8 },
          "end": { "line": 220, "column": 63 }
        },
        "type": "binary-expr",
        "locations": [
          {
            "start": { "line": 220, "column": 8 },
            "end": { "line": 220, "column": 31 }
          },
          {
            "start": { "line": 220, "column": 35 },
            "end": { "line": 220, "column": 63 }
          }
        ]
      },
      "33": {
        "loc": {
          "start": { "line": 257, "column": 2 },
          "end": { "line": 259, "column": 3 }
        },
        "type": "if",
        "locations": [
          {
            "start": { "line": 257, "column": 2 },
            "end": { "line": 259, "column": 3 }
          },
          { "start": {}, "end": {} }
        ]
      },
      "34": {
        "loc": {
          "start": { "line": 280, "column": 2 },
          "end": { "line": 282, "column": 3 }
        },
        "type": "if",
        "locations": [
          {
            "start": { "line": 280, "column": 2 },
            "end": { "line": 282, "column": 3 }
          },
          { "start": {}, "end": {} }
        ]
      },
      "35": {
        "loc": {
          "start": { "line": 286, "column": 2 },
          "end": { "line": 292, "column": 3 }
        },
        "type": "if",
        "locations": [
          {
            "start": { "line": 286, "column": 2 },
            "end": { "line": 292, "column": 3 }
          },
          {
            "start": { "line": 288, "column": 9 },
            "end": { "line": 292, "column": 3 }
          }
        ]
      },
      "36": {
        "loc": {
          "start": { "line": 288, "column": 9 },
          "end": { "line": 292, "column": 3 }
        },
        "type": "if",
        "locations": [
          {
            "start": { "line": 288, "column": 9 },
            "end": { "line": 292, "column": 3 }
          },
          {
            "start": { "line": 290, "column": 9 },
            "end": { "line": 292, "column": 3 }
          }
        ]
      }
    },
    "s": {
      "0": 2,
      "1": 2,
      "2": 2,
      "3": 2,
      "4": 2,
      "5": 2,
      "6": 29,
      "7": 29,
      "8": 29,
      "9": 29,
      "10": 5,
      "11": 29,
      "12": 5,
      "13": 29,
      "14": 4,
      "15": 29,
      "16": 1,
      "17": 29,
      "18": 1,
      "19": 29,
      "20": 0,
      "21": 29,
      "22": 4,
      "23": 29,
      "24": 0,
      "25": 29,
      "26": 9,
      "27": 29,
      "28": 0,
      "29": 29,
      "30": 4,
      "31": 29,
      "32": 5,
      "33": 29,
      "34": 8,
      "35": 29,
      "36": 29,
      "37": 29,
      "38": 17,
      "39": 29,
      "40": 86,
      "41": 86,
      "42": 11,
      "43": 75,
      "44": 75,
      "45": 75,
      "46": 75,
      "47": 75,
      "48": 0,
      "49": 75,
      "50": 1,
      "51": 74,
      "52": 0,
      "53": 74,
      "54": 74,
      "55": 29,
      "56": 29,
      "57": 29,
      "58": 28,
      "59": 28,
      "60": 2,
      "61": 18,
      "62": 16,
      "63": 16,
      "64": 0,
      "65": 16,
      "66": 16,
      "67": 16,
      "68": 16,
      "69": 16,
      "70": 15,
      "71": 15,
      "72": 1,
      "73": 1,
      "74": 11,
      "75": 6,
      "76": 6,
      "77": 0,
      "78": 6,
      "79": 0,
      "80": 6,
      "81": 6,
      "82": 6,
      "83": 6,
      "84": 0,
      "85": 0,
      "86": 2,
      "87": 0,
      "88": 0,
      "89": 0,
      "90": 0,
      "91": 0,
      "92": 0,
      "93": 2,
      "94": 0,
      "95": 0,
      "96": 0,
      "97": 0,
      "98": 0,
      "99": 0,
      "100": 0,
      "101": 0,
      "102": 0
    },
    "f": {
      "0": 29,
      "1": 86,
      "2": 29,
      "3": 28,
      "4": 18,
      "5": 11,
      "6": 2,
      "7": 2
    },
    "b": {
      "0": [5, 24],
      "1": [5, 24],
      "2": [4, 25],
      "3": [1, 28],
      "4": [1, 28],
      "5": [0, 29],
      "6": [4, 25],
      "7": [0, 29],
      "8": [9, 20],
      "9": [29, 28],
      "10": [0, 29],
      "11": [29, 29],
      "12": [4, 25],
      "13": [29, 29],
      "14": [5, 24],
      "15": [29, 29],
      "16": [8, 21],
      "17": [29, 28],
      "18": [17, 12],
      "19": [11, 75],
      "20": [0, 75],
      "21": [75, 75, 75],
      "22": [1, 74],
      "23": [75, 75],
      "24": [0, 74],
      "25": [74, 74],
      "26": [74, 74, 73],
      "27": [14],
      "28": [0, 16],
      "29": [12, 4],
      "30": [0, 6],
      "31": [0, 6],
      "32": [6, 6],
      "33": [0, 0],
      "34": [0, 0],
      "35": [0, 0],
      "36": [0, 0]
    }
  }
}
