TN:
SF:circuits/src/index.ts
FNF:0
FNH:0
DA:17,0
DA:18,0
DA:21,0
DA:24,0
LF:4
LH:0
BRF:0
BRH:0
end_of_record
TN:
SF:circuits/src/__tests__/utils/circuit-test-utils.ts
FN:35,(anonymous_0)
FN:65,(anonymous_1)
FN:81,(anonymous_2)
FN:91,(anonymous_3)
FN:117,(anonymous_4)
FN:148,(anonymous_5)
FN:216,(anonymous_6)
FN:223,(anonymous_7)
FN:231,(anonymous_8)
FN:232,(anonymous_9)
FN:235,(anonymous_10)
FN:236,(anonymous_11)
FN:249,(anonymous_12)
FN:255,(anonymous_13)
FN:265,(anonymous_14)
FN:268,(anonymous_15)
FN:274,(anonymous_16)
FN:312,(anonymous_17)
FN:313,(anonymous_18)
FN:322,(anonymous_19)
FN:372,(anonymous_21)
FN:386,(anonymous_22)
FN:389,(anonymous_23)
FN:396,(anonymous_24)
FN:402,(anonymous_25)
FNF:25
FNH:20
FNDA:11,(anonymous_0)
FNDA:465,(anonymous_1)
FNDA:7905,(anonymous_2)
FNDA:469,(anonymous_3)
FNDA:468,(anonymous_4)
FNDA:457,(anonymous_5)
FNDA:2,(anonymous_6)
FNDA:10,(anonymous_7)
FNDA:10,(anonymous_8)
FNDA:10,(anonymous_9)
FNDA:10,(anonymous_10)
FNDA:0,(anonymous_11)
FNDA:0,(anonymous_12)
FNDA:0,(anonymous_13)
FNDA:0,(anonymous_14)
FNDA:0,(anonymous_15)
FNDA:4,(anonymous_16)
FNDA:40,(anonymous_17)
FNDA:40,(anonymous_18)
FNDA:2,(anonymous_19)
FNDA:435,(anonymous_21)
FNDA:53,(anonymous_22)
FNDA:435,(anonymous_23)
FNDA:53,(anonymous_24)
FNDA:435,(anonymous_25)
DA:6,1
DA:7,1
DA:31,1
DA:36,11
DA:37,11
DA:39,11
DA:45,11
DA:46,11
DA:47,11
DA:49,11
DA:54,11
DA:55,11
DA:59,11
DA:69,465
DA:71,465
DA:76,465
DA:78,465
DA:81,7905
DA:85,465
DA:92,469
DA:93,469
DA:95,469
DA:97,469
DA:98,469
DA:99,469
DA:101,469
DA:106,469
DA:107,469
DA:111,469
DA:122,468
DA:123,468
DA:125,468
DA:127,468
DA:128,468
DA:129,468
DA:131,468
DA:136,468
DA:137,468
DA:142,468
DA:152,457
DA:153,457
DA:155,457
DA:157,457
DA:158,457
DA:159,457
DA:160,457
DA:164,457
DA:170,457
DA:171,457
DA:173,457
DA:181,457
DA:186,457
DA:191,457
DA:193,0
DA:194,0
DA:196,0
DA:197,0
DA:202,0
DA:220,2
DA:222,2
DA:224,10
DA:228,2
DA:230,2
DA:231,10
DA:232,10
DA:234,2
DA:235,10
DA:236,0
DA:238,2
DA:253,0
DA:255,0
DA:266,0
DA:268,0
DA:285,4
DA:287,4
DA:288,40
DA:290,40
DA:292,10
DA:293,10
DA:295,10
DA:296,10
DA:298,10
DA:299,10
DA:301,10
DA:302,10
DA:305,40
DA:306,40
DA:309,4
DA:312,40
DA:313,40
DA:327,2
DA:328,2
DA:329,2
DA:331,2
DA:339,2
DA:359,3
DA:366,3
DA:367,3
DA:368,3
DA:369,3
DA:370,3
DA:372,3
DA:373,435
DA:374,435
DA:375,435
DA:376,435
DA:378,435
DA:379,435
DA:381,0
DA:382,0
DA:386,3
DA:387,53
DA:389,435
DA:390,53
DA:394,3
DA:395,53
DA:396,53
DA:399,3
DA:401,3
DA:402,435
DA:406,3
LF:121
LH:109
BRDA:67,0,0,8
BRDA:150,1,0,447
BRDA:218,2,0,2
BRDA:251,3,0,0
BRDA:276,4,0,0
BRDA:290,5,0,10
BRDA:290,5,1,10
BRDA:290,5,2,10
BRDA:290,5,3,10
BRDA:351,6,0,0
BRDA:401,7,0,3
BRDA:401,7,1,0
BRF:12
BRH:8
end_of_record
TN:
SF:circuits/src/__tests__/utils/mock-data.ts
FN:568,(anonymous_0)
FN:576,(anonymous_1)
FN:584,(anonymous_2)
FN:592,(anonymous_3)
FNF:4
FNH:4
FNDA:10,(anonymous_0)
FNDA:100,(anonymous_1)
FNDA:1000,(anonymous_2)
FNDA:10000,(anonymous_3)
DA:6,1
DA:208,1
DA:221,1
DA:235,1
DA:248,1
DA:256,1
DA:280,1
DA:319,1
DA:327,1
DA:565,1
DA:568,10
DA:576,100
DA:584,1000
DA:592,10000
LF:14
LH:14
BRF:0
BRH:0
end_of_record
TN:
SF:circuits/src/lib/circuit-utils.ts
FN:27,compileCircuit
FN:82,getDefaultCircuitConfig
FN:93,circuitFilesExist
FN:120,cleanCircuitFiles
FN:133,(anonymous_4)
FNF:5
FNH:0
FNDA:0,compileCircuit
FNDA:0,getDefaultCircuitConfig
FNDA:0,circuitFilesExist
FNDA:0,cleanCircuitFiles
FNDA:0,(anonymous_4)
DA:6,0
DA:7,0
DA:8,0
DA:9,0
DA:27,0
DA:30,0
DA:31,0
DA:33,0
DA:36,0
DA:37,0
DA:38,0
DA:41,0
DA:43,0
DA:44,0
DA:46,0
DA:48,0
DA:49,0
DA:51,0
DA:58,0
DA:59,0
DA:64,0
DA:66,0
DA:67,0
DA:69,0
DA:70,0
DA:75,0
DA:82,0
DA:83,0
DA:93,0
DA:94,0
DA:96,0
DA:97,0
DA:98,0
DA:100,0
DA:101,0
DA:102,0
DA:104,0
DA:106,0
DA:114,0
DA:120,0
DA:121,0
DA:123,0
DA:131,0
DA:133,0
DA:134,0
DA:135,0
DA:136,0
DA:137,0
DA:138,0
DA:140,0
DA:145,0
LF:51
LH:0
BRDA:36,0,0,0
BRDA:36,0,1,0
BRDA:104,1,0,0
BRDA:104,1,1,0
BRDA:104,1,2,0
BRDA:134,2,0,0
BRDA:134,2,1,0
BRF:7
BRH:0
end_of_record
TN:
SF:circuits/src/lib/logger.ts
FN:77,(anonymous_0)
FN:83,(anonymous_1)
FN:110,createCircuitLogger
FN:124,(anonymous_3)
FN:131,(anonymous_4)
FN:138,(anonymous_5)
FN:145,(anonymous_6)
FN:152,(anonymous_7)
FN:160,(anonymous_8)
FN:169,(anonymous_9)
FN:178,(anonymous_10)
FN:188,(anonymous_11)
FN:195,(anonymous_12)
FN:203,(anonymous_13)
FN:213,(anonymous_14)
FN:220,(anonymous_15)
FN:233,(anonymous_16)
FN:243,(anonymous_17)
FN:250,(anonymous_18)
FN:263,(anonymous_19)
FN:273,(anonymous_20)
FN:280,(anonymous_21)
FN:288,(anonymous_22)
FN:299,(anonymous_23)
FN:307,(anonymous_24)
FN:318,(anonymous_25)
FNF:26
FNH:17
FNDA:4344,(anonymous_0)
FNDA:14678,(anonymous_1)
FNDA:1975,createCircuitLogger
FNDA:1975,(anonymous_3)
FNDA:115,(anonymous_4)
FNDA:930,(anonymous_5)
FNDA:0,(anonymous_6)
FNDA:0,(anonymous_7)
FNDA:13,(anonymous_8)
FNDA:13,(anonymous_9)
FNDA:0,(anonymous_10)
FNDA:471,(anonymous_11)
FNDA:471,(anonymous_12)
FNDA:0,(anonymous_13)
FNDA:469,(anonymous_14)
FNDA:469,(anonymous_15)
FNDA:0,(anonymous_16)
FNDA:457,(anonymous_17)
FNDA:457,(anonymous_18)
FNDA:0,(anonymous_19)
FNDA:0,(anonymous_20)
FNDA:0,(anonymous_21)
FNDA:0,(anonymous_22)
FNDA:1406,(anonymous_23)
FNDA:2,(anonymous_24)
FNDA:2,(anonymous_25)
DA:6,8
DA:15,8
DA:70,8
DA:79,4344
DA:80,4344
DA:83,4344
DA:84,14678
DA:90,471
DA:94,4344
DA:96,0
DA:103,8
DA:110,8
DA:111,1975
DA:121,8
DA:125,1975
DA:132,115
DA:139,930
DA:146,0
DA:153,0
DA:161,13
DA:170,13
DA:179,0
DA:189,471
DA:196,471
DA:204,0
DA:214,469
DA:225,469
DA:234,0
DA:244,457
DA:255,457
DA:264,0
DA:274,0
DA:281,0
DA:289,0
DA:300,1406
DA:308,2
DA:319,2
DA:330,8
DA:335,8
LF:39
LH:29
BRDA:72,0,0,8
BRDA:72,0,1,8
BRDA:75,1,0,8
BRDA:75,1,1,0
BRDA:79,2,0,4344
BRDA:79,2,1,0
BRDA:79,3,0,4344
BRDA:79,3,1,4344
BRDA:84,4,0,471
BRDA:84,4,1,14207
BRDA:85,5,0,14678
BRDA:85,5,1,14678
BRDA:85,5,2,14678
BRDA:85,5,3,14208
BRDA:172,6,0,13
BRDA:172,6,1,0
BRDA:173,7,0,13
BRDA:173,7,1,0
BRF:18
BRH:14
end_of_record
TN:
SF:circuits/src/lib/networks.ts
FN:75,getNetwork
FN:91,getAvailableNetworks
FNF:2
FNH:0
FNDA:0,getNetwork
FNDA:0,getAvailableNetworks
DA:16,0
DA:75,0
DA:79,0
DA:80,0
DA:84,0
DA:88,0
DA:91,0
DA:92,0
DA:93,0
LF:9
LH:0
BRDA:22,0,0,0
BRDA:22,0,1,0
BRDA:29,1,0,0
BRDA:29,1,1,0
BRDA:36,2,0,0
BRDA:36,2,1,0
BRDA:43,3,0,0
BRDA:43,3,1,0
BRDA:52,4,0,0
BRDA:52,4,1,0
BRDA:59,5,0,0
BRDA:59,5,1,0
BRDA:65,6,0,0
BRDA:65,6,1,0
BRDA:70,7,0,0
BRDA:70,7,1,0
BRDA:80,8,0,0
BRDA:80,8,1,0
BRDA:81,9,0,0
BRDA:81,9,1,0
BRDA:93,10,0,0
BRDA:93,10,1,0
BRF:22
BRH:0
end_of_record
TN:
SF:circuits/src/lib/proof-utils.ts
FN:48,(anonymous_0)
FN:58,(anonymous_1)
FN:119,(anonymous_2)
FN:144,(anonymous_3)
FN:172,(anonymous_4)
FNF:5
FNH:0
FNDA:0,(anonymous_0)
FNDA:0,(anonymous_1)
FNDA:0,(anonymous_2)
FNDA:0,(anonymous_3)
FNDA:0,(anonymous_4)
DA:6,0
DA:7,0
DA:48,0
DA:49,0
DA:63,0
DA:68,0
DA:70,0
DA:71,0
DA:72,0
DA:82,0
DA:85,0
DA:88,0
DA:90,0
DA:97,0
DA:102,0
DA:104,0
DA:108,0
DA:124,0
DA:146,0
DA:174,0
DA:184,0
LF:21
LH:0
BRDA:71,0,0,0
BRDA:71,0,1,0
BRDA:92,1,0,0
BRDA:92,1,1,0
BRDA:93,2,0,0
BRDA:93,2,1,0
BRDA:175,3,0,0
BRDA:175,3,1,0
BRDA:175,3,2,0
BRDA:175,3,3,0
BRF:10
BRH:0
end_of_record
TN:
SF:circuits/src/lib/verification-utils.ts
FN:34,validateCredential
FN:100,isValidDate
FN:108,isExpired
FN:117,isValidAchievementLevel
FN:131,generateNullifier
FN:168,verifyCredentialAuthenticity
FN:204,isCredentialActive
FN:222,getCredentialStatus
FNF:8
FNH:0
FNDA:0,validateCredential
FNDA:0,isValidDate
FNDA:0,isExpired
FNDA:0,isValidAchievementLevel
FNDA:0,generateNullifier
FNDA:0,verifyCredentialAuthenticity
FNDA:0,isCredentialActive
FNDA:0,getCredentialStatus
DA:6,0
DA:34,0
DA:38,0
DA:40,0
DA:42,0
DA:45,0
DA:46,0
DA:47,0
DA:48,0
DA:49,0
DA:50,0
DA:51,0
DA:52,0
DA:53,0
DA:56,0
DA:57,0
DA:59,0
DA:60,0
DA:62,0
DA:63,0
DA:67,0
DA:68,0
DA:72,0
DA:76,0
DA:79,0
DA:81,0
DA:83,0
DA:84,0
DA:91,0
DA:101,0
DA:102,0
DA:109,0
DA:110,0
DA:111,0
DA:118,0
DA:125,0
DA:131,0
DA:135,0
DA:137,0
DA:138,0
DA:145,0
DA:146,0
DA:150,0
DA:155,0
DA:157,0
DA:161,0
DA:168,0
DA:172,0
DA:174,0
DA:175,0
DA:182,0
DA:184,0
DA:191,0
DA:193,0
DA:197,0
DA:204,0
DA:205,0
DA:207,0
DA:208,0
DA:210,0
DA:216,0
DA:222,0
DA:223,0
DA:227,0
DA:228,0
DA:229,0
DA:230,0
DA:232,0
DA:235,0
DA:242,0
LF:70
LH:0
BRDA:45,0,0,0
BRDA:45,0,1,0
BRDA:46,1,0,0
BRDA:46,1,1,0
BRDA:47,2,0,0
BRDA:47,2,1,0
BRDA:48,3,0,0
BRDA:48,3,1,0
BRDA:50,4,0,0
BRDA:50,4,1,0
BRDA:51,5,0,0
BRDA:51,5,1,0
BRDA:52,6,0,0
BRDA:52,6,1,0
BRDA:53,7,0,0
BRDA:53,7,1,0
BRDA:56,8,0,0
BRDA:56,8,1,0
BRDA:56,9,0,0
BRDA:56,9,1,0
BRDA:59,10,0,0
BRDA:59,10,1,0
BRDA:59,11,0,0
BRDA:59,11,1,0
BRDA:62,12,0,0
BRDA:62,12,1,0
BRDA:62,13,0,0
BRDA:62,13,1,0
BRDA:67,14,0,0
BRDA:67,14,1,0
BRDA:67,15,0,0
BRDA:67,15,1,0
BRDA:72,16,0,0
BRDA:72,16,1,0
BRDA:73,17,0,0
BRDA:73,17,1,0
BRDA:83,18,0,0
BRDA:83,18,1,0
BRDA:102,19,0,0
BRDA:102,19,1,0
BRDA:133,20,0,0
BRDA:227,21,0,0
BRDA:227,21,1,0
BRDA:229,22,0,0
BRDA:229,22,1,0
BRF:45
BRH:0
end_of_record
