TN:
SF:circuits/src/index.ts
FNF:0
FNH:0
DA:17,1
DA:18,1
DA:21,1
DA:24,1
DA:27,1
DA:30,1
LF:6
LH:6
BRF:0
BRH:0
end_of_record
TN:
SF:circuits/src/__tests__/utils/circuit-test-utils.ts
FN:35,(anonymous_0)
FN:65,(anonymous_1)
FN:81,(anonymous_2)
FN:91,(anonymous_3)
FN:117,(anonymous_4)
FN:152,(anonymous_5)
FN:227,(anonymous_6)
FN:234,(anonymous_7)
FN:242,(anonymous_8)
FN:243,(anonymous_9)
FN:246,(anonymous_10)
FN:247,(anonymous_11)
FN:260,(anonymous_12)
FN:266,(anonymous_13)
FN:276,(anonymous_14)
FN:279,(anonymous_15)
FN:285,(anonymous_16)
FN:323,(anonymous_17)
FN:324,(anonymous_18)
FN:333,(anonymous_19)
FN:383,(anonymous_21)
FN:397,(anonymous_22)
FN:400,(anonymous_23)
FN:407,(anonymous_24)
FN:413,(anonymous_25)
FNF:25
FNH:0
FNDA:0,(anonymous_0)
FNDA:0,(anonymous_1)
FNDA:0,(anonymous_2)
FNDA:0,(anonymous_3)
FNDA:0,(anonymous_4)
FNDA:0,(anonymous_5)
FNDA:0,(anonymous_6)
FNDA:0,(anonymous_7)
FNDA:0,(anonymous_8)
FNDA:0,(anonymous_9)
FNDA:0,(anonymous_10)
FNDA:0,(anonymous_11)
FNDA:0,(anonymous_12)
FNDA:0,(anonymous_13)
FNDA:0,(anonymous_14)
FNDA:0,(anonymous_15)
FNDA:0,(anonymous_16)
FNDA:0,(anonymous_17)
FNDA:0,(anonymous_18)
FNDA:0,(anonymous_19)
FNDA:0,(anonymous_21)
FNDA:0,(anonymous_22)
FNDA:0,(anonymous_23)
FNDA:0,(anonymous_24)
FNDA:0,(anonymous_25)
DA:6,0
DA:7,0
DA:31,0
DA:36,0
DA:37,0
DA:39,0
DA:45,0
DA:46,0
DA:47,0
DA:49,0
DA:54,0
DA:55,0
DA:59,0
DA:69,0
DA:71,0
DA:76,0
DA:78,0
DA:81,0
DA:85,0
DA:92,0
DA:93,0
DA:95,0
DA:97,0
DA:98,0
DA:99,0
DA:101,0
DA:106,0
DA:107,0
DA:111,0
DA:122,0
DA:123,0
DA:125,0
DA:127,0
DA:128,0
DA:129,0
DA:131,0
DA:136,0
DA:141,0
DA:146,0
DA:156,0
DA:157,0
DA:159,0
DA:161,0
DA:162,0
DA:163,0
DA:164,0
DA:168,0
DA:174,0
DA:175,0
DA:177,0
DA:185,0
DA:190,0
DA:195,0
DA:197,0
DA:198,0
DA:200,0
DA:204,0
DA:213,0
DA:231,0
DA:233,0
DA:235,0
DA:239,0
DA:241,0
DA:242,0
DA:243,0
DA:245,0
DA:246,0
DA:247,0
DA:249,0
DA:264,0
DA:266,0
DA:277,0
DA:279,0
DA:296,0
DA:298,0
DA:299,0
DA:301,0
DA:303,0
DA:304,0
DA:306,0
DA:307,0
DA:309,0
DA:310,0
DA:312,0
DA:313,0
DA:316,0
DA:317,0
DA:320,0
DA:323,0
DA:324,0
DA:338,0
DA:339,0
DA:340,0
DA:342,0
DA:350,0
DA:370,0
DA:377,0
DA:378,0
DA:379,0
DA:380,0
DA:381,0
DA:383,0
DA:384,0
DA:385,0
DA:386,0
DA:387,0
DA:389,0
DA:390,0
DA:392,0
DA:393,0
DA:397,0
DA:398,0
DA:400,0
DA:401,0
DA:405,0
DA:406,0
DA:407,0
DA:410,0
DA:412,0
DA:413,0
DA:417,0
LF:121
LH:0
BRDA:67,0,0,0
BRDA:154,1,0,0
BRDA:229,2,0,0
BRDA:262,3,0,0
BRDA:287,4,0,0
BRDA:301,5,0,0
BRDA:301,5,1,0
BRDA:301,5,2,0
BRDA:301,5,3,0
BRDA:362,6,0,0
BRDA:412,7,0,0
BRDA:412,7,1,0
BRF:12
BRH:0
end_of_record
TN:
SF:circuits/src/__tests__/utils/mock-data.ts
FN:568,(anonymous_0)
FN:576,(anonymous_1)
FN:584,(anonymous_2)
FN:592,(anonymous_3)
FNF:4
FNH:0
FNDA:0,(anonymous_0)
FNDA:0,(anonymous_1)
FNDA:0,(anonymous_2)
FNDA:0,(anonymous_3)
DA:6,0
DA:208,0
DA:221,0
DA:235,0
DA:248,0
DA:256,0
DA:280,0
DA:319,0
DA:327,0
DA:565,0
DA:568,0
DA:576,0
DA:584,0
DA:592,0
LF:14
LH:0
BRF:0
BRH:0
end_of_record
TN:
SF:circuits/src/lib/circuit-utils.ts
FN:27,compileCircuit
FN:82,getDefaultCircuitConfig
FN:93,circuitFilesExist
FN:120,cleanCircuitFiles
FN:133,(anonymous_4)
FNF:5
FNH:5
FNDA:8,compileCircuit
FNDA:1,getDefaultCircuitConfig
FNDA:6,circuitFilesExist
FNDA:3,cleanCircuitFiles
FNDA:15,(anonymous_4)
DA:6,2
DA:7,2
DA:8,2
DA:9,2
DA:27,2
DA:30,8
DA:31,8
DA:33,8
DA:36,8
DA:37,6
DA:38,5
DA:41,6
DA:43,6
DA:44,6
DA:46,6
DA:48,5
DA:49,5
DA:51,5
DA:58,5
DA:59,5
DA:64,5
DA:66,1
DA:67,1
DA:69,1
DA:70,1
DA:75,1
DA:82,2
DA:83,1
DA:93,2
DA:94,6
DA:96,6
DA:97,6
DA:98,6
DA:100,6
DA:101,6
DA:102,6
DA:104,6
DA:106,6
DA:114,6
DA:120,2
DA:121,3
DA:123,3
DA:131,3
DA:133,3
DA:134,15
DA:135,10
DA:136,10
DA:137,5
DA:138,5
DA:140,5
DA:145,3
LF:51
LH:51
BRDA:36,0,0,6
BRDA:36,0,1,1
BRDA:104,1,0,6
BRDA:104,1,1,5
BRDA:104,1,2,5
BRDA:134,2,0,10
BRDA:134,2,1,5
BRF:7
BRH:7
end_of_record
TN:
SF:circuits/src/lib/logger.ts
FN:77,(anonymous_0)
FN:83,(anonymous_1)
FN:110,createCircuitLogger
FN:124,(anonymous_3)
FN:131,(anonymous_4)
FN:138,(anonymous_5)
FN:145,(anonymous_6)
FN:152,(anonymous_7)
FN:160,(anonymous_8)
FN:169,(anonymous_9)
FN:178,(anonymous_10)
FN:188,(anonymous_11)
FN:195,(anonymous_12)
FN:203,(anonymous_13)
FN:213,(anonymous_14)
FN:220,(anonymous_15)
FN:233,(anonymous_16)
FN:243,(anonymous_17)
FN:250,(anonymous_18)
FN:263,(anonymous_19)
FN:273,(anonymous_20)
FN:280,(anonymous_21)
FN:288,(anonymous_22)
FN:299,(anonymous_23)
FN:307,(anonymous_24)
FN:318,(anonymous_25)
FNF:26
FNH:26
FNDA:234,(anonymous_0)
FNDA:219,(anonymous_1)
FNDA:150,createCircuitLogger
FNDA:148,(anonymous_3)
FNDA:194,(anonymous_4)
FNDA:4,(anonymous_5)
FNDA:4,(anonymous_6)
FNDA:3,(anonymous_7)
FNDA:3,(anonymous_8)
FNDA:3,(anonymous_9)
FNDA:1,(anonymous_10)
FNDA:3,(anonymous_11)
FNDA:3,(anonymous_12)
FNDA:1,(anonymous_13)
FNDA:2,(anonymous_14)
FNDA:2,(anonymous_15)
FNDA:1,(anonymous_16)
FNDA:1,(anonymous_17)
FNDA:2,(anonymous_18)
FNDA:1,(anonymous_19)
FNDA:1,(anonymous_20)
FNDA:1,(anonymous_21)
FNDA:1,(anonymous_22)
FNDA:3,(anonymous_23)
FNDA:4,(anonymous_24)
FNDA:4,(anonymous_25)
DA:6,12
DA:15,12
DA:70,12
DA:79,234
DA:80,234
DA:83,234
DA:84,219
DA:90,2
DA:94,234
DA:96,0
DA:103,12
DA:110,12
DA:111,150
DA:121,12
DA:125,148
DA:132,194
DA:139,4
DA:146,4
DA:153,3
DA:161,3
DA:170,3
DA:179,1
DA:189,3
DA:196,3
DA:204,1
DA:214,2
DA:225,2
DA:234,1
DA:244,1
DA:255,2
DA:264,1
DA:274,1
DA:281,1
DA:289,1
DA:300,3
DA:308,4
DA:319,4
DA:330,12
LF:38
LH:37
BRDA:72,0,0,12
BRDA:72,0,1,12
BRDA:75,1,0,12
BRDA:75,1,1,0
BRDA:79,2,0,234
BRDA:79,2,1,0
BRDA:79,3,0,234
BRDA:79,3,1,234
BRDA:84,4,0,2
BRDA:84,4,1,217
BRDA:85,5,0,219
BRDA:85,5,1,219
BRDA:85,5,2,219
BRDA:85,5,3,218
BRDA:172,6,0,3
BRDA:172,6,1,0
BRDA:173,7,0,3
BRDA:173,7,1,0
BRF:18
BRH:14
end_of_record
TN:
SF:circuits/src/lib/networks.ts
FN:75,getNetwork
FN:91,getAvailableNetworks
FNF:2
FNH:2
FNDA:32,getNetwork
FNDA:15,getAvailableNetworks
DA:16,4
DA:75,4
DA:79,32
DA:80,32
DA:84,14
DA:88,18
DA:91,4
DA:92,15
DA:93,15
LF:9
LH:9
BRDA:22,0,0,4
BRDA:22,0,1,3
BRDA:29,1,0,4
BRDA:29,1,1,4
BRDA:36,2,0,4
BRDA:36,2,1,4
BRDA:43,3,0,4
BRDA:43,3,1,4
BRDA:52,4,0,4
BRDA:52,4,1,4
BRDA:59,5,0,4
BRDA:59,5,1,3
BRDA:65,6,0,4
BRDA:65,6,1,4
BRDA:70,7,0,4
BRDA:70,7,1,4
BRDA:80,8,0,14
BRDA:80,8,1,18
BRDA:81,9,0,32
BRDA:81,9,1,28
BRDA:93,10,0,8
BRDA:93,10,1,7
BRF:22
BRH:22
end_of_record
TN:
SF:circuits/src/lib/proof-utils.ts
FN:48,(anonymous_0)
FN:58,(anonymous_1)
FN:119,(anonymous_2)
FN:144,(anonymous_3)
FN:172,(anonymous_4)
FNF:5
FNH:5
FNDA:21,(anonymous_0)
FNDA:19,(anonymous_1)
FNDA:19,(anonymous_2)
FNDA:17,(anonymous_3)
FNDA:20,(anonymous_4)
DA:6,2
DA:7,2
DA:48,2
DA:49,21
DA:63,19
DA:68,19
DA:70,19
DA:71,18
DA:72,1
DA:82,17
DA:85,17
DA:88,16
DA:90,15
DA:97,15
DA:102,15
DA:104,3
DA:108,3
DA:124,19
DA:146,17
DA:174,20
DA:180,4
DA:182,16
DA:187,2
LF:23
LH:23
BRDA:71,0,0,1
BRDA:71,0,1,17
BRDA:92,1,0,15
BRDA:92,1,1,0
BRDA:93,2,0,15
BRDA:93,2,1,0
BRDA:174,3,0,4
BRDA:174,3,1,16
BRDA:175,4,0,20
BRDA:175,4,1,18
BRDA:175,4,2,17
BRDA:175,4,3,17
BRF:12
BRH:10
end_of_record
TN:
SF:circuits/src/lib/verification-utils.ts
FN:27,validateCredential
FN:93,isValidDate
FN:135,isExpired
FN:144,isValidAchievementLevel
FN:161,generateNullifier
FN:209,verifyCredentialAuthenticity
FN:253,isCredentialActive
FN:276,getCredentialStatus
FNF:8
FNH:8
FNDA:29,validateCredential
FNDA:86,isValidDate
FNDA:29,isExpired
FNDA:28,isValidAchievementLevel
FNDA:18,generateNullifier
FNDA:11,verifyCredentialAuthenticity
FNDA:2,isCredentialActive
FNDA:2,getCredentialStatus
DA:6,2
DA:27,2
DA:31,29
DA:33,29
DA:35,29
DA:38,29
DA:39,29
DA:40,29
DA:41,29
DA:42,1
DA:43,29
DA:44,29
DA:45,29
DA:46,29
DA:49,29
DA:50,9
DA:52,29
DA:53,0
DA:55,29
DA:56,4
DA:60,29
DA:61,5
DA:65,29
DA:69,8
DA:72,29
DA:74,29
DA:76,29
DA:77,17
DA:84,29
DA:95,86
DA:96,86
DA:97,11
DA:101,75
DA:102,75
DA:103,75
DA:104,75
DA:107,75
DA:108,0
DA:112,75
DA:113,1
DA:117,74
DA:118,0
DA:122,74
DA:125,74
DA:136,29
DA:137,29
DA:138,29
DA:145,28
DA:152,28
DA:156,2
DA:161,2
DA:165,18
DA:167,16
DA:169,16
DA:170,0
DA:175,16
DA:176,16
DA:180,16
DA:186,16
DA:187,16
DA:191,15
DA:196,15
DA:198,1
DA:202,1
DA:209,2
DA:213,11
DA:215,6
DA:217,6
DA:218,0
DA:220,6
DA:221,0
DA:224,6
DA:231,6
DA:233,6
DA:240,6
DA:242,0
DA:246,0
DA:253,2
DA:254,2
DA:257,0
DA:258,0
DA:261,0
DA:262,0
DA:264,0
DA:270,0
DA:276,2
DA:277,2
DA:280,0
DA:281,0
DA:286,0
DA:287,0
DA:288,0
DA:289,0
DA:291,0
DA:294,0
DA:301,0
LF:96
LH:73
BRDA:38,0,0,5
BRDA:38,0,1,24
BRDA:39,1,0,5
BRDA:39,1,1,24
BRDA:40,2,0,4
BRDA:40,2,1,25
BRDA:41,3,0,1
BRDA:41,3,1,28
BRDA:43,4,0,1
BRDA:43,4,1,28
BRDA:44,5,0,0
BRDA:44,5,1,29
BRDA:45,6,0,4
BRDA:45,6,1,25
BRDA:46,7,0,0
BRDA:46,7,1,29
BRDA:49,8,0,9
BRDA:49,8,1,20
BRDA:49,9,0,29
BRDA:49,9,1,28
BRDA:52,10,0,0
BRDA:52,10,1,29
BRDA:52,11,0,29
BRDA:52,11,1,29
BRDA:55,12,0,4
BRDA:55,12,1,25
BRDA:55,13,0,29
BRDA:55,13,1,29
BRDA:60,14,0,5
BRDA:60,14,1,24
BRDA:60,15,0,29
BRDA:60,15,1,29
BRDA:65,16,0,8
BRDA:65,16,1,21
BRDA:66,17,0,29
BRDA:66,17,1,28
BRDA:76,18,0,17
BRDA:76,18,1,12
BRDA:96,19,0,11
BRDA:96,19,1,75
BRDA:107,20,0,0
BRDA:107,20,1,75
BRDA:107,21,0,75
BRDA:107,21,1,75
BRDA:107,21,2,75
BRDA:112,22,0,1
BRDA:112,22,1,74
BRDA:112,23,0,75
BRDA:112,23,1,75
BRDA:117,24,0,0
BRDA:117,24,1,74
BRDA:117,25,0,74
BRDA:117,25,1,74
BRDA:126,26,0,74
BRDA:126,26,1,74
BRDA:126,26,2,73
BRDA:163,27,0,14
BRDA:169,28,0,0
BRDA:169,28,1,16
BRDA:176,29,0,12
BRDA:176,29,1,4
BRDA:217,30,0,0
BRDA:217,30,1,6
BRDA:220,31,0,0
BRDA:220,31,1,6
BRDA:220,32,0,6
BRDA:220,32,1,6
BRDA:257,33,0,0
BRDA:257,33,1,0
BRDA:280,34,0,0
BRDA:280,34,1,0
BRDA:286,35,0,0
BRDA:286,35,1,0
BRDA:288,36,0,0
BRDA:288,36,1,0
BRF:75
BRH:59
end_of_record
